#
# There is insufficient memory for the Java Runtime Environment to continue.
# Native memory allocation (mmap) failed to map 448790528 bytes for G1 virtual space
# Possible reasons:
#   The system is out of physical RAM or swap space
#   The process is running with CompressedOops enabled, and the Java Heap may be blocking the growth of the native heap
# Possible solutions:
#   Reduce memory load on the system
#   Increase physical memory or swap space
#   Check if swap backing store is full
#   Decrease Java heap size (-Xmx/-Xms)
#   Decrease number of Java threads
#   Decrease Java thread stack sizes (-Xss)
#   Set larger code cache with -XX:ReservedCodeCacheSize=
#   JVM is running with Zero Based Compressed Oops mode in which the Java heap is
#     placed in the first 32GB address space. The Java Heap base address is the
#     maximum limit for the native heap growth. Please use -XX:HeapBaseMinAddress
#     to set the Java Heap base and to place the Java Heap above 32GB virtual address.
# This output file may be truncated or incomplete.
#
#  Out of Memory Error (os_windows.cpp:3771), pid=6408, tid=7728
#
# JRE version: OpenJDK Runtime Environment (17.0.7) (build 17.0.7+0-b2043.56-10550314)
# Java VM: OpenJDK 64-Bit Server VM (17.0.7+0-b2043.56-10550314, mixed mode, tiered, compressed oops, compressed class ptrs, g1 gc, windows-amd64)
# No core dump will be written. Minidumps are not enabled by default on client versions of Windows
#

---------------  S U M M A R Y ------------

Command Line: --add-opens=java.base/java.util=ALL-UNNAMED --add-opens=java.base/java.lang=ALL-UNNAMED --add-opens=java.base/java.lang.invoke=ALL-UNNAMED --add-opens=java.prefs/java.util.prefs=ALL-UNNAMED --add-opens=java.base/java.nio.charset=ALL-UNNAMED --add-opens=java.base/java.net=ALL-UNNAMED --add-opens=java.base/java.util.concurrent.atomic=ALL-UNNAMED -Xmx4G -Dfile.encoding=windows-1252 -Duser.country=US -Duser.language=en -Duser.variant org.gradle.launcher.daemon.bootstrap.GradleDaemon 7.6.3

Host: AMD A6-9220C RADEON R5, 5 COMPUTE CORES 2C+3G  , 2 cores, 3G,  Windows 11 , 64 bit Build 22000 (10.0.22000.2538)
Time: Wed Feb 28 20:51:38 2024 Malay Peninsula Standard Time elapsed time: 2005.763735 seconds (0d 0h 33m 25s)

---------------  T H R E A D  ---------------

Current thread (0x00000234fed65b50):  VMThread "VM Thread" [stack: 0x000000bdc8a00000,0x000000bdc8b00000] [id=7728]

Stack: [0x000000bdc8a00000,0x000000bdc8b00000]
Native frames: (J=compiled Java code, j=interpreted, Vv=VM code, C=native code)
V  [jvm.dll+0x683bfa]
V  [jvm.dll+0x8430a4]
V  [jvm.dll+0x8449be]
V  [jvm.dll+0x845023]
V  [jvm.dll+0x24ad2f]
V  [jvm.dll+0x680ac9]
V  [jvm.dll+0x67519a]
V  [jvm.dll+0x30b3cb]
V  [jvm.dll+0x312876]
V  [jvm.dll+0x36221e]
V  [jvm.dll+0x36244f]
V  [jvm.dll+0x2e14a8]
V  [jvm.dll+0x2df684]
V  [jvm.dll+0x2dec8c]
V  [jvm.dll+0x32382b]
V  [jvm.dll+0x8496eb]
V  [jvm.dll+0x84a424]
V  [jvm.dll+0x84a93d]
V  [jvm.dll+0x84ad14]
V  [jvm.dll+0x84ade0]
V  [jvm.dll+0x7f2aea]
V  [jvm.dll+0x682a35]
C  [ucrtbase.dll+0x26c0c]
C  [KERNEL32.DLL+0x153e0]
C  [ntdll.dll+0x485b]

VM_Operation (0x000000bdcabfdf90): G1CollectForAllocation, mode: safepoint, requested by thread 0x000002348697ac90


---------------  P R O C E S S  ---------------

Threads class SMR info:
_java_thread_list=0x0000023489a2ff30, length=63, elements={
0x00000234e2edc600, 0x00000234fed89260, 0x00000234fed8a0d0, 0x00000234fedb68f0,
0x00000234fedb7560, 0x00000234fed6f860, 0x00000234fed70210, 0x00000234fed72f00,
0x00000234fed739a0, 0x00000234fed75310, 0x00000234ff031030, 0x00000234ff031500,
0x0000023486977a10, 0x0000023486e9fe40, 0x0000023486ea0620, 0x00000234ff175040,
0x00000234ff173360, 0x00000234ff173d00, 0x00000234ff1759e0, 0x00000234ff1724f0,
0x000002348697a2f0, 0x000002348697bb00, 0x000002348697b160, 0x0000023486978fb0,
0x000002348697e180, 0x000002348697b630, 0x000002348697ce40, 0x000002348697bfd0,
0x000002348697d7e0, 0x000002348697c4a0, 0x000002348697c970, 0x000002348697a7c0,
0x000002348697eb20, 0x000002348697d310, 0x0000023486979480, 0x000002348697ac90,
0x000002348697eff0, 0x0000023486979950, 0x000002348697dcb0, 0x000002348697f4c0,
0x0000023489135ec0, 0x0000023489133370, 0x0000023489138070, 0x0000023489138540,
0x0000023489136860, 0x0000023489133840, 0x0000023489136d30, 0x0000023489138a10,
0x0000023489138ee0, 0x00000234891341e0, 0x00000234891346b0, 0x0000023489134b80,
0x00000234891393b0, 0x00000234ff1729c0, 0x00000234ff34a720, 0x00000234ff348a40,
0x00000234ff348570, 0x00000234ff348f10, 0x00000234ff347700, 0x00000234ff3493e0,
0x00000234ff347bd0, 0x00000234ff34e5b0, 0x00000234ff349d80
}

Java Threads: ( => current thread )
  0x00000234e2edc600 JavaThread "main" [_thread_blocked, id=11444, stack(0x000000bdc8400000,0x000000bdc8500000)]
  0x00000234fed89260 JavaThread "Reference Handler" daemon [_thread_blocked, id=7872, stack(0x000000bdc8b00000,0x000000bdc8c00000)]
  0x00000234fed8a0d0 JavaThread "Finalizer" daemon [_thread_blocked, id=1296, stack(0x000000bdc8c00000,0x000000bdc8d00000)]
  0x00000234fedb68f0 JavaThread "Signal Dispatcher" daemon [_thread_blocked, id=6692, stack(0x000000bdc8d00000,0x000000bdc8e00000)]
  0x00000234fedb7560 JavaThread "Attach Listener" daemon [_thread_blocked, id=340, stack(0x000000bdc8e00000,0x000000bdc8f00000)]
  0x00000234fed6f860 JavaThread "Service Thread" daemon [_thread_blocked, id=4868, stack(0x000000bdc8f00000,0x000000bdc9000000)]
  0x00000234fed70210 JavaThread "Monitor Deflation Thread" daemon [_thread_blocked, id=12256, stack(0x000000bdc9000000,0x000000bdc9100000)]
  0x00000234fed72f00 JavaThread "C2 CompilerThread0" daemon [_thread_blocked, id=11352, stack(0x000000bdc9100000,0x000000bdc9200000)]
  0x00000234fed739a0 JavaThread "C1 CompilerThread0" daemon [_thread_blocked, id=11124, stack(0x000000bdc9200000,0x000000bdc9300000)]
  0x00000234fed75310 JavaThread "Sweeper thread" daemon [_thread_blocked, id=8816, stack(0x000000bdc9300000,0x000000bdc9400000)]
  0x00000234ff031030 JavaThread "Common-Cleaner" daemon [_thread_blocked, id=8336, stack(0x000000bdc9400000,0x000000bdc9500000)]
  0x00000234ff031500 JavaThread "Notification Thread" daemon [_thread_blocked, id=11212, stack(0x000000bdc9500000,0x000000bdc9600000)]
  0x0000023486977a10 JavaThread "Daemon health stats" [_thread_blocked, id=5324, stack(0x000000bdc9800000,0x000000bdc9900000)]
  0x0000023486e9fe40 JavaThread "Incoming local TCP Connector on port 58093" [_thread_in_native, id=4272, stack(0x000000bdc9900000,0x000000bdc9a00000)]
  0x0000023486ea0620 JavaThread "Daemon periodic checks" [_thread_blocked, id=2600, stack(0x000000bdc9a00000,0x000000bdc9b00000)]
  0x00000234ff175040 JavaThread "Cache worker for journal cache (C:\Users\USER\.gradle\caches\journal-1)" [_thread_blocked, id=3464, stack(0x000000bdca200000,0x000000bdca300000)]
  0x00000234ff173360 JavaThread "File lock request listener" [_thread_in_native, id=6076, stack(0x000000bdca300000,0x000000bdca400000)]
  0x00000234ff173d00 JavaThread "Cache worker for file hash cache (C:\Users\USER\.gradle\caches\7.6.3\fileHashes)" [_thread_blocked, id=5488, stack(0x000000bdca400000,0x000000bdca500000)]
  0x00000234ff1759e0 JavaThread "File watcher server" daemon [_thread_in_native, id=4976, stack(0x000000bdca600000,0x000000bdca700000)]
  0x00000234ff1724f0 JavaThread "File watcher consumer" daemon [_thread_blocked, id=7316, stack(0x000000bdca700000,0x000000bdca800000)]
  0x000002348697a2f0 JavaThread "Cache worker for file content cache (C:\Users\USER\.gradle\caches\7.6.3\fileContent)" [_thread_blocked, id=2988, stack(0x000000bdcaa00000,0x000000bdcab00000)]
  0x000002348697bb00 JavaThread "Cache worker for execution history cache (C:\Users\USER\.gradle\caches\7.6.3\executionHistory)" [_thread_blocked, id=8544, stack(0x000000bdcad00000,0x000000bdcae00000)]
  0x000002348697b160 JavaThread "jar transforms" [_thread_blocked, id=2916, stack(0x000000bdcb100000,0x000000bdcb200000)]
  0x0000023486978fb0 JavaThread "Cache worker for kotlin-dsl (C:\Users\USER\.gradle\caches\7.6.3\kotlin-dsl)" [_thread_blocked, id=5412, stack(0x000000bdc8200000,0x000000bdc8300000)]
  0x000002348697e180 JavaThread "Daemon Thread 2" [_thread_blocked, id=1188, stack(0x000000bdc8300000,0x000000bdc8400000)]
  0x000002348697b630 JavaThread "Handler for socket connection from /127.0.0.1:58093 to /127.0.0.1:58762" [_thread_in_native, id=4596, stack(0x000000bdc9b00000,0x000000bdc9c00000)]
  0x000002348697ce40 JavaThread "Cancel handler" [_thread_blocked, id=3984, stack(0x000000bdc9c00000,0x000000bdc9d00000)]
  0x000002348697bfd0 JavaThread "Daemon worker Thread 2" [_thread_blocked, id=9876, stack(0x000000bdc9d00000,0x000000bdc9e00000)]
  0x000002348697d7e0 JavaThread "Asynchronous log dispatcher for DefaultDaemonConnection: socket connection from /127.0.0.1:58093 to /127.0.0.1:58762" [_thread_blocked, id=4356, stack(0x000000bdc9e00000,0x000000bdc9f00000)]
  0x000002348697c4a0 JavaThread "Stdin handler" [_thread_blocked, id=2260, stack(0x000000bdc9f00000,0x000000bdca000000)]
  0x000002348697c970 JavaThread "Daemon client event forwarder" [_thread_blocked, id=10752, stack(0x000000bdca000000,0x000000bdca100000)]
  0x000002348697a7c0 JavaThread "Cache worker for checksums cache (D:\SEMESTER 4\belajar_flutter\android\.gradle\7.6.3\checksums)" [_thread_blocked, id=2696, stack(0x000000bdca100000,0x000000bdca200000)]
  0x000002348697eb20 JavaThread "Cache worker for cache directory md-rule (C:\Users\USER\.gradle\caches\7.6.3\md-rule)" [_thread_blocked, id=9512, stack(0x000000bdca500000,0x000000bdca600000)]
  0x000002348697d310 JavaThread "Cache worker for file hash cache (D:\SEMESTER 4\belajar_flutter\android\.gradle\7.6.3\fileHashes)" [_thread_blocked, id=9144, stack(0x000000bdca800000,0x000000bdca900000)]
  0x0000023486979480 JavaThread "Cache worker for cache directory md-supplier (C:\Users\USER\.gradle\caches\7.6.3\md-supplier)" [_thread_blocked, id=10136, stack(0x000000bdca900000,0x000000bdcaa00000)]
  0x000002348697ac90 JavaThread "jar transforms Thread 2" [_thread_blocked, id=7612, stack(0x000000bdcab00000,0x000000bdcac00000)]
  0x000002348697eff0 JavaThread "Cache worker for dependencies-accessors (D:\SEMESTER 4\belajar_flutter\android\.gradle\7.6.3\dependencies-accessors)" [_thread_blocked, id=12052, stack(0x000000bdcac00000,0x000000bdcad00000)]
  0x0000023486979950 JavaThread "Cache worker for Build Output Cleanup Cache (C:\flutter\packages\flutter_tools\gradle\.gradle\buildOutputCleanup)" [_thread_blocked, id=4008, stack(0x000000bdcaf00000,0x000000bdcb000000)]
  0x000002348697dcb0 JavaThread "Memory manager" [_thread_blocked, id=9112, stack(0x000000bdcb000000,0x000000bdcb100000)]
  0x000002348697f4c0 JavaThread "Kotlin DSL Writer" [_thread_blocked, id=9360, stack(0x000000bdcb200000,0x000000bdcb300000)]
  0x0000023489135ec0 JavaThread "Execution worker" [_thread_blocked, id=6212, stack(0x000000bdcb500000,0x000000bdcb600000)]
  0x0000023489133370 JavaThread "Cache worker for execution history cache (C:\flutter\packages\flutter_tools\gradle\.gradle\7.6.3\executionHistory)" [_thread_blocked, id=7832, stack(0x000000bdcb600000,0x000000bdcb700000)]
  0x0000023489138070 JavaThread "Unconstrained build operations" [_thread_blocked, id=10824, stack(0x000000bdcb700000,0x000000bdcb800000)]
  0x0000023489138540 JavaThread "Unconstrained build operations Thread 2" [_thread_blocked, id=6928, stack(0x000000bdcb800000,0x000000bdcb900000)]
  0x0000023489136860 JavaThread "Unconstrained build operations Thread 3" [_thread_blocked, id=11332, stack(0x000000bdcb900000,0x000000bdcba00000)]
  0x0000023489133840 JavaThread "Unconstrained build operations Thread 4" [_thread_blocked, id=10756, stack(0x000000bdcba00000,0x000000bdcbb00000)]
  0x0000023489136d30 JavaThread "Unconstrained build operations Thread 5" [_thread_blocked, id=11484, stack(0x000000bdcbb00000,0x000000bdcbc00000)]
  0x0000023489138a10 JavaThread "Unconstrained build operations Thread 6" [_thread_blocked, id=10416, stack(0x000000bdcbc00000,0x000000bdcbd00000)]
  0x0000023489138ee0 JavaThread "Unconstrained build operations Thread 7" [_thread_blocked, id=8176, stack(0x000000bdcbd00000,0x000000bdcbe00000)]
  0x00000234891341e0 JavaThread "Unconstrained build operations Thread 8" [_thread_blocked, id=5728, stack(0x000000bdcbe00000,0x000000bdcbf00000)]
  0x00000234891346b0 JavaThread "Unconstrained build operations Thread 9" [_thread_blocked, id=9928, stack(0x000000bdcbf00000,0x000000bdcc000000)]
  0x0000023489134b80 JavaThread "Unconstrained build operations Thread 10" [_thread_blocked, id=11084, stack(0x000000bdcc000000,0x000000bdcc100000)]
  0x00000234891393b0 JavaThread "Unconstrained build operations Thread 11" [_thread_blocked, id=2680, stack(0x000000bdcc100000,0x000000bdcc200000)]
  0x00000234ff1729c0 JavaThread "Unconstrained build operations Thread 12" [_thread_blocked, id=3972, stack(0x000000bdcc200000,0x000000bdcc300000)]
  0x00000234ff34a720 JavaThread "Unconstrained build operations Thread 13" [_thread_blocked, id=648, stack(0x000000bdcc300000,0x000000bdcc400000)]
  0x00000234ff348a40 JavaThread "Unconstrained build operations Thread 14" [_thread_blocked, id=7596, stack(0x000000bdcc400000,0x000000bdcc500000)]
  0x00000234ff348570 JavaThread "Unconstrained build operations Thread 15" [_thread_blocked, id=3344, stack(0x000000bdcc500000,0x000000bdcc600000)]
  0x00000234ff348f10 JavaThread "Unconstrained build operations Thread 16" [_thread_blocked, id=5420, stack(0x000000bdcc600000,0x000000bdcc700000)]
  0x00000234ff347700 JavaThread "Unconstrained build operations Thread 17" [_thread_blocked, id=6480, stack(0x000000bdcc700000,0x000000bdcc800000)]
  0x00000234ff3493e0 JavaThread "Unconstrained build operations Thread 18" [_thread_blocked, id=12084, stack(0x000000bdcc800000,0x000000bdcc900000)]
  0x00000234ff347bd0 JavaThread "Unconstrained build operations Thread 19" [_thread_blocked, id=5132, stack(0x000000bdcc900000,0x000000bdcca00000)]
  0x00000234ff34e5b0 JavaThread "Unconstrained build operations Thread 20" [_thread_blocked, id=7808, stack(0x000000bdcca00000,0x000000bdccb00000)]
  0x00000234ff349d80 JavaThread "File lock release action executor Thread 3" [_thread_blocked, id=1848, stack(0x000000bdcb400000,0x000000bdcb500000)]

Other Threads:
=>0x00000234fed65b50 VMThread "VM Thread" [stack: 0x000000bdc8a00000,0x000000bdc8b00000] [id=7728]
  0x00000234ff0319d0 WatcherThread [stack: 0x000000bdc9600000,0x000000bdc9700000] [id=11276]
  0x00000234e2f48b00 GCTaskThread "GC Thread#0" [stack: 0x000000bdc8500000,0x000000bdc8600000] [id=912]
  0x00000234ff1cb740 GCTaskThread "GC Thread#1" [stack: 0x000000bdc9700000,0x000000bdc9800000] [id=2012]
  0x00000234e2f59a40 ConcurrentGCThread "G1 Main Marker" [stack: 0x000000bdc8600000,0x000000bdc8700000] [id=4388]
  0x00000234e2f5b460 ConcurrentGCThread "G1 Conc#0" [stack: 0x000000bdc8700000,0x000000bdc8800000] [id=12236]
  0x00000234e2fa8180 ConcurrentGCThread "G1 Refine#0" [stack: 0x000000bdc8800000,0x000000bdc8900000] [id=11612]
  0x0000023486b89c70 ConcurrentGCThread "G1 Refine#1" [stack: 0x000000bdcae00000,0x000000bdcaf00000] [id=11488]
  0x00000234e2fa8ba0 ConcurrentGCThread "G1 Service" [stack: 0x000000bdc8900000,0x000000bdc8a00000] [id=6256]

Threads with active compile tasks:
C2 CompilerThread0  2006314 16077       4       org.objectweb.asm.MethodWriter::computeMethodInfoSize (571 bytes)
C1 CompilerThread0  2006314 16089 %     3       org.objectweb.asm.MethodWriter::visitFrame @ 440 (811 bytes)

VM state: at safepoint (normal execution)

VM Mutex/Monitor currently owned by a thread:  ([mutex/lock_event])
[0x00000234e2ed8a30] Threads_lock - owner thread: 0x00000234fed65b50
[0x00000234e2ed7200] Heap_lock - owner thread: 0x000002348697ac90

Heap address: 0x0000000700000000, size: 4096 MB, Compressed Oops mode: Zero based, Oop shift amount: 3

CDS archive(s) not mapped
Compressed class space mapped at: 0x0000000800000000-0x0000000840000000, reserved size: 1073741824
Narrow klass base: 0x0000000800000000, Narrow klass shift: 0, Narrow klass range: 0x40000000

GC Precious Log:
 CPUs: 2 total, 2 available
 Memory: 3973M
 Large Page Support: Disabled
 NUMA Support: Disabled
 Compressed Oops: Enabled (Zero based)
 Heap Region Size: 2M
 Heap Min Capacity: 8M
 Heap Initial Capacity: 64M
 Heap Max Capacity: 4G
 Pre-touch: Disabled
 Parallel Workers: 2
 Concurrent Workers: 1
 Concurrent Refinement Workers: 2
 Periodic GC: Disabled

Heap:
 garbage-first heap   total 319488K, used 85379K [0x0000000700000000, 0x0000000800000000)
  region size 2048K, 1 young (2048K), 1 survivors (2048K)
 Metaspace       used 124023K, committed 124736K, reserved 1179648K
  class space    used 16100K, committed 16448K, reserved 1048576K

Heap Regions: E=young(eden), S=young(survivor), O=old, HS=humongous(starts), HC=humongous(continues), CS=collection set, F=free, OA=open archive, CA=closed archive, TAMS=top-at-mark-start (previous, next)
|   0|0x0000000700000000, 0x0000000700200000, 0x0000000700200000|100%| O|  |TAMS 0x0000000700200000, 0x0000000700000000| Untracked 
|   1|0x0000000700200000, 0x0000000700400000, 0x0000000700400000|100%|HS|  |TAMS 0x0000000700400000, 0x0000000700200000| Complete 
|   2|0x0000000700400000, 0x0000000700600000, 0x0000000700600000|100%|HC|  |TAMS 0x0000000700600000, 0x0000000700400000| Complete 
|   3|0x0000000700600000, 0x0000000700800000, 0x0000000700800000|100%| O|  |TAMS 0x0000000700800000, 0x0000000700600000| Untracked 
|   4|0x0000000700800000, 0x0000000700a00000, 0x0000000700a00000|100%| O|  |TAMS 0x0000000700a00000, 0x0000000700800000| Untracked 
|   5|0x0000000700a00000, 0x0000000700c00000, 0x0000000700c00000|100%| O|  |TAMS 0x0000000700c00000, 0x0000000700a00000| Untracked 
|   6|0x0000000700c00000, 0x0000000700e00000, 0x0000000700e00000|100%| O|  |TAMS 0x0000000700e00000, 0x0000000700c00000| Untracked 
|   7|0x0000000700e00000, 0x0000000701000000, 0x0000000701000000|100%| O|  |TAMS 0x0000000701000000, 0x0000000700e00000| Untracked 
|   8|0x0000000701000000, 0x0000000701200000, 0x0000000701200000|100%| O|  |TAMS 0x0000000701200000, 0x0000000701000000| Untracked 
|   9|0x0000000701200000, 0x0000000701400000, 0x0000000701400000|100%| O|  |TAMS 0x0000000701400000, 0x0000000701200000| Untracked 
|  10|0x0000000701400000, 0x0000000701600000, 0x0000000701600000|100%| O|  |TAMS 0x0000000701600000, 0x0000000701400000| Untracked 
|  11|0x0000000701600000, 0x0000000701800000, 0x0000000701800000|100%| O|  |TAMS 0x0000000701800000, 0x0000000701600000| Untracked 
|  12|0x0000000701800000, 0x0000000701a00000, 0x0000000701a00000|100%| O|  |TAMS 0x0000000701a00000, 0x0000000701800000| Untracked 
|  13|0x0000000701a00000, 0x0000000701c00000, 0x0000000701c00000|100%| O|  |TAMS 0x0000000701c00000, 0x0000000701a00000| Untracked 
|  14|0x0000000701c00000, 0x0000000701e00000, 0x0000000701e00000|100%| O|  |TAMS 0x0000000701e00000, 0x0000000701c00000| Untracked 
|  15|0x0000000701e00000, 0x0000000702000000, 0x0000000702000000|100%| O|  |TAMS 0x0000000702000000, 0x0000000701e00000| Untracked 
|  16|0x0000000702000000, 0x0000000702200000, 0x0000000702200000|100%| O|  |TAMS 0x0000000702200000, 0x0000000702000000| Untracked 
|  17|0x0000000702200000, 0x0000000702400000, 0x0000000702400000|100%| O|  |TAMS 0x0000000702400000, 0x0000000702200000| Untracked 
|  18|0x0000000702400000, 0x0000000702600000, 0x0000000702600000|100%|HS|  |TAMS 0x0000000702600000, 0x0000000702400000| Complete 
|  19|0x0000000702600000, 0x0000000702800000, 0x0000000702800000|100%|HC|  |TAMS 0x0000000702800000, 0x0000000702600000| Complete 
|  20|0x0000000702800000, 0x0000000702a00000, 0x0000000702a00000|100%| O|  |TAMS 0x0000000702a00000, 0x0000000702800000| Untracked 
|  21|0x0000000702a00000, 0x0000000702c00000, 0x0000000702c00000|100%| O|  |TAMS 0x0000000702c00000, 0x0000000702a00000| Untracked 
|  22|0x0000000702c00000, 0x0000000702e00000, 0x0000000702e00000|100%| O|  |TAMS 0x0000000702e00000, 0x0000000702c00000| Untracked 
|  23|0x0000000702e00000, 0x0000000703000000, 0x0000000703000000|100%| O|  |TAMS 0x0000000702e00000, 0x0000000702e00000| Untracked 
|  24|0x0000000703000000, 0x0000000703200000, 0x0000000703200000|100%| O|  |TAMS 0x0000000703200000, 0x0000000703000000| Untracked 
|  25|0x0000000703200000, 0x0000000703400000, 0x0000000703400000|100%| O|  |TAMS 0x0000000703400000, 0x0000000703200000| Untracked 
|  26|0x0000000703400000, 0x0000000703600000, 0x0000000703600000|100%| O|  |TAMS 0x0000000703600000, 0x0000000703400000| Untracked 
|  27|0x0000000703600000, 0x0000000703800000, 0x0000000703800000|100%| O|  |TAMS 0x0000000703800000, 0x0000000703600000| Untracked 
|  28|0x0000000703800000, 0x0000000703a00000, 0x0000000703a00000|100%| O|  |TAMS 0x0000000703a00000, 0x0000000703800000| Untracked 
|  29|0x0000000703a00000, 0x0000000703c00000, 0x0000000703c00000|100%| O|  |TAMS 0x0000000703a00000, 0x0000000703a00000| Untracked 
|  30|0x0000000703c00000, 0x0000000703e00000, 0x0000000703e00000|100%| O|  |TAMS 0x0000000703d0c200, 0x0000000703c00000| Untracked 
|  31|0x0000000703e00000, 0x0000000704000000, 0x0000000704000000|100%| O|  |TAMS 0x0000000703e00000, 0x0000000703e00000| Untracked 
|  32|0x0000000704000000, 0x0000000704200000, 0x0000000704200000|100%| O|  |TAMS 0x0000000704000000, 0x0000000704000000| Untracked 
|  33|0x0000000704200000, 0x0000000704400000, 0x0000000704400000|100%| O|  |TAMS 0x0000000704200000, 0x0000000704200000| Untracked 
|  34|0x0000000704400000, 0x0000000704600000, 0x0000000704600000|100%| O|  |TAMS 0x0000000704600000, 0x0000000704400000| Untracked 
|  35|0x0000000704600000, 0x0000000704800000, 0x0000000704800000|100%| O|  |TAMS 0x0000000704600000, 0x0000000704600000| Untracked 
|  36|0x0000000704800000, 0x0000000704a00000, 0x0000000704a00000|100%| O|  |TAMS 0x0000000704800000, 0x0000000704800000| Untracked 
|  37|0x0000000704a00000, 0x0000000704aa0600, 0x0000000704c00000| 31%| O|  |TAMS 0x0000000704a00000, 0x0000000704a00000| Untracked 
|  38|0x0000000704c00000, 0x0000000704e00000, 0x0000000704e00000|100%| O|  |TAMS 0x0000000704e00000, 0x0000000704c00000| Untracked 
|  39|0x0000000704e00000, 0x0000000704e00000, 0x0000000705000000|  0%| F|  |TAMS 0x0000000704e00000, 0x0000000704e00000| Untracked 
|  40|0x0000000705000000, 0x0000000705000000, 0x0000000705200000|  0%| F|  |TAMS 0x0000000705000000, 0x0000000705000000| Untracked 
|  41|0x0000000705200000, 0x0000000705200000, 0x0000000705400000|  0%| F|  |TAMS 0x0000000705200000, 0x0000000705200000| Untracked 
|  42|0x0000000705400000, 0x0000000705400000, 0x0000000705600000|  0%| F|  |TAMS 0x0000000705400000, 0x0000000705400000| Untracked 
|  43|0x0000000705600000, 0x0000000705600000, 0x0000000705800000|  0%| F|  |TAMS 0x0000000705600000, 0x0000000705600000| Untracked 
|  44|0x0000000705800000, 0x0000000705800000, 0x0000000705a00000|  0%| F|  |TAMS 0x0000000705800000, 0x0000000705800000| Untracked 
|  45|0x0000000705a00000, 0x0000000705a00000, 0x0000000705c00000|  0%| F|  |TAMS 0x0000000705a00000, 0x0000000705a00000| Untracked 
|  46|0x0000000705c00000, 0x0000000705c00000, 0x0000000705e00000|  0%| F|  |TAMS 0x0000000705c00000, 0x0000000705c00000| Untracked 
|  47|0x0000000705e00000, 0x0000000705e00000, 0x0000000706000000|  0%| F|  |TAMS 0x0000000705e00000, 0x0000000705e00000| Untracked 
|  48|0x0000000706000000, 0x0000000706000000, 0x0000000706200000|  0%| F|  |TAMS 0x0000000706000000, 0x0000000706000000| Untracked 
|  49|0x0000000706200000, 0x0000000706200000, 0x0000000706400000|  0%| F|  |TAMS 0x0000000706200000, 0x0000000706200000| Untracked 
|  50|0x0000000706400000, 0x0000000706400000, 0x0000000706600000|  0%| F|  |TAMS 0x0000000706400000, 0x0000000706400000| Untracked 
|  51|0x0000000706600000, 0x0000000706600000, 0x0000000706800000|  0%| F|  |TAMS 0x0000000706600000, 0x0000000706600000| Untracked 
|  52|0x0000000706800000, 0x0000000706800000, 0x0000000706a00000|  0%| F|  |TAMS 0x0000000706800000, 0x0000000706800000| Untracked 
|  53|0x0000000706a00000, 0x0000000706a00000, 0x0000000706c00000|  0%| F|  |TAMS 0x0000000706a00000, 0x0000000706a00000| Untracked 
|  54|0x0000000706c00000, 0x0000000706c00000, 0x0000000706e00000|  0%| F|  |TAMS 0x0000000706c00000, 0x0000000706c00000| Untracked 
|  55|0x0000000706e00000, 0x0000000706e00000, 0x0000000707000000|  0%| F|  |TAMS 0x0000000706e00000, 0x0000000706e00000| Untracked 
|  56|0x0000000707000000, 0x0000000707000000, 0x0000000707200000|  0%| F|  |TAMS 0x0000000707000000, 0x0000000707000000| Untracked 
|  57|0x0000000707200000, 0x0000000707200000, 0x0000000707400000|  0%| F|  |TAMS 0x0000000707200000, 0x0000000707200000| Untracked 
|  58|0x0000000707400000, 0x0000000707400000, 0x0000000707600000|  0%| F|  |TAMS 0x0000000707400000, 0x0000000707400000| Untracked 
|  59|0x0000000707600000, 0x0000000707600000, 0x0000000707800000|  0%| F|  |TAMS 0x0000000707600000, 0x0000000707600000| Untracked 
|  60|0x0000000707800000, 0x0000000707800000, 0x0000000707a00000|  0%| F|  |TAMS 0x0000000707800000, 0x0000000707800000| Untracked 
|  61|0x0000000707a00000, 0x0000000707a00000, 0x0000000707c00000|  0%| F|  |TAMS 0x0000000707a00000, 0x0000000707a00000| Untracked 
|  62|0x0000000707c00000, 0x0000000707c00000, 0x0000000707e00000|  0%| F|  |TAMS 0x0000000707c00000, 0x0000000707c00000| Untracked 
|  63|0x0000000707e00000, 0x0000000707e00000, 0x0000000708000000|  0%| F|  |TAMS 0x0000000707e00000, 0x0000000707e00000| Untracked 
|  64|0x0000000708000000, 0x0000000708000000, 0x0000000708200000|  0%| F|  |TAMS 0x0000000708000000, 0x0000000708000000| Untracked 
|  65|0x0000000708200000, 0x0000000708200000, 0x0000000708400000|  0%| F|  |TAMS 0x0000000708200000, 0x0000000708200000| Untracked 
|  66|0x0000000708400000, 0x0000000708400000, 0x0000000708600000|  0%| F|  |TAMS 0x0000000708400000, 0x0000000708400000| Untracked 
|  67|0x0000000708600000, 0x0000000708600000, 0x0000000708800000|  0%| F|  |TAMS 0x0000000708600000, 0x0000000708600000| Untracked 
|  68|0x0000000708800000, 0x0000000708800000, 0x0000000708a00000|  0%| F|  |TAMS 0x0000000708800000, 0x0000000708800000| Untracked 
|  69|0x0000000708a00000, 0x0000000708a00000, 0x0000000708c00000|  0%| F|  |TAMS 0x0000000708a00000, 0x0000000708a00000| Untracked 
|  70|0x0000000708c00000, 0x0000000708c00000, 0x0000000708e00000|  0%| F|  |TAMS 0x0000000708c00000, 0x0000000708c00000| Untracked 
|  71|0x0000000708e00000, 0x0000000708e00000, 0x0000000709000000|  0%| F|  |TAMS 0x0000000708e00000, 0x0000000708e00000| Untracked 
|  72|0x0000000709000000, 0x0000000709000000, 0x0000000709200000|  0%| F|  |TAMS 0x0000000709000000, 0x0000000709000000| Untracked 
|  73|0x0000000709200000, 0x0000000709200000, 0x0000000709400000|  0%| F|  |TAMS 0x0000000709200000, 0x0000000709200000| Untracked 
|  74|0x0000000709400000, 0x0000000709400000, 0x0000000709600000|  0%| F|  |TAMS 0x0000000709400000, 0x0000000709400000| Untracked 
|  75|0x0000000709600000, 0x0000000709600000, 0x0000000709800000|  0%| F|  |TAMS 0x0000000709600000, 0x0000000709600000| Untracked 
|  76|0x0000000709800000, 0x0000000709800000, 0x0000000709a00000|  0%| F|  |TAMS 0x0000000709800000, 0x0000000709800000| Untracked 
|  77|0x0000000709a00000, 0x0000000709a00000, 0x0000000709c00000|  0%| F|  |TAMS 0x0000000709a00000, 0x0000000709a00000| Untracked 
|  78|0x0000000709c00000, 0x0000000709c00000, 0x0000000709e00000|  0%| F|  |TAMS 0x0000000709c00000, 0x0000000709c00000| Untracked 
|  79|0x0000000709e00000, 0x0000000709e00000, 0x000000070a000000|  0%| F|  |TAMS 0x0000000709e00000, 0x0000000709e00000| Untracked 
|  80|0x000000070a000000, 0x000000070a000000, 0x000000070a200000|  0%| F|  |TAMS 0x000000070a000000, 0x000000070a000000| Untracked 
|  81|0x000000070a200000, 0x000000070a200000, 0x000000070a400000|  0%| F|  |TAMS 0x000000070a200000, 0x000000070a200000| Untracked 
|  82|0x000000070a400000, 0x000000070a400000, 0x000000070a600000|  0%| F|  |TAMS 0x000000070a400000, 0x000000070a400000| Untracked 
|  83|0x000000070a600000, 0x000000070a600000, 0x000000070a800000|  0%| F|  |TAMS 0x000000070a600000, 0x000000070a600000| Untracked 
|  84|0x000000070a800000, 0x000000070a800000, 0x000000070aa00000|  0%| F|  |TAMS 0x000000070a800000, 0x000000070a800000| Untracked 
|  85|0x000000070aa00000, 0x000000070aa00000, 0x000000070ac00000|  0%| F|  |TAMS 0x000000070aa00000, 0x000000070aa00000| Untracked 
|  86|0x000000070ac00000, 0x000000070ac00000, 0x000000070ae00000|  0%| F|  |TAMS 0x000000070ac00000, 0x000000070ac00000| Untracked 
|  87|0x000000070ae00000, 0x000000070ae00000, 0x000000070b000000|  0%| F|  |TAMS 0x000000070ae00000, 0x000000070ae00000| Untracked 
|  88|0x000000070b000000, 0x000000070b000000, 0x000000070b200000|  0%| F|  |TAMS 0x000000070b000000, 0x000000070b000000| Untracked 
|  89|0x000000070b200000, 0x000000070b200000, 0x000000070b400000|  0%| F|  |TAMS 0x000000070b200000, 0x000000070b200000| Untracked 
|  90|0x000000070b400000, 0x000000070b400000, 0x000000070b600000|  0%| F|  |TAMS 0x000000070b400000, 0x000000070b400000| Untracked 
|  91|0x000000070b600000, 0x000000070b600000, 0x000000070b800000|  0%| F|  |TAMS 0x000000070b600000, 0x000000070b600000| Untracked 
|  92|0x000000070b800000, 0x000000070b800000, 0x000000070ba00000|  0%| F|  |TAMS 0x000000070b800000, 0x000000070b800000| Untracked 
|  93|0x000000070ba00000, 0x000000070ba00000, 0x000000070bc00000|  0%| F|  |TAMS 0x000000070ba00000, 0x000000070ba00000| Untracked 
|  94|0x000000070bc00000, 0x000000070bc00000, 0x000000070be00000|  0%| F|  |TAMS 0x000000070bc00000, 0x000000070bc00000| Untracked 
|  95|0x000000070be00000, 0x000000070be00000, 0x000000070c000000|  0%| F|  |TAMS 0x000000070be00000, 0x000000070be00000| Untracked 
|  96|0x000000070c000000, 0x000000070c000000, 0x000000070c200000|  0%| F|  |TAMS 0x000000070c000000, 0x000000070c000000| Untracked 
|  97|0x000000070c200000, 0x000000070c200000, 0x000000070c400000|  0%| F|  |TAMS 0x000000070c200000, 0x000000070c200000| Untracked 
|  98|0x000000070c400000, 0x000000070c400000, 0x000000070c600000|  0%| F|  |TAMS 0x000000070c400000, 0x000000070c400000| Untracked 
|  99|0x000000070c600000, 0x000000070c600000, 0x000000070c800000|  0%| F|  |TAMS 0x000000070c600000, 0x000000070c600000| Untracked 
| 100|0x000000070c800000, 0x000000070c800000, 0x000000070ca00000|  0%| F|  |TAMS 0x000000070c800000, 0x000000070c800000| Untracked 
| 101|0x000000070ca00000, 0x000000070ca00000, 0x000000070cc00000|  0%| F|  |TAMS 0x000000070ca00000, 0x000000070ca00000| Untracked 
| 102|0x000000070cc00000, 0x000000070cc00000, 0x000000070ce00000|  0%| F|  |TAMS 0x000000070cc00000, 0x000000070cc00000| Untracked 
| 103|0x000000070ce00000, 0x000000070ce00000, 0x000000070d000000|  0%| F|  |TAMS 0x000000070ce00000, 0x000000070ce00000| Untracked 
| 104|0x000000070d000000, 0x000000070d000000, 0x000000070d200000|  0%| F|  |TAMS 0x000000070d000000, 0x000000070d000000| Untracked 
| 105|0x000000070d200000, 0x000000070d200000, 0x000000070d400000|  0%| F|  |TAMS 0x000000070d200000, 0x000000070d200000| Untracked 
| 106|0x000000070d400000, 0x000000070d400000, 0x000000070d600000|  0%| F|  |TAMS 0x000000070d400000, 0x000000070d400000| Untracked 
| 107|0x000000070d600000, 0x000000070d600000, 0x000000070d800000|  0%| F|  |TAMS 0x000000070d600000, 0x000000070d600000| Untracked 
| 108|0x000000070d800000, 0x000000070d800000, 0x000000070da00000|  0%| F|  |TAMS 0x000000070d800000, 0x000000070d800000| Untracked 
| 109|0x000000070da00000, 0x000000070da00000, 0x000000070dc00000|  0%| F|  |TAMS 0x000000070da00000, 0x000000070da00000| Untracked 
| 110|0x000000070dc00000, 0x000000070dc00000, 0x000000070de00000|  0%| F|  |TAMS 0x000000070dc00000, 0x000000070dc00000| Untracked 
| 111|0x000000070de00000, 0x000000070de00000, 0x000000070e000000|  0%| F|  |TAMS 0x000000070de00000, 0x000000070de00000| Untracked 
| 112|0x000000070e000000, 0x000000070e000000, 0x000000070e200000|  0%| F|  |TAMS 0x000000070e000000, 0x000000070e000000| Untracked 
| 113|0x000000070e200000, 0x000000070e200000, 0x000000070e400000|  0%| F|  |TAMS 0x000000070e200000, 0x000000070e200000| Untracked 
| 114|0x000000070e400000, 0x000000070e400000, 0x000000070e600000|  0%| F|  |TAMS 0x000000070e400000, 0x000000070e400000| Untracked 
| 115|0x000000070e600000, 0x000000070e600000, 0x000000070e800000|  0%| F|  |TAMS 0x000000070e600000, 0x000000070e600000| Untracked 
| 116|0x000000070e800000, 0x000000070e800000, 0x000000070ea00000|  0%| F|  |TAMS 0x000000070e800000, 0x000000070e800000| Untracked 
| 117|0x000000070ea00000, 0x000000070ea00000, 0x000000070ec00000|  0%| F|  |TAMS 0x000000070ea00000, 0x000000070ea00000| Untracked 
| 118|0x000000070ec00000, 0x000000070ec00000, 0x000000070ee00000|  0%| F|  |TAMS 0x000000070ec00000, 0x000000070ec00000| Untracked 
| 119|0x000000070ee00000, 0x000000070ee00000, 0x000000070f000000|  0%| F|  |TAMS 0x000000070ee00000, 0x000000070ee00000| Untracked 
| 120|0x000000070f000000, 0x000000070f000000, 0x000000070f200000|  0%| F|  |TAMS 0x000000070f000000, 0x000000070f000000| Untracked 
| 121|0x000000070f200000, 0x000000070f200000, 0x000000070f400000|  0%| F|  |TAMS 0x000000070f200000, 0x000000070f200000| Untracked 
| 122|0x000000070f400000, 0x000000070f400000, 0x000000070f600000|  0%| F|  |TAMS 0x000000070f400000, 0x000000070f400000| Untracked 
| 123|0x000000070f600000, 0x000000070f600000, 0x000000070f800000|  0%| F|  |TAMS 0x000000070f600000, 0x000000070f600000| Untracked 
| 124|0x000000070f800000, 0x000000070f800000, 0x000000070fa00000|  0%| F|  |TAMS 0x000000070f800000, 0x000000070f800000| Untracked 
| 125|0x000000070fa00000, 0x000000070fa00000, 0x000000070fc00000|  0%| F|  |TAMS 0x000000070fa00000, 0x000000070fa00000| Untracked 
| 126|0x000000070fc00000, 0x000000070fcc0860, 0x000000070fe00000| 37%| S|CS|TAMS 0x000000070fc00000, 0x000000070fc00000| Complete 
| 127|0x000000070fe00000, 0x000000070fe00000, 0x0000000710000000|  0%| F|  |TAMS 0x000000070fe00000, 0x000000070fe00000| Untracked 
| 128|0x0000000710000000, 0x0000000710000000, 0x0000000710200000|  0%| F|  |TAMS 0x0000000710000000, 0x0000000710000000| Untracked 
| 129|0x0000000710200000, 0x0000000710200000, 0x0000000710400000|  0%| F|  |TAMS 0x0000000710200000, 0x0000000710200000| Untracked 
| 130|0x0000000710400000, 0x0000000710400000, 0x0000000710600000|  0%| F|  |TAMS 0x0000000710400000, 0x0000000710400000| Untracked 
| 131|0x0000000710600000, 0x0000000710600000, 0x0000000710800000|  0%| F|  |TAMS 0x0000000710600000, 0x0000000710600000| Untracked 
| 132|0x0000000710800000, 0x0000000710800000, 0x0000000710a00000|  0%| F|  |TAMS 0x0000000710800000, 0x0000000710800000| Untracked 
| 133|0x0000000710a00000, 0x0000000710a00000, 0x0000000710c00000|  0%| F|  |TAMS 0x0000000710a00000, 0x0000000710a00000| Untracked 
| 134|0x0000000710c00000, 0x0000000710c00000, 0x0000000710e00000|  0%| F|  |TAMS 0x0000000710c00000, 0x0000000710c00000| Untracked 
| 135|0x0000000710e00000, 0x0000000710e00000, 0x0000000711000000|  0%| F|  |TAMS 0x0000000710e00000, 0x0000000710e00000| Untracked 
| 136|0x0000000711000000, 0x0000000711000000, 0x0000000711200000|  0%| F|  |TAMS 0x0000000711000000, 0x0000000711000000| Untracked 
| 137|0x0000000711200000, 0x0000000711200000, 0x0000000711400000|  0%| F|  |TAMS 0x0000000711200000, 0x0000000711200000| Untracked 
| 138|0x0000000711400000, 0x0000000711400000, 0x0000000711600000|  0%| F|  |TAMS 0x0000000711400000, 0x0000000711400000| Untracked 
| 139|0x0000000711600000, 0x0000000711600000, 0x0000000711800000|  0%| F|  |TAMS 0x0000000711600000, 0x0000000711600000| Untracked 
| 140|0x0000000711800000, 0x0000000711800000, 0x0000000711a00000|  0%| F|  |TAMS 0x0000000711800000, 0x0000000711800000| Untracked 
| 141|0x0000000711a00000, 0x0000000711a00000, 0x0000000711c00000|  0%| F|  |TAMS 0x0000000711a00000, 0x0000000711a00000| Untracked 
| 142|0x0000000711c00000, 0x0000000711c00000, 0x0000000711e00000|  0%| F|  |TAMS 0x0000000711c00000, 0x0000000711c00000| Untracked 
| 143|0x0000000711e00000, 0x0000000711e00000, 0x0000000712000000|  0%| F|  |TAMS 0x0000000711e00000, 0x0000000711e00000| Untracked 
| 144|0x0000000712000000, 0x0000000712000000, 0x0000000712200000|  0%| F|  |TAMS 0x0000000712000000, 0x0000000712000000| Untracked 
| 145|0x0000000712200000, 0x0000000712200000, 0x0000000712400000|  0%| F|  |TAMS 0x0000000712200000, 0x0000000712200000| Untracked 
| 146|0x0000000712400000, 0x0000000712400000, 0x0000000712600000|  0%| F|  |TAMS 0x0000000712400000, 0x0000000712400000| Untracked 
| 147|0x0000000712600000, 0x0000000712600000, 0x0000000712800000|  0%| F|  |TAMS 0x0000000712600000, 0x0000000712600000| Untracked 
| 148|0x0000000712800000, 0x0000000712800000, 0x0000000712a00000|  0%| F|  |TAMS 0x0000000712800000, 0x0000000712800000| Untracked 
| 149|0x0000000712a00000, 0x0000000712a00000, 0x0000000712c00000|  0%| F|  |TAMS 0x0000000712a00000, 0x0000000712a00000| Untracked 
| 150|0x0000000712c00000, 0x0000000712c00000, 0x0000000712e00000|  0%| F|  |TAMS 0x0000000712c00000, 0x0000000712c00000| Untracked 
| 151|0x0000000712e00000, 0x0000000712e00000, 0x0000000713000000|  0%| F|  |TAMS 0x0000000712e00000, 0x0000000712e00000| Untracked 
| 152|0x0000000713000000, 0x0000000713000000, 0x0000000713200000|  0%| F|  |TAMS 0x0000000713000000, 0x0000000713000000| Untracked 
|2045|0x00000007ffa00000, 0x00000007ffc00000, 0x00000007ffc00000|100%| O|  |TAMS 0x00000007ffc00000, 0x00000007ffa00000| Untracked 
|2046|0x00000007ffc00000, 0x00000007ffe00000, 0x00000007ffe00000|100%| O|  |TAMS 0x00000007ffe00000, 0x00000007ffc00000| Untracked 
|2047|0x00000007ffe00000, 0x0000000800000000, 0x0000000800000000|100%| O|  |TAMS 0x0000000800000000, 0x00000007ffe00000| Untracked 

Card table byte_map: [0x00000234f5bc0000,0x00000234f63c0000] _byte_map_base: 0x00000234f23c0000

Marking Bits (Prev, Next): (CMBitMap*) 0x00000234e2f49110, (CMBitMap*) 0x00000234e2f49150
 Prev Bits: [0x00000234f6bc0000, 0x00000234fabc0000)
 Next Bits: [0x00000234fabc0000, 0x00000234febc0000)

Polling page: 0x00000234e0e40000

Metaspace:

Usage:
  Non-class:    105.39 MB used.
      Class:     15.72 MB used.
       Both:    121.12 MB used.

Virtual space:
  Non-class space:      128.00 MB reserved,     105.75 MB ( 83%) committed,  2 nodes.
      Class space:        1.00 GB reserved,      16.06 MB (  2%) committed,  1 nodes.
             Both:        1.12 GB reserved,     121.81 MB ( 11%) committed. 

Chunk freelists:
   Non-Class:  5.73 MB
       Class:  15.98 MB
        Both:  21.72 MB

MaxMetaspaceSize: unlimited
CompressedClassSpaceSize: 1.00 GB
Initial GC threshold: 21.00 MB
Current GC threshold: 196.69 MB
CDS: off
MetaspaceReclaimPolicy: balanced
 - commit_granule_bytes: 65536.
 - commit_granule_words: 8192.
 - virtual_space_node_default_size: 8388608.
 - enlarge_chunks_in_place: 1.
 - new_chunks_are_fully_committed: 0.
 - uncommit_free_chunks: 1.
 - use_allocation_guard: 0.
 - handle_deallocations: 1.


Internal statistics:

num_allocs_failed_limit: 6.
num_arena_births: 920.
num_arena_deaths: 0.
num_vsnodes_births: 3.
num_vsnodes_deaths: 0.
num_space_committed: 1947.
num_space_uncommitted: 0.
num_chunks_returned_to_freelist: 6.
num_chunks_taken_from_freelist: 4995.
num_chunk_merges: 3.
num_chunk_splits: 3628.
num_chunks_enlarged: 2811.
num_inconsistent_stats: 0.

CodeHeap 'non-profiled nmethods': size=120064Kb used=10908Kb max_used=10908Kb free=109155Kb
 bounds [0x00000234ede80000, 0x00000234ee930000, 0x00000234f53c0000]
CodeHeap 'profiled nmethods': size=120000Kb used=27675Kb max_used=27675Kb free=92324Kb
 bounds [0x00000234e63c0000, 0x00000234e7ed0000, 0x00000234ed8f0000]
CodeHeap 'non-nmethods': size=5696Kb used=2481Kb max_used=2532Kb free=3214Kb
 bounds [0x00000234ed8f0000, 0x00000234edb80000, 0x00000234ede80000]
 total_blobs=14471 nmethods=13441 adapters=941
 compilation: enabled
              stopped_count=0, restarted_count=0
 full_count=0

Compilation events (20 events):
Event: 2003.195 Thread 0x00000234fed739a0 nmethod 16075 0x00000234e6c28590 code [0x00000234e6c28740, 0x00000234e6c28898]
Event: 2003.263 Thread 0x00000234fed72f00 nmethod 16068 0x00000234ee908a90 code [0x00000234ee909440, 0x00000234ee9129e8]
Event: 2003.264 Thread 0x00000234fed72f00 16064 %     4       org.objectweb.asm.ByteVector::encodeUtf8 @ 12 (337 bytes)
Event: 2003.361 Thread 0x00000234fed72f00 nmethod 16064% 0x00000234ee91a590 code [0x00000234ee91a740, 0x00000234ee91b738]
Event: 2003.361 Thread 0x00000234fed72f00 16046       4       org.objectweb.asm.ClassReader::readField (671 bytes)
Event: 2003.860 Thread 0x00000234fed72f00 nmethod 16046 0x00000234ee91bd10 code [0x00000234ee91c200, 0x00000234ee921b90]
Event: 2003.861 Thread 0x00000234fed72f00 16078 %     4       org.objectweb.asm.ByteVector::encodeUtf8 @ 159 (337 bytes)
Event: 2003.876 Thread 0x00000234fed739a0 16079       2       org.gradle.internal.classpath.InstrumentingTransformer$InstrumentingMethodVisitor::isGradleLambdaDescriptor (46 bytes)
Event: 2003.877 Thread 0x00000234fed739a0 nmethod 16079 0x00000234e7ec4e90 code [0x00000234e7ec5060, 0x00000234e7ec5318]
Event: 2003.878 Thread 0x00000234fed739a0 16080       2       org.gradle.internal.classpath.InstrumentingTransformer$InstrumentingMethodVisitor::isGroovyIndyCallsite (57 bytes)
Event: 2003.878 Thread 0x00000234fed739a0 nmethod 16080 0x00000234e7ec5590 code [0x00000234e7ec5760, 0x00000234e7ec5998]
Event: 2003.895 Thread 0x00000234fed72f00 nmethod 16078% 0x00000234ee567710 code [0x00000234ee5678a0, 0x00000234ee5681b8]
Event: 2003.896 Thread 0x00000234fed72f00 16081       4       org.objectweb.asm.Attribute::computeAttributesSize (62 bytes)
Event: 2003.900 Thread 0x00000234fed72f00 nmethod 16081 0x00000234ee924d10 code [0x00000234ee924ec0, 0x00000234ee925028]
Event: 2003.900 Thread 0x00000234fed72f00 16019       4       org.objectweb.asm.MethodVisitor::visitLdcInsn (87 bytes)
Event: 2003.916 Thread 0x00000234fed72f00 nmethod 16019 0x00000234ee925210 code [0x00000234ee925400, 0x00000234ee925990]
Event: 2003.917 Thread 0x00000234fed72f00 16084       4       org.objectweb.asm.ByteVector::encodeUtf8 (337 bytes)
Event: 2003.991 Thread 0x00000234fed72f00 nmethod 16084 0x00000234ee925f10 code [0x00000234ee9260c0, 0x00000234ee9270b8]
Event: 2003.992 Thread 0x00000234fed72f00 16077       4       org.objectweb.asm.MethodWriter::computeMethodInfoSize (571 bytes)
Event: 2004.097 Thread 0x00000234fed739a0 16089 %     3       org.objectweb.asm.MethodWriter::visitFrame @ 440 (811 bytes)

GC Heap History (20 events):
Event: 1637.524 GC heap after
{Heap after GC invocations=76 (full 0):
 garbage-first heap   total 319488K, used 77712K [0x0000000700000000, 0x0000000800000000)
  region size 2048K, 4 young (8192K), 4 survivors (8192K)
 Metaspace       used 120493K, committed 121152K, reserved 1179648K
  class space    used 15788K, committed 16064K, reserved 1048576K
}
Event: 1641.992 GC heap before
{Heap before GC invocations=76 (full 0):
 garbage-first heap   total 319488K, used 264080K [0x0000000700000000, 0x0000000800000000)
  region size 2048K, 93 young (190464K), 4 survivors (8192K)
 Metaspace       used 120493K, committed 121152K, reserved 1179648K
  class space    used 15788K, committed 16064K, reserved 1048576K
}
Event: 1642.006 GC heap after
{Heap after GC invocations=77 (full 0):
 garbage-first heap   total 319488K, used 77513K [0x0000000700000000, 0x0000000800000000)
  region size 2048K, 4 young (8192K), 4 survivors (8192K)
 Metaspace       used 120493K, committed 121152K, reserved 1179648K
  class space    used 15788K, committed 16064K, reserved 1048576K
}
Event: 1646.624 GC heap before
{Heap before GC invocations=77 (full 0):
 garbage-first heap   total 319488K, used 259785K [0x0000000700000000, 0x0000000800000000)
  region size 2048K, 93 young (190464K), 4 survivors (8192K)
 Metaspace       used 120495K, committed 121152K, reserved 1179648K
  class space    used 15788K, committed 16064K, reserved 1048576K
}
Event: 1646.638 GC heap after
{Heap after GC invocations=78 (full 0):
 garbage-first heap   total 319488K, used 78526K [0x0000000700000000, 0x0000000800000000)
  region size 2048K, 4 young (8192K), 4 survivors (8192K)
 Metaspace       used 120495K, committed 121152K, reserved 1179648K
  class space    used 15788K, committed 16064K, reserved 1048576K
}
Event: 1650.579 GC heap before
{Heap before GC invocations=78 (full 0):
 garbage-first heap   total 319488K, used 260798K [0x0000000700000000, 0x0000000800000000)
  region size 2048K, 93 young (190464K), 4 survivors (8192K)
 Metaspace       used 120495K, committed 121152K, reserved 1179648K
  class space    used 15788K, committed 16064K, reserved 1048576K
}
Event: 1650.592 GC heap after
{Heap after GC invocations=79 (full 0):
 garbage-first heap   total 319488K, used 79026K [0x0000000700000000, 0x0000000800000000)
  region size 2048K, 4 young (8192K), 4 survivors (8192K)
 Metaspace       used 120495K, committed 121152K, reserved 1179648K
  class space    used 15788K, committed 16064K, reserved 1048576K
}
Event: 1771.444 GC heap before
{Heap before GC invocations=79 (full 0):
 garbage-first heap   total 319488K, used 261298K [0x0000000700000000, 0x0000000800000000)
  region size 2048K, 93 young (190464K), 4 survivors (8192K)
 Metaspace       used 123274K, committed 123904K, reserved 1179648K
  class space    used 16067K, committed 16384K, reserved 1048576K
}
Event: 1771.471 GC heap after
{Heap after GC invocations=80 (full 0):
 garbage-first heap   total 319488K, used 80431K [0x0000000700000000, 0x0000000800000000)
  region size 2048K, 5 young (10240K), 5 survivors (10240K)
 Metaspace       used 123274K, committed 123904K, reserved 1179648K
  class space    used 16067K, committed 16384K, reserved 1048576K
}
Event: 1986.839 GC heap before
{Heap before GC invocations=80 (full 0):
 garbage-first heap   total 319488K, used 258607K [0x0000000700000000, 0x0000000800000000)
  region size 2048K, 93 young (190464K), 5 survivors (10240K)
 Metaspace       used 123993K, committed 124608K, reserved 1179648K
  class space    used 16098K, committed 16384K, reserved 1048576K
}
Event: 1994.112 GC heap after
{Heap after GC invocations=81 (full 0):
 garbage-first heap   total 319488K, used 86104K [0x0000000700000000, 0x0000000800000000)
  region size 2048K, 7 young (14336K), 7 survivors (14336K)
 Metaspace       used 123993K, committed 124608K, reserved 1179648K
  class space    used 16098K, committed 16384K, reserved 1048576K
}
Event: 1994.749 GC heap before
{Heap before GC invocations=81 (full 0):
 garbage-first heap   total 319488K, used 86104K [0x0000000700000000, 0x0000000800000000)
  region size 2048K, 8 young (16384K), 7 survivors (14336K)
 Metaspace       used 123994K, committed 124608K, reserved 1179648K
  class space    used 16098K, committed 16384K, reserved 1048576K
}
Event: 1995.985 GC heap after
{Heap after GC invocations=82 (full 0):
 garbage-first heap   total 319488K, used 86603K [0x0000000700000000, 0x0000000800000000)
  region size 2048K, 1 young (2048K), 1 survivors (2048K)
 Metaspace       used 123994K, committed 124608K, reserved 1179648K
  class space    used 16098K, committed 16384K, reserved 1048576K
}
Event: 1997.176 GC heap before
{Heap before GC invocations=82 (full 0):
 garbage-first heap   total 319488K, used 96843K [0x0000000700000000, 0x0000000800000000)
  region size 2048K, 7 young (14336K), 1 survivors (2048K)
 Metaspace       used 123998K, committed 124608K, reserved 1179648K
  class space    used 16099K, committed 16384K, reserved 1048576K
}
Event: 1997.188 GC heap after
{Heap after GC invocations=83 (full 0):
 garbage-first heap   total 319488K, used 85127K [0x0000000700000000, 0x0000000800000000)
  region size 2048K, 1 young (2048K), 1 survivors (2048K)
 Metaspace       used 123998K, committed 124608K, reserved 1179648K
  class space    used 16099K, committed 16384K, reserved 1048576K
}
Event: 1997.866 GC heap before
{Heap before GC invocations=83 (full 0):
 garbage-first heap   total 319488K, used 101511K [0x0000000700000000, 0x0000000800000000)
  region size 2048K, 9 young (18432K), 1 survivors (2048K)
 Metaspace       used 124012K, committed 124736K, reserved 1179648K
  class space    used 16100K, committed 16448K, reserved 1048576K
}
Event: 1997.878 GC heap after
{Heap after GC invocations=84 (full 0):
 garbage-first heap   total 319488K, used 84903K [0x0000000700000000, 0x0000000800000000)
  region size 2048K, 1 young (2048K), 1 survivors (2048K)
 Metaspace       used 124012K, committed 124736K, reserved 1179648K
  class space    used 16100K, committed 16448K, reserved 1048576K
}
Event: 2000.218 GC heap before
{Heap before GC invocations=84 (full 0):
 garbage-first heap   total 319488K, used 111527K [0x0000000700000000, 0x0000000800000000)
  region size 2048K, 15 young (30720K), 1 survivors (2048K)
 Metaspace       used 124023K, committed 124736K, reserved 1179648K
  class space    used 16100K, committed 16448K, reserved 1048576K
}
Event: 2000.281 GC heap after
{Heap after GC invocations=85 (full 0):
 garbage-first heap   total 319488K, used 85065K [0x0000000700000000, 0x0000000800000000)
  region size 2048K, 1 young (2048K), 1 survivors (2048K)
 Metaspace       used 124023K, committed 124736K, reserved 1179648K
  class space    used 16100K, committed 16448K, reserved 1048576K
}
Event: 2004.382 GC heap before
{Heap before GC invocations=85 (full 0):
 garbage-first heap   total 319488K, used 134217K [0x0000000700000000, 0x0000000800000000)
  region size 2048K, 26 young (53248K), 1 survivors (2048K)
 Metaspace       used 124023K, committed 124736K, reserved 1179648K
  class space    used 16100K, committed 16448K, reserved 1048576K
}

Dll operation events (2 events):
Event: 0.038 Loaded shared library C:\Program Files\Android\Android Studio\jbr\bin\java.dll
Event: 3.511 Loaded shared library C:\Program Files\Android\Android Studio\jbr\bin\verify.dll

Deoptimization events (20 events):
Event: 2000.463 Thread 0x000002348697b160 DEOPT PACKING pc=0x00000234ee840148 sp=0x000000bdcb1fe310
Event: 2000.463 Thread 0x000002348697b160 DEOPT UNPACKING pc=0x00000234ed9469a3 sp=0x000000bdcb1fe270 mode 2
Event: 2000.464 Thread 0x000002348697b160 Uncommon trap: trap_request=0xffffffbe fr.pc=0x00000234ee5a0024 relative=0x0000000000005a84
Event: 2000.464 Thread 0x000002348697b160 Uncommon trap: reason=profile_predicate action=maybe_recompile pc=0x00000234ee5a0024 method=org.objectweb.asm.ClassReader.readCode(Lorg/objectweb/asm/MethodVisitor;Lorg/objectweb/asm/Context;I)V @ 4854 c2
Event: 2000.464 Thread 0x000002348697b160 DEOPT PACKING pc=0x00000234ee5a0024 sp=0x000000bdcb1fe310
Event: 2000.464 Thread 0x000002348697b160 DEOPT UNPACKING pc=0x00000234ed9469a3 sp=0x000000bdcb1fe270 mode 2
Event: 2001.827 Thread 0x000002348697b160 Uncommon trap: trap_request=0xffffffde fr.pc=0x00000234ee9014e8 relative=0x0000000000009d28
Event: 2001.827 Thread 0x000002348697b160 Uncommon trap: reason=class_check action=maybe_recompile pc=0x00000234ee9014e8 method=org.objectweb.asm.ClassReader.accept(Lorg/objectweb/asm/ClassVisitor;[Lorg/objectweb/asm/Attribute;I)V @ 707 c2
Event: 2001.827 Thread 0x000002348697b160 DEOPT PACKING pc=0x00000234ee9014e8 sp=0x000000bdcb1fe6f0
Event: 2001.827 Thread 0x000002348697b160 DEOPT UNPACKING pc=0x00000234ed9469a3 sp=0x000000bdcb1fe688 mode 2
Event: 2001.828 Thread 0x000002348697b160 Uncommon trap: trap_request=0xffffffde fr.pc=0x00000234ee9014e8 relative=0x0000000000009d28
Event: 2001.828 Thread 0x000002348697b160 Uncommon trap: reason=class_check action=maybe_recompile pc=0x00000234ee9014e8 method=org.objectweb.asm.ClassReader.accept(Lorg/objectweb/asm/ClassVisitor;[Lorg/objectweb/asm/Attribute;I)V @ 707 c2
Event: 2001.828 Thread 0x000002348697b160 DEOPT PACKING pc=0x00000234ee9014e8 sp=0x000000bdcb1fe6f0
Event: 2001.828 Thread 0x000002348697b160 DEOPT UNPACKING pc=0x00000234ed9469a3 sp=0x000000bdcb1fe688 mode 2
Event: 2003.911 Thread 0x000002348697ac90 DEOPT PACKING pc=0x00000234e7e675e8 sp=0x000000bdcabfdfb0
Event: 2003.911 Thread 0x000002348697ac90 DEOPT UNPACKING pc=0x00000234ed947143 sp=0x000000bdcabfd4c8 mode 0
Event: 2003.939 Thread 0x000002348697ac90 DEOPT PACKING pc=0x00000234e7e67784 sp=0x000000bdcabfdfb0
Event: 2003.939 Thread 0x000002348697ac90 DEOPT UNPACKING pc=0x00000234ed947143 sp=0x000000bdcabfd4c8 mode 0
Event: 2004.090 Thread 0x000002348697ac90 DEOPT PACKING pc=0x00000234e7ec1513 sp=0x000000bdcabfe3b0
Event: 2004.090 Thread 0x000002348697ac90 DEOPT UNPACKING pc=0x00000234ed947143 sp=0x000000bdcabfda00 mode 0

Classes unloaded (0 events):
No events

Classes redefined (0 events):
No events

Internal exceptions (20 events):
Event: 1726.953 Thread 0x00000234ff3480a0 Exception <a 'java/lang/NoSuchMethodError'{0x000000070ee092f8}: 'void java.lang.invoke.DirectMethodHandle$Holder.invokeSpecial(java.lang.Object, java.lang.Object, java.lang.Object, int)'> (0x000000070ee092f8) 
thrown [s\src\hotspot\share\interpreter\linkResolver.cpp, line 771]
Event: 1726.975 Thread 0x00000234ff3480a0 Exception <a 'java/lang/NoSuchMethodError'{0x000000070ee24af0}: static Ljava/lang/Object;.<clinit>()V> (0x000000070ee24af0) 
thrown [s\src\hotspot\share\prims\jni.cpp, line 1108]
Event: 1726.982 Thread 0x00000234ff3480a0 Exception <a 'java/lang/NoSuchMethodError'{0x000000070ee2fc30}: static Lorg/gradle/api/internal/tasks/compile/ApiCompilerResult;.<clinit>()V> (0x000000070ee2fc30) 
thrown [s\src\hotspot\share\prims\jni.cpp, line 1108]
Event: 1726.989 Thread 0x00000234ff3480a0 Exception <a 'java/lang/NoSuchMethodError'{0x000000070ee422a8}: static Lorg/gradle/api/internal/tasks/compile/incremental/processing/AnnotationProcessingResult;.<clinit>()V> (0x000000070ee422a8) 
thrown [s\src\hotspot\share\prims\jni.cpp, line 1108]
Event: 1727.039 Thread 0x00000234ff3480a0 Exception <a 'java/lang/NoSuchMethodError'{0x000000070ee60820}: static Lorg/gradle/api/internal/tasks/compile/incremental/compilerapi/constants/ConstantsAnalysisResult;.<clinit>()V> (0x000000070ee60820) 
thrown [s\src\hotspot\share\prims\jni.cpp, line 1108]
Event: 1727.043 Thread 0x00000234ff3480a0 Exception <a 'java/lang/NoSuchMethodError'{0x000000070ee70860}: static Lorg/gradle/api/internal/tasks/compile/incremental/compilerapi/constants/ConstantToDependentsMappingBuilder;.<clinit>()V> (0x000000070ee70860) 
thrown [s\src\hotspot\share\prims\jni.cpp, line 1108]
Event: 1730.089 Thread 0x000002348697bfd0 Exception <a 'java/lang/NoSuchMethodError'{0x000000070ff48ac8}: 'int java.lang.invoke.DirectMethodHandle$Holder.invokeSpecialIFC(java.lang.Object, java.lang.Object, java.lang.Object)'> (0x000000070ff48ac8) 
thrown [s\src\hotspot\share\interpreter\linkResolver.cpp, line 771]
Event: 1773.001 Thread 0x0000023489138a10 Implicit null exception at 0x00000234ee6937a0 to 0x00000234ee699898
Event: 1911.686 Thread 0x00000234ff348f10 Implicit null exception at 0x00000234ee6f22eb to 0x00000234ee6f3a20
Event: 1911.691 Thread 0x00000234ff348f10 Implicit null exception at 0x00000234ee6f22eb to 0x00000234ee6f3a20
Event: 1911.697 Thread 0x00000234ff348f10 Implicit null exception at 0x00000234ee7d8a94 to 0x00000234ee7dbab0
Event: 1911.697 Thread 0x00000234ff348f10 Implicit null exception at 0x00000234ee6f22eb to 0x00000234ee6f3a20
Event: 1914.078 Thread 0x00000234ff348f10 Implicit null exception at 0x00000234ee6f22eb to 0x00000234ee6f3a20
Event: 1962.960 Thread 0x000002348697b160 Exception <a 'sun/nio/fs/WindowsException'{0x000000070b935418}> (0x000000070b935418) 
thrown [s\src\hotspot\share\prims\jni.cpp, line 517]
Event: 1962.963 Thread 0x000002348697ac90 Exception <a 'sun/nio/fs/WindowsException'{0x000000070b6f5ea8}> (0x000000070b6f5ea8) 
thrown [s\src\hotspot\share\prims\jni.cpp, line 517]
Event: 1963.541 Thread 0x000002348697ac90 Implicit null exception at 0x00000234ee386a49 to 0x00000234ee386b0c
Event: 1972.412 Thread 0x000002348697b160 Exception <a 'sun/nio/fs/WindowsException'{0x000000070a663348}> (0x000000070a663348) 
thrown [s\src\hotspot\share\prims\jni.cpp, line 517]
Event: 1972.415 Thread 0x000002348697b160 Exception <a 'sun/nio/fs/WindowsException'{0x000000070a6634d0}> (0x000000070a6634d0) 
thrown [s\src\hotspot\share\prims\jni.cpp, line 517]
Event: 1977.323 Thread 0x000002348697b160 Exception <a 'sun/nio/fs/WindowsException'{0x000000070a086138}> (0x000000070a086138) 
thrown [s\src\hotspot\share\prims\jni.cpp, line 517]
Event: 1994.174 Thread 0x00000234fed8a0d0 Implicit null exception at 0x00000234ee4229d0 to 0x00000234ee423018

VM Operations (20 events):
Event: 1994.121 Executing VM operation: G1CollectForAllocation done
Event: 1994.427 Executing VM operation: G1CollectForAllocation
Event: 1996.040 Executing VM operation: G1CollectForAllocation done
Event: 1997.044 Executing VM operation: Cleanup
Event: 1997.176 Executing VM operation: Cleanup done
Event: 1997.176 Executing VM operation: G1CollectForAllocation
Event: 1997.191 Executing VM operation: G1CollectForAllocation done
Event: 1997.862 Executing VM operation: G1CollectForAllocation
Event: 1997.881 Executing VM operation: G1CollectForAllocation done
Event: 1998.884 Executing VM operation: Cleanup
Event: 1998.944 Executing VM operation: Cleanup done
Event: 1999.944 Executing VM operation: Cleanup
Event: 1999.995 Executing VM operation: Cleanup done
Event: 2000.096 Executing VM operation: G1CollectForAllocation
Event: 2000.346 Executing VM operation: G1CollectForAllocation done
Event: 2001.352 Executing VM operation: Cleanup
Event: 2001.414 Executing VM operation: Cleanup done
Event: 2003.430 Executing VM operation: Cleanup
Event: 2003.525 Executing VM operation: Cleanup done
Event: 2004.359 Executing VM operation: G1CollectForAllocation

Events (20 events):
Event: 1768.593 loading class java/util/Collections$ReverseComparator2 done
Event: 1789.970 Thread 0x00000234ff34d740 Thread exited: 0x00000234ff34d740
Event: 1789.971 Thread 0x00000234ff349d80 Thread exited: 0x00000234ff349d80
Event: 1790.018 Thread 0x0000023489132500 Thread exited: 0x0000023489132500
Event: 1790.193 Thread 0x00000234ff34cda0 Thread exited: 0x00000234ff34cda0
Event: 1793.920 loading class java/util/LinkedList$LLSpliterator
Event: 1793.921 loading class java/util/LinkedList$LLSpliterator done
Event: 1910.803 loading class sun/security/ssl/Alert
Event: 1910.933 loading class sun/security/ssl/Alert done
Event: 1911.290 loading class sun/security/ssl/Alert$AlertConsumer
Event: 1911.300 loading class sun/security/ssl/Alert$AlertConsumer done
Event: 1911.301 loading class sun/security/ssl/Alert$Level
Event: 1911.306 loading class sun/security/ssl/Alert$Level done
Event: 1928.486 Thread 0x00000234ff349d80 Thread added: 0x00000234ff349d80
Event: 1998.089 Thread 0x00000234fed75310 flushing nmethod 0x00000234ee54af10
Event: 1998.092 Thread 0x00000234fed75310 flushing nmethod 0x00000234ee567710
Event: 1999.830 Thread 0x00000234fed75310 flushing nmethod 0x00000234e66ebd10
Event: 2000.602 Thread 0x00000234fed75310 flushing nmethod 0x00000234e6bc0310
Event: 2000.674 Thread 0x00000234fed75310 flushing nmethod 0x00000234e6c27490
Event: 2000.676 Thread 0x00000234fed75310 flushing nmethod 0x00000234e6c28590


Dynamic libraries:
0x00007ff7c2520000 - 0x00007ff7c252a000 	C:\Program Files\Android\Android Studio\jbr\bin\java.exe
0x00007ffd87e80000 - 0x00007ffd88089000 	C:\WINDOWS\SYSTEM32\ntdll.dll
0x00007ffd85ce0000 - 0x00007ffd85d9d000 	C:\WINDOWS\System32\KERNEL32.DLL
0x00007ffd85380000 - 0x00007ffd85704000 	C:\WINDOWS\System32\KERNELBASE.dll
0x00007ffd85800000 - 0x00007ffd85911000 	C:\WINDOWS\System32\ucrtbase.dll
0x00007ffd794c0000 - 0x00007ffd794d7000 	C:\Program Files\Android\Android Studio\jbr\bin\jli.dll
0x00007ffd87a50000 - 0x00007ffd87bfd000 	C:\WINDOWS\System32\USER32.dll
0x00007ffd85710000 - 0x00007ffd85736000 	C:\WINDOWS\System32\win32u.dll
0x00007ffd86270000 - 0x00007ffd8629a000 	C:\WINDOWS\System32\GDI32.dll
0x00007ffd85bb0000 - 0x00007ffd85cce000 	C:\WINDOWS\System32\gdi32full.dll
0x00007ffd85920000 - 0x00007ffd859bd000 	C:\WINDOWS\System32\msvcp_win.dll
0x00007ffd78600000 - 0x00007ffd7861b000 	C:\Program Files\Android\Android Studio\jbr\bin\VCRUNTIME140.dll
0x00007ffd6f600000 - 0x00007ffd6f8a5000 	C:\WINDOWS\WinSxS\amd64_microsoft.windows.common-controls_6595b64144ccf1df_6.0.22000.120_none_9d947278b86cc467\COMCTL32.dll
0x00007ffd86a80000 - 0x00007ffd86b23000 	C:\WINDOWS\System32\msvcrt.dll
0x00007ffd86370000 - 0x00007ffd863a1000 	C:\WINDOWS\System32\IMM32.DLL
0x00007ffd825a0000 - 0x00007ffd825ac000 	C:\Program Files\Android\Android Studio\jbr\bin\vcruntime140_1.dll
0x00007ffd6e3b0000 - 0x00007ffd6e43d000 	C:\Program Files\Android\Android Studio\jbr\bin\msvcp140.dll
0x00007ffd4bde0000 - 0x00007ffd4ca60000 	C:\Program Files\Android\Android Studio\jbr\bin\server\jvm.dll
0x00007ffd87c00000 - 0x00007ffd87cae000 	C:\WINDOWS\System32\ADVAPI32.dll
0x00007ffd874f0000 - 0x00007ffd8758e000 	C:\WINDOWS\System32\sechost.dll
0x00007ffd873c0000 - 0x00007ffd874e1000 	C:\WINDOWS\System32\RPCRT4.dll
0x00007ffd79860000 - 0x00007ffd79869000 	C:\WINDOWS\SYSTEM32\WSOCK32.dll
0x00007ffd863c0000 - 0x00007ffd8642f000 	C:\WINDOWS\System32\WS2_32.dll
0x00007ffd7e5b0000 - 0x00007ffd7e5e3000 	C:\WINDOWS\SYSTEM32\WINMM.dll
0x00007ffd7e5f0000 - 0x00007ffd7e5fa000 	C:\WINDOWS\SYSTEM32\VERSION.dll
0x00007ffd84380000 - 0x00007ffd84398000 	C:\WINDOWS\SYSTEM32\kernel.appcore.dll
0x00007ffd79790000 - 0x00007ffd7979a000 	C:\Program Files\Android\Android Studio\jbr\bin\jimage.dll
0x00007ffd79f00000 - 0x00007ffd7a121000 	C:\WINDOWS\SYSTEM32\DBGHELP.DLL
0x00007ffd73cf0000 - 0x00007ffd73d21000 	C:\WINDOWS\SYSTEM32\dbgcore.DLL
0x00007ffd85b30000 - 0x00007ffd85baf000 	C:\WINDOWS\System32\bcryptPrimitives.dll
0x00007ffd77e80000 - 0x00007ffd77ea5000 	C:\Program Files\Android\Android Studio\jbr\bin\java.dll
0x00007ffd77e60000 - 0x00007ffd77e78000 	C:\Program Files\Android\Android Studio\jbr\bin\zip.dll
0x00007ffd86bd0000 - 0x00007ffd87395000 	C:\WINDOWS\System32\SHELL32.dll
0x00007ffd833e0000 - 0x00007ffd83c42000 	C:\WINDOWS\SYSTEM32\windows.storage.dll
0x00007ffd85e10000 - 0x00007ffd86186000 	C:\WINDOWS\System32\combase.dll
0x00007ffd83270000 - 0x00007ffd833d7000 	C:\WINDOWS\SYSTEM32\wintypes.dll
0x00007ffd87960000 - 0x00007ffd87a4a000 	C:\WINDOWS\System32\SHCORE.dll
0x00007ffd87cb0000 - 0x00007ffd87d0d000 	C:\WINDOWS\System32\shlwapi.dll
0x00007ffd85240000 - 0x00007ffd85265000 	C:\WINDOWS\SYSTEM32\profapi.dll
0x00007ffd73bb0000 - 0x00007ffd73bc9000 	C:\Program Files\Android\Android Studio\jbr\bin\net.dll
0x00007ffd7bf10000 - 0x00007ffd7c024000 	C:\WINDOWS\SYSTEM32\WINHTTP.dll
0x00007ffd848a0000 - 0x00007ffd84907000 	C:\WINDOWS\system32\mswsock.dll
0x00007ffd701f0000 - 0x00007ffd70206000 	C:\Program Files\Android\Android Studio\jbr\bin\nio.dll
0x00007ffd78d90000 - 0x00007ffd78da0000 	C:\Program Files\Android\Android Studio\jbr\bin\verify.dll
0x00007ffd6e480000 - 0x00007ffd6e4a7000 	C:\Users\USER\.gradle\native\c067742578af261105cb4f569cf0c3c89f3d7b1fecec35dd04571415982c5e48\windows-amd64\native-platform.dll
0x00007ffd581a0000 - 0x00007ffd582e4000 	C:\Users\USER\.gradle\native\38dada09dfb8b06ba9b0570ebf7e218e3eb74d4ef43ca46872605cf95ebc2f47\windows-amd64\native-platform-file-events.dll
0x00007ffd785f0000 - 0x00007ffd785f9000 	C:\Program Files\Android\Android Studio\jbr\bin\management.dll
0x00007ffd78590000 - 0x00007ffd7859b000 	C:\Program Files\Android\Android Studio\jbr\bin\management_ext.dll
0x00007ffd863b0000 - 0x00007ffd863b8000 	C:\WINDOWS\System32\PSAPI.DLL
0x00007ffd84ae0000 - 0x00007ffd84af8000 	C:\WINDOWS\SYSTEM32\CRYPTSP.dll
0x00007ffd842e0000 - 0x00007ffd84315000 	C:\WINDOWS\system32\rsaenh.dll
0x00007ffd84990000 - 0x00007ffd849bc000 	C:\WINDOWS\SYSTEM32\USERENV.dll
0x00007ffd84d20000 - 0x00007ffd84d47000 	C:\WINDOWS\SYSTEM32\bcrypt.dll
0x00007ffd84b00000 - 0x00007ffd84b0c000 	C:\WINDOWS\SYSTEM32\CRYPTBASE.dll
0x00007ffd83f30000 - 0x00007ffd83f5d000 	C:\WINDOWS\SYSTEM32\IPHLPAPI.DLL
0x00007ffd868b0000 - 0x00007ffd868b9000 	C:\WINDOWS\System32\NSI.dll
0x00007ffd7bef0000 - 0x00007ffd7bf09000 	C:\WINDOWS\SYSTEM32\dhcpcsvc6.DLL
0x00007ffd7c130000 - 0x00007ffd7c14e000 	C:\WINDOWS\SYSTEM32\dhcpcsvc.DLL
0x00007ffd83f60000 - 0x00007ffd84047000 	C:\WINDOWS\SYSTEM32\DNSAPI.dll
0x00007ffd742b0000 - 0x00007ffd742b8000 	C:\WINDOWS\system32\wshunix.dll
0x00007ffd75fe0000 - 0x00007ffd75fea000 	C:\Windows\System32\rasadhlp.dll
0x00007ffd7b2c0000 - 0x00007ffd7b341000 	C:\WINDOWS\System32\fwpuclnt.dll

dbghelp: loaded successfully - version: 4.0.5 - missing functions: none
symbol engine: initialized successfully - sym options: 0x614 - pdb path: .;C:\Program Files\Android\Android Studio\jbr\bin;C:\WINDOWS\SYSTEM32;C:\WINDOWS\WinSxS\amd64_microsoft.windows.common-controls_6595b64144ccf1df_6.0.22000.120_none_9d947278b86cc467;C:\Program Files\Android\Android Studio\jbr\bin\server;C:\Users\USER\.gradle\native\c067742578af261105cb4f569cf0c3c89f3d7b1fecec35dd04571415982c5e48\windows-amd64;C:\Users\USER\.gradle\native\38dada09dfb8b06ba9b0570ebf7e218e3eb74d4ef43ca46872605cf95ebc2f47\windows-amd64

VM Arguments:
jvm_args: --add-opens=java.base/java.util=ALL-UNNAMED --add-opens=java.base/java.lang=ALL-UNNAMED --add-opens=java.base/java.lang.invoke=ALL-UNNAMED --add-opens=java.prefs/java.util.prefs=ALL-UNNAMED --add-opens=java.base/java.nio.charset=ALL-UNNAMED --add-opens=java.base/java.net=ALL-UNNAMED --add-opens=java.base/java.util.concurrent.atomic=ALL-UNNAMED -Xmx4G -Dfile.encoding=windows-1252 -Duser.country=US -Duser.language=en -Duser.variant 
java_command: org.gradle.launcher.daemon.bootstrap.GradleDaemon 7.6.3
java_class_path (initial): C:\Users\USER\.gradle\wrapper\dists\gradle-7.6.3-all\aocdy2d2z8kodnny3rsumj8i8\gradle-7.6.3\lib\gradle-launcher-7.6.3.jar
Launcher Type: SUN_STANDARD

[Global flags]
     intx CICompilerCount                          = 2                                         {product} {ergonomic}
     uint ConcGCThreads                            = 1                                         {product} {ergonomic}
     uint G1ConcRefinementThreads                  = 2                                         {product} {ergonomic}
   size_t G1HeapRegionSize                         = 2097152                                   {product} {ergonomic}
    uintx GCDrainStackTargetSize                   = 64                                        {product} {ergonomic}
   size_t InitialHeapSize                          = 67108864                                  {product} {ergonomic}
   size_t MarkStackSize                            = 4194304                                   {product} {ergonomic}
   size_t MaxHeapSize                              = 4294967296                                {product} {command line}
   size_t MaxNewSize                               = 2575302656                                {product} {ergonomic}
   size_t MinHeapDeltaBytes                        = 2097152                                   {product} {ergonomic}
   size_t MinHeapSize                              = 8388608                                   {product} {ergonomic}
    uintx NonNMethodCodeHeapSize                   = 5826188                                {pd product} {ergonomic}
    uintx NonProfiledCodeHeapSize                  = 122916026                              {pd product} {ergonomic}
    uintx ProfiledCodeHeapSize                     = 122916026                              {pd product} {ergonomic}
    uintx ReservedCodeCacheSize                    = 251658240                              {pd product} {ergonomic}
     bool SegmentedCodeCache                       = true                                      {product} {ergonomic}
   size_t SoftMaxHeapSize                          = 4294967296                             {manageable} {ergonomic}
     bool UseCompressedClassPointers               = true                           {product lp64_product} {ergonomic}
     bool UseCompressedOops                        = true                           {product lp64_product} {ergonomic}
     bool UseG1GC                                  = true                                      {product} {ergonomic}
     bool UseLargePagesIndividualAllocation        = false                                  {pd product} {ergonomic}

Logging:
Log output configuration:
 #0: stdout all=warning uptime,level,tags
 #1: stderr all=off uptime,level,tags

Environment Variables:
JAVA_HOME=C:\Program Files\Android\Android Studio\jbr
CLASSPATH=D:\SEMESTER 4\belajar_flutter\android\\gradle\wrapper\gradle-wrapper.jar
PATH=C:\Program Files\Android\Android Studio\jbr\bin;C:\Program Files\Common Files\Oracle\Java\javapath;C:\WINDOWS\system32;C:\WINDOWS;C:\WINDOWS\System32\Wbem;C:\WINDOWS\System32\WindowsPowerShell\v1.0\;C:\WINDOWS\System32\OpenSSH\;C:\Program Files\Git\cmd;C:\Users\USER\anaconda3;C:\Users\USER\anaconda3\Library\mingw-w64\bin;C:\Users\USER\anaconda3\Library\usr\bin;C:\Users\USER\anaconda3\Library\bin;C:\Users\USER\anaconda3\Scripts;C:\Users\USER\AppData\Local\Microsoft\WindowsApps;C:\Users\USER\AppData\Local\Programs\Microsoft VS Code\bin;C:\Users\USER\AppData\Local\GitHubDesktop\bin
USERNAME=USER
OS=Windows_NT
PROCESSOR_IDENTIFIER=AMD64 Family 21 Model 112 Stepping 0, AuthenticAMD
TMP=C:\Users\USER\AppData\Local\Temp
TEMP=C:\Users\USER\AppData\Local\Temp


JNI global refs:
JNI global refs: 26, weak refs: 9

JNI global refs memory usage: 843, weak refs: 841

OOME stack traces (most recent first):
Classloader memory used:
Loader org.gradle.internal.classloader.VisitableURLClassLoader                         : 10051K
Loader bootstrap                                                                       : 3701K
Loader org.gradle.initialization.MixInLegacyTypesClassLoader                           : 1521K
Loader jdk.internal.loader.ClassLoaders$PlatformClassLoader                            : 100638B
Loader jdk.internal.reflect.DelegatingClassLoader                                      : 50972B
Loader jdk.internal.jrtfs.JrtFileSystemProvider$JrtFsLoader                            : 42906B
Loader jdk.internal.loader.ClassLoaders$AppClassLoader                                 : 26008B
Loader org.gradle.internal.classloader.VisitableURLClassLoader                         : 5260B
Loader org.gradle.groovy.scripts.internal.DefaultScriptCompilationHandler$ScriptClassLoader: 5099B
Loader org.codehaus.groovy.runtime.callsite.CallSiteClassLoader                        : 1918B
Loader sun.reflect.misc.MethodUtil                                                     : 373B

Classes loaded by more than one classloader:
Class Program                                                                         : loaded 3 times (x 70B)
Class org.gradle.internal.classpath.ClassPath                                         : loaded 2 times (x 68B)
Class org.gradle.api.internal.classpath.DefaultModuleRegistry                         : loaded 2 times (x 84B)
Class jdk.internal.jimage.BasicImageReader$1                                          : loaded 2 times (x 75B)
Class org.gradle.api.Action                                                           : loaded 2 times (x 68B)
Class jdk.internal.jimage.ImageBufferCache$1                                          : loaded 2 times (x 78B)
Class jdk.internal.jimage.ImageBufferCache$2                                          : loaded 2 times (x 89B)
Class org.gradle.api.internal.DefaultClassPathProvider                                : loaded 2 times (x 74B)
Class org.gradle.internal.installation.GradleInstallation$1                           : loaded 2 times (x 73B)
Class jdk.internal.jrtfs.SystemImage$1                                                : loaded 2 times (x 76B)
Class jdk.internal.jrtfs.SystemImage$2                                                : loaded 2 times (x 74B)
Class org.gradle.internal.classloader.FilteringClassLoader                            : loaded 2 times (x 102B)
Class jdk.internal.jimage.ImageReader$Resource                                        : loaded 2 times (x 82B)
Class jdk.internal.jrtfs.SystemImage                                                  : loaded 2 times (x 72B)
Class org.gradle.internal.classpath.DefaultClassPath$ImmutableUniqueList$Builder      : loaded 2 times (x 73B)
Class jdk.internal.jrtfs.JrtDirectoryStream$1                                         : loaded 2 times (x 81B)
Class org.gradle.internal.classloader.ClassLoaderVisitor                              : loaded 2 times (x 74B)
Class org.gradle.internal.service.DefaultServiceLocator                               : loaded 2 times (x 81B)
Class org.gradle.internal.service.UnknownServiceException                             : loaded 2 times (x 81B)
Class org.gradle.internal.classloader.DefaultClassLoaderFactory                       : loaded 2 times (x 80B)
Class jdk.internal.jimage.ImageReader$SharedImageReader                               : loaded 2 times (x 93B)
Class jdk.internal.jimage.decompressor.ZipDecompressorFactory                         : loaded 2 times (x 72B)
Class org.gradle.internal.classloader.VisitableURLClassLoader$Spec                    : loaded 2 times (x 72B)
Class org.gradle.api.GradleException                                                  : loaded 2 times (x 80B)
Class org.gradle.api.internal.classpath.ModuleRegistry                                : loaded 2 times (x 68B)
Class org.gradle.api.internal.ClassPathProvider                                       : loaded 2 times (x 68B)
Class org.gradle.internal.classloader.ClasspathUtil$1                                 : loaded 2 times (x 74B)
Class org.gradle.internal.classloader.ClassLoaderFactory                              : loaded 2 times (x 68B)
Class jdk.internal.jimage.ImageHeader                                                 : loaded 2 times (x 69B)
Class org.gradle.api.internal.classpath.ManifestUtil                                  : loaded 2 times (x 69B)
Class org.gradle.api.specs.Spec                                                       : loaded 2 times (x 68B)
Class org.gradle.internal.IoActions                                                   : loaded 2 times (x 69B)
Class jdk.internal.jimage.decompressor.StringSharingDecompressorFactory               : loaded 2 times (x 72B)
Class org.gradle.api.internal.classpath.EffectiveClassPath                            : loaded 2 times (x 88B)
Class org.gradle.internal.installation.CurrentGradleInstallation                      : loaded 2 times (x 71B)
Class org.gradle.internal.installation.CurrentGradleInstallationLocator               : loaded 2 times (x 69B)
Class org.gradle.api.internal.classpath.Module                                        : loaded 2 times (x 68B)
Class org.gradle.internal.service.CachingServiceLocator                               : loaded 2 times (x 80B)
Class org.gradle.internal.classpath.DefaultClassPath                                  : loaded 2 times (x 88B)
Class org.gradle.api.Transformer                                                      : loaded 2 times (x 68B)
Class jdk.internal.jimage.BasicImageReader                                            : loaded 2 times (x 93B)
Class jdk.internal.jimage.ImageLocation                                               : loaded 2 times (x 88B)
Class jdk.internal.jimage.ImageReader$Node                                            : loaded 2 times (x 82B)
Class jdk.internal.jimage.decompressor.CompressedResourceHeader                       : loaded 2 times (x 69B)
Class jdk.internal.jrtfs.JrtPath                                                      : loaded 2 times (x 116B)
Class jdk.internal.jimage.ImageStrings                                                : loaded 2 times (x 68B)
Class jdk.internal.jrtfs.JrtFileAttributes                                            : loaded 2 times (x 81B)
Class org.gradle.internal.classloader.SystemClassLoaderSpec                           : loaded 2 times (x 69B)
Class jdk.internal.jimage.decompressor.ResourceDecompressorRepository                 : loaded 2 times (x 69B)
Class org.gradle.api.UncheckedIOException                                             : loaded 2 times (x 80B)
Class jdk.internal.jimage.decompressor.ResourceDecompressor$StringsProvider           : loaded 2 times (x 68B)
Class org.gradle.internal.installation.GradleInstallation                             : loaded 2 times (x 73B)
Class jdk.internal.jimage.decompressor.Decompressor                                   : loaded 2 times (x 70B)
Class jdk.internal.jrtfs.JrtFileSystem                                                : loaded 2 times (x 100B)
Class jdk.internal.jrtfs.JrtFileSystemProvider                                        : loaded 2 times (x 97B)
Class org.gradle.internal.classloader.ClasspathUtil                                   : loaded 2 times (x 69B)
Class jdk.internal.jrtfs.JrtDirectoryStream                                           : loaded 2 times (x 87B)
Class jdk.internal.jimage.decompressor.ResourceDecompressor                           : loaded 2 times (x 68B)
Class org.gradle.api.internal.DefaultClassPathRegistry                                : loaded 2 times (x 74B)
Class org.gradle.api.internal.classpath.DefaultModuleRegistry$DefaultModule           : loaded 2 times (x 84B)
Class org.gradle.api.internal.classpath.UnknownModuleException                        : loaded 2 times (x 80B)
Class org.gradle.internal.service.ServiceLookupException                              : loaded 2 times (x 80B)
Class jdk.internal.jimage.ImageStringsReader                                          : loaded 2 times (x 78B)
Class org.gradle.cache.GlobalCache                                                    : loaded 2 times (x 68B)
Class jdk.internal.jimage.decompressor.ResourceDecompressorFactory                    : loaded 2 times (x 72B)
Class [Lorg.gradle.api.internal.ClassPathProvider;                                    : loaded 2 times (x 67B)
Class jdk.internal.jimage.ImageReader$SharedImageReader$LocationVisitor               : loaded 2 times (x 68B)
Class org.gradle.util.internal.GUtil                                                  : loaded 2 times (x 69B)
Class jdk.internal.jimage.decompressor.ZipDecompressor                                : loaded 2 times (x 73B)
Class org.gradle.internal.classloader.ClassLoaderSpec                                 : loaded 2 times (x 69B)
Class org.gradle.internal.classloader.VisitableURLClassLoader                         : loaded 2 times (x 114B)
Class org.gradle.internal.Cast                                                        : loaded 2 times (x 69B)
Class Build_gradle                                                                    : loaded 2 times (x 128B)
Class org.gradle.api.internal.ClassPathRegistry                                       : loaded 2 times (x 68B)
Class org.gradle.internal.classloader.ClassLoaderHierarchy                            : loaded 2 times (x 68B)
Class jdk.internal.jimage.ImageReader                                                 : loaded 2 times (x 73B)
Class org.gradle.internal.service.ServiceLocator                                      : loaded 2 times (x 68B)
Class org.gradle.internal.classpath.DefaultClassPath$ImmutableUniqueList              : loaded 2 times (x 159B)
Class jdk.internal.jimage.ImageBufferCache                                            : loaded 2 times (x 69B)
Class jdk.internal.jimage.ImageReader$Directory                                       : loaded 2 times (x 82B)


---------------  S Y S T E M  ---------------

OS:
 Windows 11 , 64 bit Build 22000 (10.0.22000.2538)
OS uptime: 2 days 0:57 hours

CPU: total 2 (initial active 2) (2 cores per cpu, 1 threads per core) family 21 model 112 stepping 0 microcode 0x0, cx8, cmov, fxsr, mmx, 3dnowpref, sse, sse2, sse3, ssse3, sse4a, sse4.1, sse4.2, popcnt, lzcnt, tsc, tscinvbit, avx, avx2, aes, clmul, bmi1, bmi2, fma, vzeroupper, clflush

Memory: 4k page, system-wide physical 3973M (303M free)
TotalPageFile size 7879M (AvailPageFile size 122M)
current process WorkingSet (physical memory assigned to process): 381M, peak: 569M
current process commit charge ("private bytes"): 640M, peak: 1069M

vm_info: OpenJDK 64-Bit Server VM (17.0.7+0-b2043.56-10550314) for windows-amd64 JRE (17.0.7+0-b2043.56-10550314), built on Jul 24 2023 18:27:45 by "androidbuild" with MS VC++ 16.10 / 16.11 (VS2019)

END.
