#
# There is insufficient memory for the Java Runtime Environment to continue.
# Native memory allocation (malloc) failed to allocate 1028736 bytes for Chunk::new
# Possible reasons:
#   The system is out of physical RAM or swap space
#   The process is running with CompressedOops enabled, and the Java Heap may be blocking the growth of the native heap
# Possible solutions:
#   Reduce memory load on the system
#   Increase physical memory or swap space
#   Check if swap backing store is full
#   Decrease Java heap size (-Xmx/-Xms)
#   Decrease number of Java threads
#   Decrease Java thread stack sizes (-Xss)
#   Set larger code cache with -XX:ReservedCodeCacheSize=
#   JVM is running with Zero Based Compressed Oops mode in which the Java heap is
#     placed in the first 32GB address space. The Java Heap base address is the
#     maximum limit for the native heap growth. Please use -XX:HeapBaseMinAddress
#     to set the Java Heap base and to place the Java Heap above 32GB virtual address.
# This output file may be truncated or incomplete.
#
#  Out of Memory Error (arena.cpp:189), pid=11144, tid=4968
#
# JRE version: OpenJDK Runtime Environment (17.0.7) (build 17.0.7+0-b2043.56-10550314)
# Java VM: OpenJDK 64-Bit Server VM (17.0.7+0-b2043.56-10550314, mixed mode, tiered, compressed oops, compressed class ptrs, g1 gc, windows-amd64)
# No core dump will be written. Minidumps are not enabled by default on client versions of Windows
#

---------------  S U M M A R Y ------------

Command Line: --add-opens=java.base/java.util=ALL-UNNAMED --add-opens=java.base/java.lang=ALL-UNNAMED --add-opens=java.base/java.lang.invoke=ALL-UNNAMED --add-opens=java.prefs/java.util.prefs=ALL-UNNAMED --add-opens=java.base/java.nio.charset=ALL-UNNAMED --add-opens=java.base/java.net=ALL-UNNAMED --add-opens=java.base/java.util.concurrent.atomic=ALL-UNNAMED -Xmx4G -Dfile.encoding=windows-1252 -Duser.country=US -Duser.language=en -Duser.variant org.gradle.launcher.daemon.bootstrap.GradleDaemon 7.6.3

Host: AMD A6-9220C RADEON R5, 5 COMPUTE CORES 2C+3G  , 2 cores, 3G,  Windows 11 , 64 bit Build 22000 (10.0.22000.2538)
Time: Wed Feb 28 20:27:56 2024 Malay Peninsula Standard Time elapsed time: 584.577302 seconds (0d 0h 9m 44s)

---------------  T H R E A D  ---------------

Current thread (0x00000233dccb51c0):  JavaThread "C2 CompilerThread0" daemon [_thread_in_native, id=4968, stack(0x00000098f2300000,0x00000098f2400000)]


Current CompileTask:
C2: 584617 19599       4       org.jetbrains.org.objectweb.asm.signature.SignatureReader::parseType (411 bytes)

Stack: [0x00000098f2300000,0x00000098f2400000]
Native frames: (J=compiled Java code, j=interpreted, Vv=VM code, C=native code)
V  [jvm.dll+0x683bfa]
V  [jvm.dll+0x8430a4]
V  [jvm.dll+0x8449be]
V  [jvm.dll+0x845023]
V  [jvm.dll+0x24ad2f]
V  [jvm.dll+0xac25c]
V  [jvm.dll+0xac82c]
V  [jvm.dll+0x2b218f]
V  [jvm.dll+0x58c2f7]
V  [jvm.dll+0x225a12]
V  [jvm.dll+0x225def]
V  [jvm.dll+0x21f0b5]
V  [jvm.dll+0x21c56b]
V  [jvm.dll+0x1a605d]
V  [jvm.dll+0x22c148]
V  [jvm.dll+0x22a209]
V  [jvm.dll+0x7f858c]
V  [jvm.dll+0x7f2aea]
V  [jvm.dll+0x682a35]
C  [ucrtbase.dll+0x26c0c]
C  [KERNEL32.DLL+0x153e0]
C  [ntdll.dll+0x485b]


---------------  P R O C E S S  ---------------

Threads class SMR info:
_java_thread_list=0x00000233eb0685f0, length=40, elements={
0x00000233beddd490, 0x00000233dcc67f20, 0x00000233dcc68ca0, 0x00000233dccafa10,
0x00000233dccb1440, 0x00000233dccb1d00, 0x00000233dccb25c0, 0x00000233dccb51c0,
0x00000233e1008070, 0x00000233e1076770, 0x00000233e1170020, 0x00000233e1172910,
0x00000233e29ba220, 0x00000233e2a98620, 0x00000233e302aa80, 0x00000233e3248820,
0x00000233e2ebc800, 0x00000233e20d7030, 0x00000233e2a19220, 0x00000233e21a36e0,
0x00000233e21a3bb0, 0x00000233e21a1a00, 0x00000233e21a2d40, 0x00000233e21a2870,
0x00000233e21a1ed0, 0x00000233e21a3210, 0x00000233e21a1530, 0x00000233e21a1060,
0x00000233e2e08160, 0x00000233e2e03930, 0x00000233e2e025f0, 0x00000233e2e05610,
0x00000233e2e03460, 0x00000233e2e06950, 0x00000233e2e05fb0, 0x00000233e38faa10,
0x00000233e38fc220, 0x00000233e3900a50, 0x00000233e3900f20, 0x00000233e38fd560
}

Java Threads: ( => current thread )
  0x00000233beddd490 JavaThread "main" [_thread_blocked, id=1496, stack(0x00000098f1600000,0x00000098f1700000)]
  0x00000233dcc67f20 JavaThread "Reference Handler" daemon [_thread_blocked, id=6912, stack(0x00000098f1d00000,0x00000098f1e00000)]
  0x00000233dcc68ca0 JavaThread "Finalizer" daemon [_thread_blocked, id=10348, stack(0x00000098f1e00000,0x00000098f1f00000)]
  0x00000233dccafa10 JavaThread "Signal Dispatcher" daemon [_thread_blocked, id=3692, stack(0x00000098f1f00000,0x00000098f2000000)]
  0x00000233dccb1440 JavaThread "Attach Listener" daemon [_thread_blocked, id=8196, stack(0x00000098f2000000,0x00000098f2100000)]
  0x00000233dccb1d00 JavaThread "Service Thread" daemon [_thread_blocked, id=8948, stack(0x00000098f2100000,0x00000098f2200000)]
  0x00000233dccb25c0 JavaThread "Monitor Deflation Thread" daemon [_thread_blocked, id=7660, stack(0x00000098f2200000,0x00000098f2300000)]
=>0x00000233dccb51c0 JavaThread "C2 CompilerThread0" daemon [_thread_in_native, id=4968, stack(0x00000098f2300000,0x00000098f2400000)]
  0x00000233e1008070 JavaThread "C1 CompilerThread0" daemon [_thread_blocked, id=11532, stack(0x00000098f2400000,0x00000098f2500000)]
  0x00000233e1076770 JavaThread "Sweeper thread" daemon [_thread_blocked, id=8188, stack(0x00000098f2500000,0x00000098f2600000)]
  0x00000233e1170020 JavaThread "Common-Cleaner" daemon [_thread_blocked, id=5196, stack(0x00000098f2600000,0x00000098f2700000)]
  0x00000233e1172910 JavaThread "Notification Thread" daemon [_thread_blocked, id=7692, stack(0x00000098f2700000,0x00000098f2800000)]
  0x00000233e29ba220 JavaThread "Daemon health stats" [_thread_blocked, id=9976, stack(0x00000098f2a00000,0x00000098f2b00000)]
  0x00000233e2a98620 JavaThread "Incoming local TCP Connector on port 58092" [_thread_in_native, id=252, stack(0x00000098f2b00000,0x00000098f2c00000)]
  0x00000233e302aa80 JavaThread "Daemon periodic checks" [_thread_blocked, id=11752, stack(0x00000098f2c00000,0x00000098f2d00000)]
  0x00000233e3248820 JavaThread "Daemon" [_thread_blocked, id=1964, stack(0x00000098f2d00000,0x00000098f2e00000)]
  0x00000233e2ebc800 JavaThread "Handler for socket connection from /127.0.0.1:58092 to /127.0.0.1:58094" [_thread_in_native, id=8328, stack(0x00000098f2e00000,0x00000098f2f00000)]
  0x00000233e20d7030 JavaThread "Cancel handler" [_thread_blocked, id=32, stack(0x00000098f2f00000,0x00000098f3000000)]
  0x00000233e2a19220 JavaThread "Daemon worker" [_thread_in_native, id=11232, stack(0x00000098f3000000,0x00000098f3100000)]
  0x00000233e21a36e0 JavaThread "Asynchronous log dispatcher for DefaultDaemonConnection: socket connection from /127.0.0.1:58092 to /127.0.0.1:58094" [_thread_blocked, id=7232, stack(0x00000098f3100000,0x00000098f3200000)]
  0x00000233e21a3bb0 JavaThread "Stdin handler" [_thread_blocked, id=6352, stack(0x00000098f3200000,0x00000098f3300000)]
  0x00000233e21a1a00 JavaThread "Daemon client event forwarder" [_thread_blocked, id=7052, stack(0x00000098f3300000,0x00000098f3400000)]
  0x00000233e21a2d40 JavaThread "Cache worker for journal cache (C:\Users\USER\.gradle\caches\journal-1)" [_thread_blocked, id=2060, stack(0x00000098f3400000,0x00000098f3500000)]
  0x00000233e21a2870 JavaThread "File lock request listener" [_thread_in_native, id=4328, stack(0x00000098f3500000,0x00000098f3600000)]
  0x00000233e21a1ed0 JavaThread "Cache worker for file hash cache (C:\Users\USER\.gradle\caches\7.6.3\fileHashes)" [_thread_blocked, id=124, stack(0x00000098f3700000,0x00000098f3800000)]
  0x00000233e21a3210 JavaThread "File watcher server" daemon [_thread_in_native, id=9708, stack(0x00000098f3800000,0x00000098f3900000)]
  0x00000233e21a1530 JavaThread "File watcher consumer" daemon [_thread_blocked, id=4972, stack(0x00000098f3900000,0x00000098f3a00000)]
  0x00000233e21a1060 JavaThread "Cache worker for checksums cache (D:\SEMESTER 4\belajar_flutter\android\.gradle\7.6.3\checksums)" [_thread_blocked, id=8808, stack(0x00000098f3a00000,0x00000098f3b00000)]
  0x00000233e2e08160 JavaThread "Cache worker for cache directory md-rule (C:\Users\USER\.gradle\caches\7.6.3\md-rule)" [_thread_blocked, id=10956, stack(0x00000098f3b00000,0x00000098f3c00000)]
  0x00000233e2e03930 JavaThread "Cache worker for file content cache (C:\Users\USER\.gradle\caches\7.6.3\fileContent)" [_thread_blocked, id=3528, stack(0x00000098f3c00000,0x00000098f3d00000)]
  0x00000233e2e025f0 JavaThread "Cache worker for file hash cache (D:\SEMESTER 4\belajar_flutter\android\.gradle\7.6.3\fileHashes)" [_thread_blocked, id=6560, stack(0x00000098f3d00000,0x00000098f3e00000)]
  0x00000233e2e05610 JavaThread "Cache worker for cache directory md-supplier (C:\Users\USER\.gradle\caches\7.6.3\md-supplier)" [_thread_blocked, id=7892, stack(0x00000098f3e00000,0x00000098f3f00000)]
  0x00000233e2e03460 JavaThread "Cache worker for execution history cache (C:\Users\USER\.gradle\caches\7.6.3\executionHistory)" [_thread_blocked, id=11844, stack(0x00000098f3f00000,0x00000098f4000000)]
  0x00000233e2e06950 JavaThread "jar transforms" [_thread_blocked, id=5784, stack(0x00000098f4300000,0x00000098f4400000)]
  0x00000233e2e05fb0 JavaThread "Cache worker for kotlin-dsl (C:\Users\USER\.gradle\caches\7.6.3\kotlin-dsl)" [_thread_blocked, id=6860, stack(0x00000098f4400000,0x00000098f4500000)]
  0x00000233e38faa10 JavaThread "jar transforms Thread 2" [_thread_blocked, id=10604, stack(0x00000098f1400000,0x00000098f1500000)]
  0x00000233e38fc220 JavaThread "Cache worker for dependencies-accessors (D:\SEMESTER 4\belajar_flutter\android\.gradle\7.6.3\dependencies-accessors)" [_thread_blocked, id=7704, stack(0x00000098f1500000,0x00000098f1600000)]
  0x00000233e3900a50 JavaThread "Cache worker for Build Output Cleanup Cache (C:\flutter\packages\flutter_tools\gradle\.gradle\buildOutputCleanup)" [_thread_blocked, id=9024, stack(0x00000098f3600000,0x00000098f3700000)]
  0x00000233e3900f20 JavaThread "Kotlin DSL Writer" [_thread_blocked, id=4500, stack(0x00000098f4100000,0x00000098f4200000)]
  0x00000233e38fd560 JavaThread "Memory manager" [_thread_blocked, id=7592, stack(0x00000098f4200000,0x00000098f4300000)]

Other Threads:
  0x00000233dcc092a0 VMThread "VM Thread" [stack: 0x00000098f1c00000,0x00000098f1d00000] [id=3080]
  0x00000233e1172de0 WatcherThread [stack: 0x00000098f2800000,0x00000098f2900000] [id=5432]
  0x00000233bee49990 GCTaskThread "GC Thread#0" [stack: 0x00000098f1700000,0x00000098f1800000] [id=4756]
  0x00000233e1226110 GCTaskThread "GC Thread#1" [stack: 0x00000098f2900000,0x00000098f2a00000] [id=8556]
  0x00000233bee5a7e0 ConcurrentGCThread "G1 Main Marker" [stack: 0x00000098f1800000,0x00000098f1900000] [id=4496]
  0x00000233bee5c110 ConcurrentGCThread "G1 Conc#0" [stack: 0x00000098f1900000,0x00000098f1a00000] [id=10612]
  0x00000233beea8c60 ConcurrentGCThread "G1 Refine#0" [stack: 0x00000098f1a00000,0x00000098f1b00000] [id=12200]
  0x00000233e14c6a10 ConcurrentGCThread "G1 Refine#1" [stack: 0x00000098f4000000,0x00000098f4100000] [id=7952]
  0x00000233beea9590 ConcurrentGCThread "G1 Service" [stack: 0x00000098f1b00000,0x00000098f1c00000] [id=9736]

Threads with active compile tasks:
C2 CompilerThread0   585426 19599       4       org.jetbrains.org.objectweb.asm.signature.SignatureReader::parseType (411 bytes)

VM state: not at safepoint (normal execution)

VM Mutex/Monitor currently owned by a thread: None

Heap address: 0x0000000700000000, size: 4096 MB, Compressed Oops mode: Zero based, Oop shift amount: 3

CDS archive(s) not mapped
Compressed class space mapped at: 0x0000000800000000-0x0000000840000000, reserved size: 1073741824
Narrow klass base: 0x0000000800000000, Narrow klass shift: 0, Narrow klass range: 0x40000000

GC Precious Log:
 CPUs: 2 total, 2 available
 Memory: 3973M
 Large Page Support: Disabled
 NUMA Support: Disabled
 Compressed Oops: Enabled (Zero based)
 Heap Region Size: 2M
 Heap Min Capacity: 8M
 Heap Initial Capacity: 64M
 Heap Max Capacity: 4G
 Pre-touch: Disabled
 Parallel Workers: 2
 Concurrent Workers: 1
 Concurrent Refinement Workers: 2
 Periodic GC: Disabled

Heap:
 garbage-first heap   total 294912K, used 133554K [0x0000000700000000, 0x0000000800000000)
  region size 2048K, 5 young (10240K), 1 survivors (2048K)
 Metaspace       used 121979K, committed 122560K, reserved 1179648K
  class space    used 15021K, committed 15296K, reserved 1048576K

Heap Regions: E=young(eden), S=young(survivor), O=old, HS=humongous(starts), HC=humongous(continues), CS=collection set, F=free, OA=open archive, CA=closed archive, TAMS=top-at-mark-start (previous, next)
|   0|0x0000000700000000, 0x0000000700200000, 0x0000000700200000|100%| O|  |TAMS 0x0000000700200000, 0x0000000700000000| Untracked 
|   1|0x0000000700200000, 0x0000000700400000, 0x0000000700400000|100%|HS|  |TAMS 0x0000000700400000, 0x0000000700200000| Complete 
|   2|0x0000000700400000, 0x0000000700600000, 0x0000000700600000|100%|HC|  |TAMS 0x0000000700600000, 0x0000000700400000| Complete 
|   3|0x0000000700600000, 0x0000000700800000, 0x0000000700800000|100%| O|  |TAMS 0x0000000700800000, 0x0000000700600000| Untracked 
|   4|0x0000000700800000, 0x0000000700a00000, 0x0000000700a00000|100%| O|  |TAMS 0x0000000700a00000, 0x0000000700800000| Untracked 
|   5|0x0000000700a00000, 0x0000000700c00000, 0x0000000700c00000|100%| O|  |TAMS 0x0000000700c00000, 0x0000000700a00000| Untracked 
|   6|0x0000000700c00000, 0x0000000700e00000, 0x0000000700e00000|100%| O|  |TAMS 0x0000000700e00000, 0x0000000700c00000| Untracked 
|   7|0x0000000700e00000, 0x0000000701000000, 0x0000000701000000|100%| O|  |TAMS 0x0000000701000000, 0x0000000700e00000| Untracked 
|   8|0x0000000701000000, 0x0000000701200000, 0x0000000701200000|100%| O|  |TAMS 0x0000000701200000, 0x0000000701000000| Untracked 
|   9|0x0000000701200000, 0x0000000701400000, 0x0000000701400000|100%| O|  |TAMS 0x0000000701400000, 0x0000000701200000| Untracked 
|  10|0x0000000701400000, 0x0000000701600000, 0x0000000701600000|100%| O|  |TAMS 0x0000000701600000, 0x0000000701400000| Untracked 
|  11|0x0000000701600000, 0x0000000701800000, 0x0000000701800000|100%| O|  |TAMS 0x0000000701800000, 0x0000000701600000| Untracked 
|  12|0x0000000701800000, 0x0000000701a00000, 0x0000000701a00000|100%| O|  |TAMS 0x0000000701a00000, 0x0000000701800000| Untracked 
|  13|0x0000000701a00000, 0x0000000701c00000, 0x0000000701c00000|100%| O|  |TAMS 0x0000000701c00000, 0x0000000701a00000| Untracked 
|  14|0x0000000701c00000, 0x0000000701e00000, 0x0000000701e00000|100%| O|  |TAMS 0x0000000701e00000, 0x0000000701c00000| Untracked 
|  15|0x0000000701e00000, 0x0000000702000000, 0x0000000702000000|100%| O|  |TAMS 0x0000000702000000, 0x0000000701e00000| Untracked 
|  16|0x0000000702000000, 0x0000000702200000, 0x0000000702200000|100%| O|  |TAMS 0x0000000702200000, 0x0000000702000000| Untracked 
|  17|0x0000000702200000, 0x0000000702400000, 0x0000000702400000|100%| O|  |TAMS 0x0000000702400000, 0x0000000702200000| Untracked 
|  18|0x0000000702400000, 0x0000000702600000, 0x0000000702600000|100%| O|  |TAMS 0x0000000702400000, 0x0000000702400000| Untracked 
|  19|0x0000000702600000, 0x0000000702800000, 0x0000000702800000|100%| O|  |TAMS 0x0000000702800000, 0x0000000702600000| Untracked 
|  20|0x0000000702800000, 0x0000000702a00000, 0x0000000702a00000|100%| O|  |TAMS 0x0000000702800000, 0x0000000702800000| Untracked 
|  21|0x0000000702a00000, 0x0000000702c00000, 0x0000000702c00000|100%| O|  |TAMS 0x0000000702c00000, 0x0000000702a00000| Untracked 
|  22|0x0000000702c00000, 0x0000000702e00000, 0x0000000702e00000|100%| O|  |TAMS 0x0000000702e00000, 0x0000000702c00000| Untracked 
|  23|0x0000000702e00000, 0x0000000703000000, 0x0000000703000000|100%| O|  |TAMS 0x0000000703000000, 0x0000000702e00000| Untracked 
|  24|0x0000000703000000, 0x0000000703200000, 0x0000000703200000|100%| O|  |TAMS 0x0000000703200000, 0x0000000703000000| Untracked 
|  25|0x0000000703200000, 0x0000000703400000, 0x0000000703400000|100%|HS|  |TAMS 0x0000000703400000, 0x0000000703200000| Complete 
|  26|0x0000000703400000, 0x0000000703600000, 0x0000000703600000|100%|HC|  |TAMS 0x0000000703600000, 0x0000000703400000| Complete 
|  27|0x0000000703600000, 0x0000000703800000, 0x0000000703800000|100%| O|  |TAMS 0x000000070361bc00, 0x0000000703600000| Untracked 
|  28|0x0000000703800000, 0x0000000703a00000, 0x0000000703a00000|100%| O|  |TAMS 0x0000000703800000, 0x0000000703800000| Untracked 
|  29|0x0000000703a00000, 0x0000000703c00000, 0x0000000703c00000|100%| O|  |TAMS 0x0000000703a00000, 0x0000000703a00000| Untracked 
|  30|0x0000000703c00000, 0x0000000703e00000, 0x0000000703e00000|100%| O|  |TAMS 0x0000000703c00000, 0x0000000703c00000| Untracked 
|  31|0x0000000703e00000, 0x0000000704000000, 0x0000000704000000|100%| O|  |TAMS 0x0000000703e00000, 0x0000000703e00000| Untracked 
|  32|0x0000000704000000, 0x0000000704200000, 0x0000000704200000|100%| O|  |TAMS 0x0000000704000000, 0x0000000704000000| Untracked 
|  33|0x0000000704200000, 0x0000000704400000, 0x0000000704400000|100%| O|  |TAMS 0x0000000704200000, 0x0000000704200000| Untracked 
|  34|0x0000000704400000, 0x0000000704600000, 0x0000000704600000|100%| O|  |TAMS 0x0000000704400000, 0x0000000704400000| Untracked 
|  35|0x0000000704600000, 0x0000000704800000, 0x0000000704800000|100%| O|  |TAMS 0x0000000704600000, 0x0000000704600000| Untracked 
|  36|0x0000000704800000, 0x0000000704a00000, 0x0000000704a00000|100%| O|  |TAMS 0x0000000704800000, 0x0000000704800000| Untracked 
|  37|0x0000000704a00000, 0x0000000704c00000, 0x0000000704c00000|100%| O|  |TAMS 0x0000000704a00000, 0x0000000704a00000| Untracked 
|  38|0x0000000704c00000, 0x0000000704cbb400, 0x0000000704e00000| 36%| O|  |TAMS 0x0000000704c00000, 0x0000000704c00000| Untracked 
|  39|0x0000000704e00000, 0x0000000705000000, 0x0000000705000000|100%|HS|  |TAMS 0x0000000704e00000, 0x0000000704e00000| Complete 
|  40|0x0000000705000000, 0x0000000705200000, 0x0000000705200000|100%| O|  |TAMS 0x0000000705000000, 0x0000000705000000| Untracked 
|  41|0x0000000705200000, 0x0000000705400000, 0x0000000705400000|100%| O|  |TAMS 0x0000000705200000, 0x0000000705200000| Untracked 
|  42|0x0000000705400000, 0x0000000705600000, 0x0000000705600000|100%| O|  |TAMS 0x0000000705400000, 0x0000000705400000| Untracked 
|  43|0x0000000705600000, 0x0000000705800000, 0x0000000705800000|100%| O|  |TAMS 0x0000000705600000, 0x0000000705600000| Untracked 
|  44|0x0000000705800000, 0x0000000705a00000, 0x0000000705a00000|100%| O|  |TAMS 0x0000000705800000, 0x0000000705800000| Untracked 
|  45|0x0000000705a00000, 0x0000000705c00000, 0x0000000705c00000|100%| O|  |TAMS 0x0000000705a00000, 0x0000000705a00000| Untracked 
|  46|0x0000000705c00000, 0x0000000705e00000, 0x0000000705e00000|100%| O|  |TAMS 0x0000000705c00000, 0x0000000705c00000| Untracked 
|  47|0x0000000705e00000, 0x0000000706000000, 0x0000000706000000|100%| O|  |TAMS 0x0000000705e00000, 0x0000000705e00000| Untracked 
|  48|0x0000000706000000, 0x0000000706200000, 0x0000000706200000|100%| O|  |TAMS 0x0000000706000000, 0x0000000706000000| Untracked 
|  49|0x0000000706200000, 0x0000000706400000, 0x0000000706400000|100%| O|  |TAMS 0x0000000706200000, 0x0000000706200000| Untracked 
|  50|0x0000000706400000, 0x0000000706600000, 0x0000000706600000|100%|HS|  |TAMS 0x0000000706400000, 0x0000000706400000| Complete 
|  51|0x0000000706600000, 0x0000000706800000, 0x0000000706800000|100%|HC|  |TAMS 0x0000000706600000, 0x0000000706600000| Complete 
|  52|0x0000000706800000, 0x0000000706a00000, 0x0000000706a00000|100%|HC|  |TAMS 0x0000000706800000, 0x0000000706800000| Complete 
|  53|0x0000000706a00000, 0x0000000706c00000, 0x0000000706c00000|100%| O|  |TAMS 0x0000000706a00000, 0x0000000706a00000| Untracked 
|  54|0x0000000706c00000, 0x0000000706c17600, 0x0000000706e00000|  4%| O|  |TAMS 0x0000000706c00000, 0x0000000706c00000| Untracked 
|  55|0x0000000706e00000, 0x0000000706e00000, 0x0000000707000000|  0%| F|  |TAMS 0x0000000706e00000, 0x0000000706e00000| Untracked 
|  56|0x0000000707000000, 0x0000000707000000, 0x0000000707200000|  0%| F|  |TAMS 0x0000000707000000, 0x0000000707000000| Untracked 
|  57|0x0000000707200000, 0x0000000707200000, 0x0000000707400000|  0%| F|  |TAMS 0x0000000707200000, 0x0000000707200000| Untracked 
|  58|0x0000000707400000, 0x0000000707600000, 0x0000000707600000|100%| O|  |TAMS 0x0000000707400000, 0x0000000707400000| Untracked 
|  59|0x0000000707600000, 0x0000000707800000, 0x0000000707800000|100%| O|  |TAMS 0x0000000707600000, 0x0000000707600000| Untracked 
|  60|0x0000000707800000, 0x0000000707a00000, 0x0000000707a00000|100%| O|  |TAMS 0x0000000707800000, 0x0000000707800000| Untracked 
|  61|0x0000000707a00000, 0x0000000707a00000, 0x0000000707c00000|  0%| F|  |TAMS 0x0000000707a00000, 0x0000000707a00000| Untracked 
|  62|0x0000000707c00000, 0x0000000707c00000, 0x0000000707e00000|  0%| F|  |TAMS 0x0000000707c00000, 0x0000000707c00000| Untracked 
|  63|0x0000000707e00000, 0x0000000707e00000, 0x0000000708000000|  0%| F|  |TAMS 0x0000000707e00000, 0x0000000707e00000| Untracked 
|  64|0x0000000708000000, 0x0000000708200000, 0x0000000708200000|100%| O|  |TAMS 0x0000000708000000, 0x0000000708000000| Untracked 
|  65|0x0000000708200000, 0x0000000708400000, 0x0000000708400000|100%| O|  |TAMS 0x0000000708200000, 0x0000000708200000| Untracked 
|  66|0x0000000708400000, 0x0000000708600000, 0x0000000708600000|100%| O|  |TAMS 0x0000000708400000, 0x0000000708400000| Untracked 
|  67|0x0000000708600000, 0x0000000708600000, 0x0000000708800000|  0%| F|  |TAMS 0x0000000708600000, 0x0000000708600000| Untracked 
|  68|0x0000000708800000, 0x0000000708800000, 0x0000000708a00000|  0%| F|  |TAMS 0x0000000708800000, 0x0000000708800000| Untracked 
|  69|0x0000000708a00000, 0x0000000708a00000, 0x0000000708c00000|  0%| F|  |TAMS 0x0000000708a00000, 0x0000000708a00000| Untracked 
|  70|0x0000000708c00000, 0x0000000708e00000, 0x0000000708e00000|100%| O|  |TAMS 0x0000000708c00000, 0x0000000708c00000| Untracked 
|  71|0x0000000708e00000, 0x0000000709000000, 0x0000000709000000|100%| O|  |TAMS 0x0000000708e00000, 0x0000000708e00000| Untracked 
|  72|0x0000000709000000, 0x0000000709000000, 0x0000000709200000|  0%| F|  |TAMS 0x0000000709000000, 0x0000000709000000| Untracked 
|  73|0x0000000709200000, 0x0000000709200000, 0x0000000709400000|  0%| F|  |TAMS 0x0000000709200000, 0x0000000709200000| Untracked 
|  74|0x0000000709400000, 0x0000000709400000, 0x0000000709600000|  0%| F|  |TAMS 0x0000000709400000, 0x0000000709400000| Untracked 
|  75|0x0000000709600000, 0x0000000709600000, 0x0000000709800000|  0%| F|  |TAMS 0x0000000709600000, 0x0000000709600000| Untracked 
|  76|0x0000000709800000, 0x0000000709800000, 0x0000000709a00000|  0%| F|  |TAMS 0x0000000709800000, 0x0000000709800000| Untracked 
|  77|0x0000000709a00000, 0x0000000709a00000, 0x0000000709c00000|  0%| F|  |TAMS 0x0000000709a00000, 0x0000000709a00000| Untracked 
|  78|0x0000000709c00000, 0x0000000709c00000, 0x0000000709e00000|  0%| F|  |TAMS 0x0000000709c00000, 0x0000000709c00000| Untracked 
|  79|0x0000000709e00000, 0x0000000709e00000, 0x000000070a000000|  0%| F|  |TAMS 0x0000000709e00000, 0x0000000709e00000| Untracked 
|  80|0x000000070a000000, 0x000000070a000000, 0x000000070a200000|  0%| F|  |TAMS 0x000000070a000000, 0x000000070a000000| Untracked 
|  81|0x000000070a200000, 0x000000070a200000, 0x000000070a400000|  0%| F|  |TAMS 0x000000070a200000, 0x000000070a200000| Untracked 
|  82|0x000000070a400000, 0x000000070a599f88, 0x000000070a600000| 80%| S|CS|TAMS 0x000000070a400000, 0x000000070a400000| Complete 
|  83|0x000000070a600000, 0x000000070a600000, 0x000000070a800000|  0%| F|  |TAMS 0x000000070a600000, 0x000000070a600000| Untracked 
|  84|0x000000070a800000, 0x000000070a800000, 0x000000070aa00000|  0%| F|  |TAMS 0x000000070a800000, 0x000000070a800000| Untracked 
|  85|0x000000070aa00000, 0x000000070aa00000, 0x000000070ac00000|  0%| F|  |TAMS 0x000000070aa00000, 0x000000070aa00000| Untracked 
|  86|0x000000070ac00000, 0x000000070ac00000, 0x000000070ae00000|  0%| F|  |TAMS 0x000000070ac00000, 0x000000070ac00000| Untracked 
|  87|0x000000070ae00000, 0x000000070ae00000, 0x000000070b000000|  0%| F|  |TAMS 0x000000070ae00000, 0x000000070ae00000| Untracked 
|  88|0x000000070b000000, 0x000000070b000000, 0x000000070b200000|  0%| F|  |TAMS 0x000000070b000000, 0x000000070b000000| Untracked 
|  89|0x000000070b200000, 0x000000070b200000, 0x000000070b400000|  0%| F|  |TAMS 0x000000070b200000, 0x000000070b200000| Untracked 
|  90|0x000000070b400000, 0x000000070b400000, 0x000000070b600000|  0%| F|  |TAMS 0x000000070b400000, 0x000000070b400000| Untracked 
|  91|0x000000070b600000, 0x000000070b600000, 0x000000070b800000|  0%| F|  |TAMS 0x000000070b600000, 0x000000070b600000| Untracked 
|  92|0x000000070b800000, 0x000000070b800000, 0x000000070ba00000|  0%| F|  |TAMS 0x000000070b800000, 0x000000070b800000| Untracked 
|  93|0x000000070ba00000, 0x000000070ba00000, 0x000000070bc00000|  0%| F|  |TAMS 0x000000070ba00000, 0x000000070ba00000| Untracked 
|  94|0x000000070bc00000, 0x000000070bc00000, 0x000000070be00000|  0%| F|  |TAMS 0x000000070bc00000, 0x000000070bc00000| Untracked 
|  95|0x000000070be00000, 0x000000070be00000, 0x000000070c000000|  0%| F|  |TAMS 0x000000070be00000, 0x000000070be00000| Untracked 
|  96|0x000000070c000000, 0x000000070c000000, 0x000000070c200000|  0%| F|  |TAMS 0x000000070c000000, 0x000000070c000000| Untracked 
|  97|0x000000070c200000, 0x000000070c200000, 0x000000070c400000|  0%| F|  |TAMS 0x000000070c200000, 0x000000070c200000| Untracked 
|  98|0x000000070c400000, 0x000000070c400000, 0x000000070c600000|  0%| F|  |TAMS 0x000000070c400000, 0x000000070c400000| Untracked 
|  99|0x000000070c600000, 0x000000070c600000, 0x000000070c800000|  0%| F|  |TAMS 0x000000070c600000, 0x000000070c600000| Untracked 
| 100|0x000000070c800000, 0x000000070c800000, 0x000000070ca00000|  0%| F|  |TAMS 0x000000070c800000, 0x000000070c800000| Untracked 
| 101|0x000000070ca00000, 0x000000070ca00000, 0x000000070cc00000|  0%| F|  |TAMS 0x000000070ca00000, 0x000000070ca00000| Untracked 
| 102|0x000000070cc00000, 0x000000070cc00000, 0x000000070ce00000|  0%| F|  |TAMS 0x000000070cc00000, 0x000000070cc00000| Untracked 
| 103|0x000000070ce00000, 0x000000070ce00000, 0x000000070d000000|  0%| F|  |TAMS 0x000000070ce00000, 0x000000070ce00000| Untracked 
| 104|0x000000070d000000, 0x000000070d000000, 0x000000070d200000|  0%| F|  |TAMS 0x000000070d000000, 0x000000070d000000| Untracked 
| 105|0x000000070d200000, 0x000000070d200000, 0x000000070d400000|  0%| F|  |TAMS 0x000000070d200000, 0x000000070d200000| Untracked 
| 106|0x000000070d400000, 0x000000070d400000, 0x000000070d600000|  0%| F|  |TAMS 0x000000070d400000, 0x000000070d400000| Untracked 
| 107|0x000000070d600000, 0x000000070d600000, 0x000000070d800000|  0%| F|  |TAMS 0x000000070d600000, 0x000000070d600000| Untracked 
| 108|0x000000070d800000, 0x000000070d800000, 0x000000070da00000|  0%| F|  |TAMS 0x000000070d800000, 0x000000070d800000| Untracked 
| 109|0x000000070da00000, 0x000000070da00000, 0x000000070dc00000|  0%| F|  |TAMS 0x000000070da00000, 0x000000070da00000| Untracked 
| 110|0x000000070dc00000, 0x000000070dc00000, 0x000000070de00000|  0%| F|  |TAMS 0x000000070dc00000, 0x000000070dc00000| Untracked 
| 111|0x000000070de00000, 0x000000070de00000, 0x000000070e000000|  0%| F|  |TAMS 0x000000070de00000, 0x000000070de00000| Untracked 
| 112|0x000000070e000000, 0x000000070e000000, 0x000000070e200000|  0%| F|  |TAMS 0x000000070e000000, 0x000000070e000000| Untracked 
| 113|0x000000070e200000, 0x000000070e200000, 0x000000070e400000|  0%| F|  |TAMS 0x000000070e200000, 0x000000070e200000| Untracked 
| 114|0x000000070e400000, 0x000000070e400000, 0x000000070e600000|  0%| F|  |TAMS 0x000000070e400000, 0x000000070e400000| Untracked 
| 115|0x000000070e600000, 0x000000070e600000, 0x000000070e800000|  0%| F|  |TAMS 0x000000070e600000, 0x000000070e600000| Untracked 
| 116|0x000000070e800000, 0x000000070e800000, 0x000000070ea00000|  0%| F|  |TAMS 0x000000070e800000, 0x000000070e800000| Untracked 
| 117|0x000000070ea00000, 0x000000070ea00000, 0x000000070ec00000|  0%| F|  |TAMS 0x000000070ea00000, 0x000000070ea00000| Untracked 
| 118|0x000000070ec00000, 0x000000070ec00000, 0x000000070ee00000|  0%| F|  |TAMS 0x000000070ec00000, 0x000000070ec00000| Untracked 
| 119|0x000000070ee00000, 0x000000070ee00000, 0x000000070f000000|  0%| F|  |TAMS 0x000000070ee00000, 0x000000070ee00000| Untracked 
| 120|0x000000070f000000, 0x000000070f000000, 0x000000070f200000|  0%| F|  |TAMS 0x000000070f000000, 0x000000070f000000| Untracked 
| 121|0x000000070f200000, 0x000000070f200000, 0x000000070f400000|  0%| F|  |TAMS 0x000000070f200000, 0x000000070f200000| Untracked 
| 122|0x000000070f400000, 0x000000070f400000, 0x000000070f600000|  0%| F|  |TAMS 0x000000070f400000, 0x000000070f400000| Untracked 
| 123|0x000000070f600000, 0x000000070f600000, 0x000000070f800000|  0%| F|  |TAMS 0x000000070f600000, 0x000000070f600000| Untracked 
| 124|0x000000070f800000, 0x000000070f800000, 0x000000070fa00000|  0%| F|  |TAMS 0x000000070f800000, 0x000000070f800000| Untracked 
| 125|0x000000070fa00000, 0x000000070fa00000, 0x000000070fc00000|  0%| F|  |TAMS 0x000000070fa00000, 0x000000070fa00000| Untracked 
| 126|0x000000070fc00000, 0x000000070fc00000, 0x000000070fe00000|  0%| F|  |TAMS 0x000000070fc00000, 0x000000070fc00000| Untracked 
| 127|0x000000070fe00000, 0x000000070fe00000, 0x0000000710000000|  0%| F|  |TAMS 0x000000070fe00000, 0x000000070fe00000| Untracked 
| 128|0x0000000710000000, 0x0000000710000000, 0x0000000710200000|  0%| F|  |TAMS 0x0000000710000000, 0x0000000710000000| Untracked 
| 129|0x0000000710200000, 0x0000000710200000, 0x0000000710400000|  0%| F|  |TAMS 0x0000000710200000, 0x0000000710200000| Untracked 
| 130|0x0000000710400000, 0x0000000710400000, 0x0000000710600000|  0%| F|  |TAMS 0x0000000710400000, 0x0000000710400000| Untracked 
| 131|0x0000000710600000, 0x0000000710600000, 0x0000000710800000|  0%| F|  |TAMS 0x0000000710600000, 0x0000000710600000| Untracked 
| 132|0x0000000710800000, 0x0000000710800000, 0x0000000710a00000|  0%| F|  |TAMS 0x0000000710800000, 0x0000000710800000| Untracked 
| 133|0x0000000710a00000, 0x0000000710a00000, 0x0000000710c00000|  0%| F|  |TAMS 0x0000000710a00000, 0x0000000710a00000| Untracked 
| 134|0x0000000710c00000, 0x0000000710c00000, 0x0000000710e00000|  0%| F|  |TAMS 0x0000000710c00000, 0x0000000710c00000| Untracked 
| 135|0x0000000710e00000, 0x0000000710e00000, 0x0000000711000000|  0%| F|  |TAMS 0x0000000710e00000, 0x0000000710e00000| Untracked 
| 136|0x0000000711000000, 0x0000000711000000, 0x0000000711200000|  0%| F|  |TAMS 0x0000000711000000, 0x0000000711000000| Untracked 
| 137|0x0000000711200000, 0x0000000711200000, 0x0000000711400000|  0%| F|  |TAMS 0x0000000711200000, 0x0000000711200000| Untracked 
| 138|0x0000000711400000, 0x0000000711400000, 0x0000000711600000|  0%| F|  |TAMS 0x0000000711400000, 0x0000000711400000| Untracked 
| 139|0x0000000711600000, 0x0000000711600000, 0x0000000711800000|  0%| F|  |TAMS 0x0000000711600000, 0x0000000711600000| Untracked 
| 140|0x0000000711800000, 0x0000000711a00000, 0x0000000711a00000|100%| E|  |TAMS 0x0000000711800000, 0x0000000711800000| Complete 
| 141|0x0000000711a00000, 0x0000000711c00000, 0x0000000711c00000|100%| E|CS|TAMS 0x0000000711a00000, 0x0000000711a00000| Complete 
| 142|0x0000000711c00000, 0x0000000711e00000, 0x0000000711e00000|100%| E|CS|TAMS 0x0000000711c00000, 0x0000000711c00000| Complete 
| 172|0x0000000715800000, 0x0000000715a00000, 0x0000000715a00000|100%| E|CS|TAMS 0x0000000715800000, 0x0000000715800000| Complete 

Card table byte_map: [0x00000233d1ac0000,0x00000233d22c0000] _byte_map_base: 0x00000233ce2c0000

Marking Bits (Prev, Next): (CMBitMap*) 0x00000233bee49eb0, (CMBitMap*) 0x00000233bee49ef0
 Prev Bits: [0x00000233d2ac0000, 0x00000233d6ac0000)
 Next Bits: [0x00000233d6ac0000, 0x00000233daac0000)

Polling page: 0x00000233bcd20000

Metaspace:

Usage:
  Non-class:    104.45 MB used.
      Class:     14.67 MB used.
       Both:    119.12 MB used.

Virtual space:
  Non-class space:      128.00 MB reserved,     104.75 MB ( 82%) committed,  2 nodes.
      Class space:        1.00 GB reserved,      14.94 MB (  1%) committed,  1 nodes.
             Both:        1.12 GB reserved,     119.69 MB ( 10%) committed. 

Chunk freelists:
   Non-Class:  7.02 MB
       Class:  1.02 MB
        Both:  8.03 MB

MaxMetaspaceSize: unlimited
CompressedClassSpaceSize: 1.00 GB
Initial GC threshold: 21.00 MB
Current GC threshold: 136.06 MB
CDS: off
MetaspaceReclaimPolicy: balanced
 - commit_granule_bytes: 65536.
 - commit_granule_words: 8192.
 - virtual_space_node_default_size: 8388608.
 - enlarge_chunks_in_place: 1.
 - new_chunks_are_fully_committed: 0.
 - uncommit_free_chunks: 1.
 - use_allocation_guard: 0.
 - handle_deallocations: 1.


Internal statistics:

num_allocs_failed_limit: 9.
num_arena_births: 782.
num_arena_deaths: 2.
num_vsnodes_births: 3.
num_vsnodes_deaths: 0.
num_space_committed: 1913.
num_space_uncommitted: 0.
num_chunks_returned_to_freelist: 14.
num_chunks_taken_from_freelist: 4806.
num_chunk_merges: 10.
num_chunk_splits: 3663.
num_chunks_enlarged: 2991.
num_inconsistent_stats: 0.

CodeHeap 'non-profiled nmethods': size=120064Kb used=10955Kb max_used=10955Kb free=109108Kb
 bounds [0x00000233c9d80000, 0x00000233ca840000, 0x00000233d12c0000]
CodeHeap 'profiled nmethods': size=120000Kb used=41856Kb max_used=41856Kb free=78143Kb
 bounds [0x00000233c22c0000, 0x00000233c4bb0000, 0x00000233c97f0000]
CodeHeap 'non-nmethods': size=5696Kb used=2449Kb max_used=2487Kb free=3246Kb
 bounds [0x00000233c97f0000, 0x00000233c9a80000, 0x00000233c9d80000]
 total_blobs=16524 nmethods=15534 adapters=900
 compilation: enabled
              stopped_count=0, restarted_count=0
 full_count=0

Compilation events (20 events):
Event: 575.061 Thread 0x00000233e1008070 nmethod 19589 0x00000233ca832110 code [0x00000233ca8322a0, 0x00000233ca832358]
Event: 575.062 Thread 0x00000233e1008070 19590       3       org.gradle.internal.time.DefaultTimer::getElapsedMillis (29 bytes)
Event: 575.103 Thread 0x00000233e1008070 nmethod 19590 0x00000233c4b96410 code [0x00000233c4b965e0, 0x00000233c4b968e8]
Event: 575.961 Thread 0x00000233e1008070 19591       1       org.gradle.cache.internal.DefaultFileLockManager$DefaultFileLock::access$800 (5 bytes)
Event: 575.962 Thread 0x00000233e1008070 nmethod 19591 0x00000233ca832410 code [0x00000233ca8325a0, 0x00000233ca832658]
Event: 575.962 Thread 0x00000233e1008070 19592       1       org.gradle.cache.internal.DefaultFileLockManager::access$1000 (5 bytes)
Event: 575.962 Thread 0x00000233e1008070 nmethod 19592 0x00000233ca832710 code [0x00000233ca8328a0, 0x00000233ca832958]
Event: 575.962 Thread 0x00000233e1008070 19593       1       org.gradle.cache.internal.DefaultFileLockManager$DefaultFileLock::access$900 (5 bytes)
Event: 575.962 Thread 0x00000233e1008070 nmethod 19593 0x00000233ca832a10 code [0x00000233ca832ba0, 0x00000233ca832c58]
Event: 582.565 Thread 0x00000233e1008070 19594       3       org.gradle.internal.logging.events.CategorisedOutputEvent::<init> (21 bytes)
Event: 582.566 Thread 0x00000233e1008070 nmethod 19594 0x00000233c4b96a90 code [0x00000233c4b96c40, 0x00000233c4b96ed8]
Event: 582.781 Thread 0x00000233e1008070 19595       3       net.rubygrapefruit.platform.file.FileInfo$Type::values (10 bytes)
Event: 582.782 Thread 0x00000233e1008070 nmethod 19595 0x00000233c4b97010 code [0x00000233c4b971c0, 0x00000233c4b97468]
Event: 583.582 Thread 0x00000233e1008070 19596       3       kotlin.text.StringsKt__StringsJVMKt::replace (190 bytes)
Event: 583.586 Thread 0x00000233e1008070 nmethod 19596 0x00000233c4b97510 code [0x00000233c4b97980, 0x00000233c4b99718]
Event: 583.640 Thread 0x00000233e1008070 19597       3       java.lang.String::indexOf (18 bytes)
Event: 583.641 Thread 0x00000233e1008070 nmethod 19597 0x00000233c4b9a390 code [0x00000233c4b9a560, 0x00000233c4b9a828]
Event: 583.696 Thread 0x00000233e1008070 19598       3       java.lang.String::indexOf (113 bytes)
Event: 583.698 Thread 0x00000233e1008070 nmethod 19598 0x00000233c4b9a990 code [0x00000233c4b9abc0, 0x00000233c4b9b1e8]
Event: 583.849 Thread 0x00000233dccb51c0 19599       4       org.jetbrains.org.objectweb.asm.signature.SignatureReader::parseType (411 bytes)

GC Heap History (20 events):
Event: 407.932 GC heap before
{Heap before GC invocations=100 (full 0):
 garbage-first heap   total 294912K, used 252166K [0x0000000700000000, 0x0000000800000000)
  region size 2048K, 73 young (149504K), 4 survivors (8192K)
 Metaspace       used 106695K, committed 107264K, reserved 1179648K
  class space    used 12769K, committed 13056K, reserved 1048576K
}
Event: 407.958 GC heap after
{Heap after GC invocations=101 (full 0):
 garbage-first heap   total 294912K, used 101495K [0x0000000700000000, 0x0000000800000000)
  region size 2048K, 3 young (6144K), 3 survivors (6144K)
 Metaspace       used 106695K, committed 107264K, reserved 1179648K
  class space    used 12769K, committed 13056K, reserved 1048576K
}
Event: 420.965 GC heap before
{Heap before GC invocations=101 (full 0):
 garbage-first heap   total 294912K, used 257143K [0x0000000700000000, 0x0000000800000000)
  region size 2048K, 77 young (157696K), 3 survivors (6144K)
 Metaspace       used 107089K, committed 107712K, reserved 1179648K
  class space    used 12848K, committed 13120K, reserved 1048576K
}
Event: 420.999 GC heap after
{Heap after GC invocations=102 (full 0):
 garbage-first heap   total 294912K, used 101271K [0x0000000700000000, 0x0000000800000000)
  region size 2048K, 3 young (6144K), 3 survivors (6144K)
 Metaspace       used 107089K, committed 107712K, reserved 1179648K
  class space    used 12848K, committed 13120K, reserved 1048576K
}
Event: 450.907 GC heap before
{Heap before GC invocations=102 (full 0):
 garbage-first heap   total 294912K, used 265111K [0x0000000700000000, 0x0000000800000000)
  region size 2048K, 77 young (157696K), 3 survivors (6144K)
 Metaspace       used 112682K, committed 113216K, reserved 1179648K
  class space    used 13567K, committed 13824K, reserved 1048576K
}
Event: 451.010 GC heap after
{Heap after GC invocations=103 (full 0):
 garbage-first heap   total 294912K, used 123876K [0x0000000700000000, 0x0000000800000000)
  region size 2048K, 10 young (20480K), 10 survivors (20480K)
 Metaspace       used 112682K, committed 113216K, reserved 1179648K
  class space    used 13567K, committed 13824K, reserved 1048576K
}
Event: 479.212 GC heap before
{Heap before GC invocations=103 (full 0):
 garbage-first heap   total 294912K, used 240612K [0x0000000700000000, 0x0000000800000000)
  region size 2048K, 67 young (137216K), 10 survivors (20480K)
 Metaspace       used 118476K, committed 119040K, reserved 1179648K
  class space    used 14513K, committed 14784K, reserved 1048576K
}
Event: 479.736 GC heap after
{Heap after GC invocations=104 (full 0):
 garbage-first heap   total 294912K, used 126863K [0x0000000700000000, 0x0000000800000000)
  region size 2048K, 2 young (4096K), 2 survivors (4096K)
 Metaspace       used 118476K, committed 119040K, reserved 1179648K
  class space    used 14513K, committed 14784K, reserved 1048576K
}
Event: 504.876 GC heap before
{Heap before GC invocations=104 (full 0):
 garbage-first heap   total 294912K, used 241551K [0x0000000700000000, 0x0000000800000000)
  region size 2048K, 58 young (118784K), 2 survivors (4096K)
 Metaspace       used 121813K, committed 122432K, reserved 1179648K
  class space    used 14997K, committed 15296K, reserved 1048576K
}
Event: 504.906 GC heap after
{Heap after GC invocations=105 (full 0):
 garbage-first heap   total 294912K, used 128987K [0x0000000700000000, 0x0000000800000000)
  region size 2048K, 3 young (6144K), 3 survivors (6144K)
 Metaspace       used 121813K, committed 122432K, reserved 1179648K
  class space    used 14997K, committed 15296K, reserved 1048576K
}
Event: 515.773 GC heap before
{Heap before GC invocations=105 (full 0):
 garbage-first heap   total 294912K, used 243675K [0x0000000700000000, 0x0000000800000000)
  region size 2048K, 59 young (120832K), 3 survivors (6144K)
 Metaspace       used 121815K, committed 122432K, reserved 1179648K
  class space    used 14998K, committed 15296K, reserved 1048576K
}
Event: 515.796 GC heap after
{Heap after GC invocations=106 (full 0):
 garbage-first heap   total 294912K, used 129935K [0x0000000700000000, 0x0000000800000000)
  region size 2048K, 3 young (6144K), 3 survivors (6144K)
 Metaspace       used 121815K, committed 122432K, reserved 1179648K
  class space    used 14998K, committed 15296K, reserved 1048576K
}
Event: 533.563 GC heap before
{Heap before GC invocations=106 (full 0):
 garbage-first heap   total 294912K, used 246671K [0x0000000700000000, 0x0000000800000000)
  region size 2048K, 60 young (122880K), 3 survivors (6144K)
 Metaspace       used 121820K, committed 122432K, reserved 1179648K
  class space    used 14998K, committed 15296K, reserved 1048576K
}
Event: 533.594 GC heap after
{Heap after GC invocations=107 (full 0):
 garbage-first heap   total 294912K, used 131983K [0x0000000700000000, 0x0000000800000000)
  region size 2048K, 4 young (8192K), 4 survivors (8192K)
 Metaspace       used 121820K, committed 122432K, reserved 1179648K
  class space    used 14998K, committed 15296K, reserved 1048576K
}
Event: 548.070 GC heap before
{Heap before GC invocations=107 (full 0):
 garbage-first heap   total 294912K, used 248719K [0x0000000700000000, 0x0000000800000000)
  region size 2048K, 61 young (124928K), 4 survivors (8192K)
 Metaspace       used 121821K, committed 122432K, reserved 1179648K
  class space    used 14998K, committed 15296K, reserved 1048576K
}
Event: 548.098 GC heap after
{Heap after GC invocations=108 (full 0):
 garbage-first heap   total 294912K, used 134031K [0x0000000700000000, 0x0000000800000000)
  region size 2048K, 5 young (10240K), 5 survivors (10240K)
 Metaspace       used 121821K, committed 122432K, reserved 1179648K
  class space    used 14998K, committed 15296K, reserved 1048576K
}
Event: 562.944 GC heap before
{Heap before GC invocations=108 (full 0):
 garbage-first heap   total 294912K, used 250767K [0x0000000700000000, 0x0000000800000000)
  region size 2048K, 62 young (126976K), 5 survivors (10240K)
 Metaspace       used 121904K, committed 122496K, reserved 1179648K
  class space    used 15013K, committed 15296K, reserved 1048576K
}
Event: 562.965 GC heap after
{Heap after GC invocations=109 (full 0):
 garbage-first heap   total 294912K, used 127481K [0x0000000700000000, 0x0000000800000000)
  region size 2048K, 1 young (2048K), 1 survivors (2048K)
 Metaspace       used 121904K, committed 122496K, reserved 1179648K
  class space    used 15013K, committed 15296K, reserved 1048576K
}
Event: 580.555 GC heap before
{Heap before GC invocations=109 (full 0):
 garbage-first heap   total 294912K, used 250361K [0x0000000700000000, 0x0000000800000000)
  region size 2048K, 61 young (124928K), 1 survivors (2048K)
 Metaspace       used 121929K, committed 122496K, reserved 1179648K
  class space    used 15013K, committed 15296K, reserved 1048576K
}
Event: 580.605 GC heap after
{Heap after GC invocations=110 (full 0):
 garbage-first heap   total 294912K, used 127410K [0x0000000700000000, 0x0000000800000000)
  region size 2048K, 1 young (2048K), 1 survivors (2048K)
 Metaspace       used 121929K, committed 122496K, reserved 1179648K
  class space    used 15013K, committed 15296K, reserved 1048576K
}

Dll operation events (2 events):
Event: 0.035 Loaded shared library C:\Program Files\Android\Android Studio\jbr\bin\java.dll
Event: 3.797 Loaded shared library C:\Program Files\Android\Android Studio\jbr\bin\verify.dll

Deoptimization events (20 events):
Event: 565.610 Thread 0x00000233e2a19220 Uncommon trap: trap_request=0xffffff76 fr.pc=0x00000233ca816820 relative=0x0000000000000080
Event: 565.610 Thread 0x00000233e2a19220 Uncommon trap: reason=predicate action=maybe_recompile pc=0x00000233ca816820 method=java.util.ComparableTimSort.binarySort([Ljava/lang/Object;III)V @ 34 c2
Event: 565.611 Thread 0x00000233e2a19220 DEOPT PACKING pc=0x00000233ca816820 sp=0x00000098f30f6460
Event: 565.611 Thread 0x00000233e2a19220 DEOPT UNPACKING pc=0x00000233c98469a3 sp=0x00000098f30f6408 mode 2
Event: 565.662 Thread 0x00000233e2a19220 Uncommon trap: trap_request=0xffffff45 fr.pc=0x00000233ca827f90 relative=0x00000000000005d0
Event: 565.662 Thread 0x00000233e2a19220 Uncommon trap: reason=unstable_if action=reinterpret pc=0x00000233ca827f90 method=java.util.ComparableTimSort.countRunAndMakeAscending([Ljava/lang/Object;II)I @ 25 c2
Event: 565.662 Thread 0x00000233e2a19220 DEOPT PACKING pc=0x00000233ca827f90 sp=0x00000098f30f6470
Event: 565.662 Thread 0x00000233e2a19220 DEOPT UNPACKING pc=0x00000233c98469a3 sp=0x00000098f30f6428 mode 2
Event: 568.069 Thread 0x00000233e2a19220 Uncommon trap: trap_request=0xffffff45 fr.pc=0x00000233ca0c15e4 relative=0x0000000000000224
Event: 568.069 Thread 0x00000233e2a19220 Uncommon trap: reason=unstable_if action=reinterpret pc=0x00000233ca0c15e4 method=java.lang.String.encodeUTF8(B[BZ)[B @ 18 c2
Event: 568.069 Thread 0x00000233e2a19220 DEOPT PACKING pc=0x00000233ca0c15e4 sp=0x00000098f30f5cc0
Event: 568.069 Thread 0x00000233e2a19220 DEOPT UNPACKING pc=0x00000233c98469a3 sp=0x00000098f30f5bd8 mode 2
Event: 582.778 Thread 0x00000233e2a19220 Uncommon trap: trap_request=0xffffff45 fr.pc=0x00000233ca686d1c relative=0x000000000000009c
Event: 582.778 Thread 0x00000233e2a19220 Uncommon trap: reason=unstable_if action=reinterpret pc=0x00000233ca686d1c method=java.util.Spliterators$ArraySpliterator.tryAdvance(Ljava/util/function/Consumer;)Z @ 27 c2
Event: 582.778 Thread 0x00000233e2a19220 DEOPT PACKING pc=0x00000233ca686d1c sp=0x00000098f30f3a40
Event: 582.778 Thread 0x00000233e2a19220 DEOPT UNPACKING pc=0x00000233c98469a3 sp=0x00000098f30f39d0 mode 2
Event: 582.781 Thread 0x00000233e2a19220 Uncommon trap: trap_request=0xffffffd6 fr.pc=0x00000233ca82fdf0 relative=0x00000000000012b0
Event: 582.781 Thread 0x00000233e2a19220 Uncommon trap: reason=array_check action=maybe_recompile pc=0x00000233ca82fdf0 method=java.util.TimSort.reverseRange([Ljava/lang/Object;II)V @ 27 c2
Event: 582.781 Thread 0x00000233e2a19220 DEOPT PACKING pc=0x00000233ca82fdf0 sp=0x00000098f30f5b10
Event: 582.782 Thread 0x00000233e2a19220 DEOPT UNPACKING pc=0x00000233c98469a3 sp=0x00000098f30f59a8 mode 2

Classes unloaded (6 events):
Event: 60.401 Thread 0x00000233dcc092a0 Unloading class 0x000000080061d820 '_BuildScript_$_run_closure2'
Event: 60.401 Thread 0x00000233dcc092a0 Unloading class 0x000000080061d410 '_BuildScript_$_run_closure1$_closure4'
Event: 60.401 Thread 0x00000233dcc092a0 Unloading class 0x000000080061d000 '_BuildScript_$_run_closure1$_closure3$_closure5'
Event: 60.401 Thread 0x00000233dcc092a0 Unloading class 0x000000080061c968 '_BuildScript_$_run_closure1$_closure3'
Event: 60.401 Thread 0x00000233dcc092a0 Unloading class 0x000000080061c558 '_BuildScript_$_run_closure1'
Event: 60.401 Thread 0x00000233dcc092a0 Unloading class 0x000000080061c000 '_BuildScript_'

Classes redefined (0 events):
No events

Internal exceptions (20 events):
Event: 367.573 Thread 0x00000233e2a19220 Implicit null exception at 0x00000233ca119930 to 0x00000233ca119960
Event: 367.774 Thread 0x00000233e2a19220 Implicit null exception at 0x00000233ca04cac4 to 0x00000233ca04f6a8
Event: 368.072 Thread 0x00000233e2a19220 Implicit null exception at 0x00000233ca0f76bd to 0x00000233ca0f8398
Event: 369.243 Thread 0x00000233e2a19220 Implicit null exception at 0x00000233c9e18c79 to 0x00000233c9e1df60
Event: 373.185 Thread 0x00000233e2a19220 Implicit null exception at 0x00000233ca6b0b12 to 0x00000233ca6b5328
Event: 420.608 Thread 0x00000233e2a19220 Exception <a 'java/lang/IncompatibleClassChangeError'{0x00000007089d05d0}: Found class java.lang.Object, but interface was expected> (0x00000007089d05d0) 
thrown [s\src\hotspot\share\interpreter\linkResolver.cpp, line 838]
Event: 444.273 Thread 0x00000233e2a19220 Implicit null exception at 0x00000233ca534873 to 0x00000233ca534918
Event: 452.322 Thread 0x00000233e38faa10 Exception <a 'sun/nio/fs/WindowsException'{0x0000000711d81808}> (0x0000000711d81808) 
thrown [s\src\hotspot\share\prims\jni.cpp, line 517]
Event: 452.323 Thread 0x00000233e38faa10 Implicit null exception at 0x00000233ca16f48f to 0x00000233ca16fcec
Event: 452.358 Thread 0x00000233e38faa10 Exception <a 'sun/nio/fs/WindowsException'{0x0000000711dad410}> (0x0000000711dad410) 
thrown [s\src\hotspot\share\prims\jni.cpp, line 517]
Event: 452.359 Thread 0x00000233e38faa10 Exception <a 'sun/nio/fs/WindowsException'{0x0000000711dad580}> (0x0000000711dad580) 
thrown [s\src\hotspot\share\prims\jni.cpp, line 517]
Event: 473.126 Thread 0x00000233e2e06950 Exception <a 'sun/nio/fs/WindowsException'{0x000000070bf083c0}> (0x000000070bf083c0) 
thrown [s\src\hotspot\share\prims\jni.cpp, line 517]
Event: 473.127 Thread 0x00000233e2e06950 Implicit null exception at 0x00000233ca0bef0f to 0x00000233ca0bf724
Event: 473.208 Thread 0x00000233e2e06950 Exception <a 'sun/nio/fs/WindowsException'{0x000000070bf325c0}> (0x000000070bf325c0) 
thrown [s\src\hotspot\share\prims\jni.cpp, line 517]
Event: 473.311 Thread 0x00000233e2e06950 Exception <a 'sun/nio/fs/WindowsException'{0x000000070bf32730}> (0x000000070bf32730) 
thrown [s\src\hotspot\share\prims\jni.cpp, line 517]
Event: 474.411 Thread 0x00000233e2a19220 Implicit null exception at 0x00000233ca1ed69c to 0x00000233ca1edad0
Event: 475.488 Thread 0x00000233e2a19220 Exception <a 'java/lang/NoSuchMethodError'{0x000000070b9c7e78}: 'java.lang.Object java.lang.invoke.DirectMethodHandle$Holder.newInvokeSpecial(java.lang.Object, int, java.lang.Object)'> (0x000000070b9c7e78) 
thrown [s\src\hotspot\share\interpreter\linkResolver.cpp, line 771]
Event: 480.744 Thread 0x00000233e2a19220 Exception <a 'java/lang/IncompatibleClassChangeError'{0x00000007158bd340}: Found class java.lang.Object, but interface was expected> (0x00000007158bd340) 
thrown [s\src\hotspot\share\interpreter\linkResolver.cpp, line 838]
Event: 483.123 Thread 0x00000233e2a19220 Implicit null exception at 0x00000233c9fc2e5a to 0x00000233c9fc3004
Event: 488.053 Thread 0x00000233e2a19220 Exception <a 'java/lang/NoSuchMethodError'{0x00000007114bd158}: 'java.lang.Object java.lang.invoke.DirectMethodHandle$Holder.invokeSpecial(java.lang.Object, java.lang.Object, int, java.lang.Object, java.lang.Object, java.lang.Object)'> (0x00000007114bd158) 
thrown [s\src\hotspot\share\interpreter\linkResolver.cpp, line 771]

VM Operations (20 events):
Event: 560.984 Executing VM operation: Cleanup
Event: 560.984 Executing VM operation: Cleanup done
Event: 562.944 Executing VM operation: G1CollectForAllocation
Event: 562.971 Executing VM operation: G1CollectForAllocation done
Event: 563.975 Executing VM operation: Cleanup
Event: 563.975 Executing VM operation: Cleanup done
Event: 566.021 Executing VM operation: Cleanup
Event: 566.230 Executing VM operation: Cleanup done
Event: 567.255 Executing VM operation: Cleanup
Event: 567.345 Executing VM operation: Cleanup done
Event: 568.350 Executing VM operation: Cleanup
Event: 568.350 Executing VM operation: Cleanup done
Event: 572.377 Executing VM operation: Cleanup
Event: 572.462 Executing VM operation: Cleanup done
Event: 575.471 Executing VM operation: Cleanup
Event: 575.471 Executing VM operation: Cleanup done
Event: 580.555 Executing VM operation: G1CollectForAllocation
Event: 580.606 Executing VM operation: G1CollectForAllocation done
Event: 582.608 Executing VM operation: Cleanup
Event: 582.660 Executing VM operation: Cleanup done

Events (20 events):
Event: 483.093 loading class jdk/jfr/FlightRecorderListener
Event: 483.093 loading class jdk/jfr/FlightRecorderListener done
Event: 483.093 loading class jdk/management/jfr/FlightRecorderMXBeanImpl$MXBeanListener done
Event: 483.121 loading class sun/reflect/misc/MethodUtil
Event: 483.122 loading class sun/reflect/misc/MethodUtil done
Event: 483.122 loading class sun/reflect/misc/MethodUtil$1
Event: 483.122 loading class sun/reflect/misc/MethodUtil$1 done
Event: 483.231 Thread 0x00000233e38fd560 Thread added: 0x00000233e38fd560
Event: 558.740 loading class java/util/zip/ZipInputStream
Event: 558.761 loading class java/util/zip/ZipInputStream done
Event: 558.771 loading class java/io/PushbackInputStream
Event: 558.772 loading class java/io/PushbackInputStream done
Event: 558.945 loading class java/util/stream/SortedOps$OfRef
Event: 559.029 loading class java/util/stream/ReferencePipeline$StatefulOp
Event: 559.102 loading class java/util/stream/ReferencePipeline$StatefulOp done
Event: 559.102 loading class java/util/stream/SortedOps$OfRef done
Event: 559.102 loading class java/util/stream/SortedOps$RefSortingSink
Event: 559.103 loading class java/util/stream/SortedOps$AbstractRefSortingSink
Event: 559.126 loading class java/util/stream/SortedOps$AbstractRefSortingSink done
Event: 559.126 loading class java/util/stream/SortedOps$RefSortingSink done


Dynamic libraries:
0x00007ff7c2520000 - 0x00007ff7c252a000 	C:\Program Files\Android\Android Studio\jbr\bin\java.exe
0x00007ffd87e80000 - 0x00007ffd88089000 	C:\WINDOWS\SYSTEM32\ntdll.dll
0x00007ffd85ce0000 - 0x00007ffd85d9d000 	C:\WINDOWS\System32\KERNEL32.DLL
0x00007ffd85380000 - 0x00007ffd85704000 	C:\WINDOWS\System32\KERNELBASE.dll
0x00007ffd85800000 - 0x00007ffd85911000 	C:\WINDOWS\System32\ucrtbase.dll
0x00007ffd794c0000 - 0x00007ffd794d7000 	C:\Program Files\Android\Android Studio\jbr\bin\jli.dll
0x00007ffd87a50000 - 0x00007ffd87bfd000 	C:\WINDOWS\System32\USER32.dll
0x00007ffd85710000 - 0x00007ffd85736000 	C:\WINDOWS\System32\win32u.dll
0x00007ffd86270000 - 0x00007ffd8629a000 	C:\WINDOWS\System32\GDI32.dll
0x00007ffd85bb0000 - 0x00007ffd85cce000 	C:\WINDOWS\System32\gdi32full.dll
0x00007ffd78600000 - 0x00007ffd7861b000 	C:\Program Files\Android\Android Studio\jbr\bin\VCRUNTIME140.dll
0x00007ffd85920000 - 0x00007ffd859bd000 	C:\WINDOWS\System32\msvcp_win.dll
0x00007ffd6f600000 - 0x00007ffd6f8a5000 	C:\WINDOWS\WinSxS\amd64_microsoft.windows.common-controls_6595b64144ccf1df_6.0.22000.120_none_9d947278b86cc467\COMCTL32.dll
0x00007ffd86a80000 - 0x00007ffd86b23000 	C:\WINDOWS\System32\msvcrt.dll
0x00007ffd86370000 - 0x00007ffd863a1000 	C:\WINDOWS\System32\IMM32.DLL
0x00007ffd825a0000 - 0x00007ffd825ac000 	C:\Program Files\Android\Android Studio\jbr\bin\vcruntime140_1.dll
0x00007ffd6e3b0000 - 0x00007ffd6e43d000 	C:\Program Files\Android\Android Studio\jbr\bin\msvcp140.dll
0x00007ffd4bde0000 - 0x00007ffd4ca60000 	C:\Program Files\Android\Android Studio\jbr\bin\server\jvm.dll
0x00007ffd87c00000 - 0x00007ffd87cae000 	C:\WINDOWS\System32\ADVAPI32.dll
0x00007ffd874f0000 - 0x00007ffd8758e000 	C:\WINDOWS\System32\sechost.dll
0x00007ffd873c0000 - 0x00007ffd874e1000 	C:\WINDOWS\System32\RPCRT4.dll
0x00007ffd79860000 - 0x00007ffd79869000 	C:\WINDOWS\SYSTEM32\WSOCK32.dll
0x00007ffd863c0000 - 0x00007ffd8642f000 	C:\WINDOWS\System32\WS2_32.dll
0x00007ffd7e5b0000 - 0x00007ffd7e5e3000 	C:\WINDOWS\SYSTEM32\WINMM.dll
0x00007ffd7e5f0000 - 0x00007ffd7e5fa000 	C:\WINDOWS\SYSTEM32\VERSION.dll
0x00007ffd84380000 - 0x00007ffd84398000 	C:\WINDOWS\SYSTEM32\kernel.appcore.dll
0x00007ffd79790000 - 0x00007ffd7979a000 	C:\Program Files\Android\Android Studio\jbr\bin\jimage.dll
0x00007ffd79f00000 - 0x00007ffd7a121000 	C:\WINDOWS\SYSTEM32\DBGHELP.DLL
0x00007ffd73cf0000 - 0x00007ffd73d21000 	C:\WINDOWS\SYSTEM32\dbgcore.DLL
0x00007ffd85b30000 - 0x00007ffd85baf000 	C:\WINDOWS\System32\bcryptPrimitives.dll
0x00007ffd77e80000 - 0x00007ffd77ea5000 	C:\Program Files\Android\Android Studio\jbr\bin\java.dll
0x00007ffd77e60000 - 0x00007ffd77e78000 	C:\Program Files\Android\Android Studio\jbr\bin\zip.dll
0x00007ffd86bd0000 - 0x00007ffd87395000 	C:\WINDOWS\System32\SHELL32.dll
0x00007ffd833e0000 - 0x00007ffd83c42000 	C:\WINDOWS\SYSTEM32\windows.storage.dll
0x00007ffd85e10000 - 0x00007ffd86186000 	C:\WINDOWS\System32\combase.dll
0x00007ffd83270000 - 0x00007ffd833d7000 	C:\WINDOWS\SYSTEM32\wintypes.dll
0x00007ffd87960000 - 0x00007ffd87a4a000 	C:\WINDOWS\System32\SHCORE.dll
0x00007ffd87cb0000 - 0x00007ffd87d0d000 	C:\WINDOWS\System32\shlwapi.dll
0x00007ffd85240000 - 0x00007ffd85265000 	C:\WINDOWS\SYSTEM32\profapi.dll
0x00007ffd73bb0000 - 0x00007ffd73bc9000 	C:\Program Files\Android\Android Studio\jbr\bin\net.dll
0x00007ffd7bf10000 - 0x00007ffd7c024000 	C:\WINDOWS\SYSTEM32\WINHTTP.dll
0x00007ffd848a0000 - 0x00007ffd84907000 	C:\WINDOWS\system32\mswsock.dll
0x00007ffd701f0000 - 0x00007ffd70206000 	C:\Program Files\Android\Android Studio\jbr\bin\nio.dll
0x00007ffd78d90000 - 0x00007ffd78da0000 	C:\Program Files\Android\Android Studio\jbr\bin\verify.dll
0x00007ffd6e480000 - 0x00007ffd6e4a7000 	C:\Users\USER\.gradle\native\c067742578af261105cb4f569cf0c3c89f3d7b1fecec35dd04571415982c5e48\windows-amd64\native-platform.dll
0x00007ffd581a0000 - 0x00007ffd582e4000 	C:\Users\USER\.gradle\native\38dada09dfb8b06ba9b0570ebf7e218e3eb74d4ef43ca46872605cf95ebc2f47\windows-amd64\native-platform-file-events.dll
0x00007ffd785f0000 - 0x00007ffd785f9000 	C:\Program Files\Android\Android Studio\jbr\bin\management.dll
0x00007ffd78590000 - 0x00007ffd7859b000 	C:\Program Files\Android\Android Studio\jbr\bin\management_ext.dll
0x00007ffd863b0000 - 0x00007ffd863b8000 	C:\WINDOWS\System32\PSAPI.DLL
0x00007ffd84ae0000 - 0x00007ffd84af8000 	C:\WINDOWS\SYSTEM32\CRYPTSP.dll
0x00007ffd842e0000 - 0x00007ffd84315000 	C:\WINDOWS\system32\rsaenh.dll
0x00007ffd84990000 - 0x00007ffd849bc000 	C:\WINDOWS\SYSTEM32\USERENV.dll
0x00007ffd84d20000 - 0x00007ffd84d47000 	C:\WINDOWS\SYSTEM32\bcrypt.dll
0x00007ffd84b00000 - 0x00007ffd84b0c000 	C:\WINDOWS\SYSTEM32\CRYPTBASE.dll
0x00007ffd83f30000 - 0x00007ffd83f5d000 	C:\WINDOWS\SYSTEM32\IPHLPAPI.DLL
0x00007ffd868b0000 - 0x00007ffd868b9000 	C:\WINDOWS\System32\NSI.dll
0x00007ffd7bef0000 - 0x00007ffd7bf09000 	C:\WINDOWS\SYSTEM32\dhcpcsvc6.DLL
0x00007ffd7c130000 - 0x00007ffd7c14e000 	C:\WINDOWS\SYSTEM32\dhcpcsvc.DLL
0x00007ffd83f60000 - 0x00007ffd84047000 	C:\WINDOWS\SYSTEM32\DNSAPI.dll
0x00007ffd742b0000 - 0x00007ffd742b8000 	C:\WINDOWS\system32\wshunix.dll

dbghelp: loaded successfully - version: 4.0.5 - missing functions: none
symbol engine: initialized successfully - sym options: 0x614 - pdb path: .;C:\Program Files\Android\Android Studio\jbr\bin;C:\WINDOWS\SYSTEM32;C:\WINDOWS\WinSxS\amd64_microsoft.windows.common-controls_6595b64144ccf1df_6.0.22000.120_none_9d947278b86cc467;C:\Program Files\Android\Android Studio\jbr\bin\server;C:\Users\USER\.gradle\native\c067742578af261105cb4f569cf0c3c89f3d7b1fecec35dd04571415982c5e48\windows-amd64;C:\Users\USER\.gradle\native\38dada09dfb8b06ba9b0570ebf7e218e3eb74d4ef43ca46872605cf95ebc2f47\windows-amd64

VM Arguments:
jvm_args: --add-opens=java.base/java.util=ALL-UNNAMED --add-opens=java.base/java.lang=ALL-UNNAMED --add-opens=java.base/java.lang.invoke=ALL-UNNAMED --add-opens=java.prefs/java.util.prefs=ALL-UNNAMED --add-opens=java.base/java.nio.charset=ALL-UNNAMED --add-opens=java.base/java.net=ALL-UNNAMED --add-opens=java.base/java.util.concurrent.atomic=ALL-UNNAMED -Xmx4G -Dfile.encoding=windows-1252 -Duser.country=US -Duser.language=en -Duser.variant 
java_command: org.gradle.launcher.daemon.bootstrap.GradleDaemon 7.6.3
java_class_path (initial): C:\Users\USER\.gradle\wrapper\dists\gradle-7.6.3-all\aocdy2d2z8kodnny3rsumj8i8\gradle-7.6.3\lib\gradle-launcher-7.6.3.jar
Launcher Type: SUN_STANDARD

[Global flags]
     intx CICompilerCount                          = 2                                         {product} {ergonomic}
     uint ConcGCThreads                            = 1                                         {product} {ergonomic}
     uint G1ConcRefinementThreads                  = 2                                         {product} {ergonomic}
   size_t G1HeapRegionSize                         = 2097152                                   {product} {ergonomic}
    uintx GCDrainStackTargetSize                   = 64                                        {product} {ergonomic}
   size_t InitialHeapSize                          = 67108864                                  {product} {ergonomic}
   size_t MarkStackSize                            = 4194304                                   {product} {ergonomic}
   size_t MaxHeapSize                              = 4294967296                                {product} {command line}
   size_t MaxNewSize                               = 2575302656                                {product} {ergonomic}
   size_t MinHeapDeltaBytes                        = 2097152                                   {product} {ergonomic}
   size_t MinHeapSize                              = 8388608                                   {product} {ergonomic}
    uintx NonNMethodCodeHeapSize                   = 5826188                                {pd product} {ergonomic}
    uintx NonProfiledCodeHeapSize                  = 122916026                              {pd product} {ergonomic}
    uintx ProfiledCodeHeapSize                     = 122916026                              {pd product} {ergonomic}
    uintx ReservedCodeCacheSize                    = 251658240                              {pd product} {ergonomic}
     bool SegmentedCodeCache                       = true                                      {product} {ergonomic}
   size_t SoftMaxHeapSize                          = 4294967296                             {manageable} {ergonomic}
     bool UseCompressedClassPointers               = true                           {product lp64_product} {ergonomic}
     bool UseCompressedOops                        = true                           {product lp64_product} {ergonomic}
     bool UseG1GC                                  = true                                      {product} {ergonomic}
     bool UseLargePagesIndividualAllocation        = false                                  {pd product} {ergonomic}

Logging:
Log output configuration:
 #0: stdout all=warning uptime,level,tags
 #1: stderr all=off uptime,level,tags

Environment Variables:
JAVA_HOME=C:\Program Files\Android\Android Studio\jbr
CLASSPATH=D:\SEMESTER 4\belajar_flutter\android\\gradle\wrapper\gradle-wrapper.jar
PATH=C:\Program Files\Android\Android Studio\jbr\bin;C:\Program Files\Common Files\Oracle\Java\javapath;C:\WINDOWS\system32;C:\WINDOWS;C:\WINDOWS\System32\Wbem;C:\WINDOWS\System32\WindowsPowerShell\v1.0\;C:\WINDOWS\System32\OpenSSH\;C:\Program Files\Git\cmd;C:\Users\USER\anaconda3;C:\Users\USER\anaconda3\Library\mingw-w64\bin;C:\Users\USER\anaconda3\Library\usr\bin;C:\Users\USER\anaconda3\Library\bin;C:\Users\USER\anaconda3\Scripts;C:\Users\USER\AppData\Local\Microsoft\WindowsApps;C:\Users\USER\AppData\Local\Programs\Microsoft VS Code\bin;C:\Users\USER\AppData\Local\GitHubDesktop\bin
USERNAME=USER
OS=Windows_NT
PROCESSOR_IDENTIFIER=AMD64 Family 21 Model 112 Stepping 0, AuthenticAMD
TMP=C:\Users\USER\AppData\Local\Temp
TEMP=C:\Users\USER\AppData\Local\Temp


JNI global refs:
JNI global refs: 24, weak refs: 2

JNI global refs memory usage: 843, weak refs: 841

OOME stack traces (most recent first):
Classloader memory used:
Loader org.gradle.internal.classloader.VisitableURLClassLoader                         : 11325K
Loader bootstrap                                                                       : 2944K
Loader org.gradle.initialization.MixInLegacyTypesClassLoader                           : 811K
Loader jdk.internal.loader.ClassLoaders$PlatformClassLoader                            : 67202B
Loader jdk.internal.jrtfs.JrtFileSystemProvider$JrtFsLoader                            : 43431B
Loader jdk.internal.reflect.DelegatingClassLoader                                      : 26557B
Loader jdk.internal.loader.ClassLoaders$AppClassLoader                                 : 26015B
Loader org.gradle.groovy.scripts.internal.DefaultScriptCompilationHandler$ScriptClassLoader: 5053B
Loader org.gradle.internal.classloader.VisitableURLClassLoader                         : 2004B
Loader org.codehaus.groovy.runtime.callsite.CallSiteClassLoader                        : 1883B
Loader sun.reflect.misc.MethodUtil                                                     : 373B

Classes loaded by more than one classloader:
Class org.gradle.internal.installation.GradleInstallation                             : loaded 2 times (x 73B)
Class org.gradle.internal.classpath.ClassPath                                         : loaded 2 times (x 68B)
Class org.gradle.api.internal.classpath.DefaultModuleRegistry                         : loaded 2 times (x 84B)
Class jdk.internal.jimage.BasicImageReader$1                                          : loaded 2 times (x 75B)
Class org.gradle.api.Action                                                           : loaded 2 times (x 68B)
Class jdk.internal.jimage.ImageBufferCache$1                                          : loaded 2 times (x 78B)
Class jdk.internal.jimage.ImageBufferCache$2                                          : loaded 2 times (x 89B)
Class org.gradle.api.internal.DefaultClassPathProvider                                : loaded 2 times (x 74B)
Class org.gradle.internal.installation.GradleInstallation$1                           : loaded 2 times (x 73B)
Class jdk.internal.jrtfs.SystemImage$1                                                : loaded 2 times (x 76B)
Class jdk.internal.jrtfs.SystemImage$2                                                : loaded 2 times (x 74B)
Class org.gradle.internal.classloader.FilteringClassLoader                            : loaded 2 times (x 102B)
Class jdk.internal.jimage.ImageReader$Resource                                        : loaded 2 times (x 82B)
Class jdk.internal.jrtfs.SystemImage                                                  : loaded 2 times (x 72B)
Class org.gradle.internal.classpath.DefaultClassPath$ImmutableUniqueList$Builder      : loaded 2 times (x 73B)
Class jdk.internal.jrtfs.JrtDirectoryStream$1                                         : loaded 2 times (x 81B)
Class org.gradle.internal.classloader.ClassLoaderVisitor                              : loaded 2 times (x 74B)
Class org.gradle.internal.service.DefaultServiceLocator                               : loaded 2 times (x 81B)
Class org.gradle.internal.service.UnknownServiceException                             : loaded 2 times (x 81B)
Class org.gradle.internal.classloader.DefaultClassLoaderFactory                       : loaded 2 times (x 80B)
Class jdk.internal.jimage.ImageReader$SharedImageReader                               : loaded 2 times (x 93B)
Class jdk.internal.jimage.decompressor.ZipDecompressorFactory                         : loaded 2 times (x 72B)
Class org.gradle.internal.classloader.VisitableURLClassLoader$Spec                    : loaded 2 times (x 72B)
Class org.gradle.api.GradleException                                                  : loaded 2 times (x 80B)
Class org.gradle.api.internal.classpath.ModuleRegistry                                : loaded 2 times (x 68B)
Class org.gradle.api.internal.ClassPathProvider                                       : loaded 2 times (x 68B)
Class org.gradle.internal.classloader.ClasspathUtil$1                                 : loaded 2 times (x 74B)
Class org.gradle.internal.classloader.ClassLoaderFactory                              : loaded 2 times (x 68B)
Class jdk.internal.jimage.ImageHeader                                                 : loaded 2 times (x 69B)
Class org.gradle.api.internal.classpath.ManifestUtil                                  : loaded 2 times (x 69B)
Class org.gradle.api.specs.Spec                                                       : loaded 2 times (x 68B)
Class org.gradle.internal.IoActions                                                   : loaded 2 times (x 69B)
Class jdk.internal.jimage.decompressor.StringSharingDecompressorFactory               : loaded 2 times (x 72B)
Class org.gradle.api.internal.classpath.EffectiveClassPath                            : loaded 2 times (x 88B)
Class org.gradle.internal.installation.CurrentGradleInstallation                      : loaded 2 times (x 71B)
Class org.gradle.internal.installation.CurrentGradleInstallationLocator               : loaded 2 times (x 69B)
Class org.gradle.api.internal.classpath.Module                                        : loaded 2 times (x 68B)
Class org.gradle.internal.service.CachingServiceLocator                               : loaded 2 times (x 80B)
Class org.gradle.internal.classpath.DefaultClassPath                                  : loaded 2 times (x 88B)
Class org.gradle.api.Transformer                                                      : loaded 2 times (x 68B)
Class jdk.internal.jimage.BasicImageReader                                            : loaded 2 times (x 93B)
Class jdk.internal.jimage.ImageLocation                                               : loaded 2 times (x 88B)
Class jdk.internal.jimage.ImageReader$Node                                            : loaded 2 times (x 82B)
Class jdk.internal.jimage.decompressor.CompressedResourceHeader                       : loaded 2 times (x 69B)
Class jdk.internal.jrtfs.JrtPath                                                      : loaded 2 times (x 116B)
Class jdk.internal.jimage.ImageStrings                                                : loaded 2 times (x 68B)
Class jdk.internal.jrtfs.JrtFileAttributes                                            : loaded 2 times (x 81B)
Class org.gradle.internal.classloader.SystemClassLoaderSpec                           : loaded 2 times (x 69B)
Class jdk.internal.jimage.decompressor.ResourceDecompressorRepository                 : loaded 2 times (x 69B)
Class org.gradle.api.UncheckedIOException                                             : loaded 2 times (x 80B)
Class jdk.internal.jimage.decompressor.ResourceDecompressor$StringsProvider           : loaded 2 times (x 68B)
Class Program                                                                         : loaded 2 times (x 72B)
Class jdk.internal.jimage.decompressor.Decompressor                                   : loaded 2 times (x 70B)
Class jdk.internal.jrtfs.JrtFileSystem                                                : loaded 2 times (x 100B)
Class jdk.internal.jrtfs.JrtFileSystemProvider                                        : loaded 2 times (x 97B)
Class org.gradle.internal.classloader.ClasspathUtil                                   : loaded 2 times (x 69B)
Class jdk.internal.jrtfs.JrtDirectoryStream                                           : loaded 2 times (x 87B)
Class jdk.internal.jimage.decompressor.ResourceDecompressor                           : loaded 2 times (x 68B)
Class org.gradle.api.internal.DefaultClassPathRegistry                                : loaded 2 times (x 74B)
Class org.gradle.api.internal.classpath.DefaultModuleRegistry$DefaultModule           : loaded 2 times (x 84B)
Class org.gradle.api.internal.classpath.UnknownModuleException                        : loaded 2 times (x 80B)
Class org.gradle.internal.service.ServiceLookupException                              : loaded 2 times (x 80B)
Class jdk.internal.jimage.ImageStringsReader                                          : loaded 2 times (x 78B)
Class org.gradle.cache.GlobalCache                                                    : loaded 2 times (x 68B)
Class jdk.internal.jimage.decompressor.ResourceDecompressorFactory                    : loaded 2 times (x 72B)
Class [Lorg.gradle.api.internal.ClassPathProvider;                                    : loaded 2 times (x 67B)
Class jdk.internal.jimage.ImageReader$SharedImageReader$LocationVisitor               : loaded 2 times (x 68B)
Class org.gradle.util.internal.GUtil                                                  : loaded 2 times (x 69B)
Class jdk.internal.jimage.decompressor.ZipDecompressor                                : loaded 2 times (x 73B)
Class org.gradle.internal.classloader.ClassLoaderSpec                                 : loaded 2 times (x 69B)
Class org.gradle.internal.classloader.VisitableURLClassLoader                         : loaded 2 times (x 114B)
Class org.gradle.internal.Cast                                                        : loaded 2 times (x 69B)
Class org.gradle.api.internal.ClassPathRegistry                                       : loaded 2 times (x 68B)
Class org.gradle.internal.classloader.ClassLoaderHierarchy                            : loaded 2 times (x 68B)
Class jdk.internal.jimage.ImageReader                                                 : loaded 2 times (x 73B)
Class org.gradle.internal.service.ServiceLocator                                      : loaded 2 times (x 68B)
Class org.gradle.internal.classpath.DefaultClassPath$ImmutableUniqueList              : loaded 2 times (x 159B)
Class jdk.internal.jimage.ImageBufferCache                                            : loaded 2 times (x 69B)
Class jdk.internal.jimage.ImageReader$Directory                                       : loaded 2 times (x 82B)


---------------  S Y S T E M  ---------------

OS:
 Windows 11 , 64 bit Build 22000 (10.0.22000.2538)
OS uptime: 2 days 0:33 hours

CPU: total 2 (initial active 2) (2 cores per cpu, 1 threads per core) family 21 model 112 stepping 0 microcode 0x0, cx8, cmov, fxsr, mmx, 3dnowpref, sse, sse2, sse3, ssse3, sse4a, sse4.1, sse4.2, popcnt, lzcnt, tsc, tscinvbit, avx, avx2, aes, clmul, bmi1, bmi2, fma, vzeroupper, clflush

Memory: 4k page, system-wide physical 3973M (301M free)
TotalPageFile size 7943M (AvailPageFile size 128M)
current process WorkingSet (physical memory assigned to process): 370M, peak: 568M
current process commit charge ("private bytes"): 612M, peak: 617M

vm_info: OpenJDK 64-Bit Server VM (17.0.7+0-b2043.56-10550314) for windows-amd64 JRE (17.0.7+0-b2043.56-10550314), built on Jul 24 2023 18:27:45 by "androidbuild" with MS VC++ 16.10 / 16.11 (VS2019)

END.
