#
# There is insufficient memory for the Java Runtime Environment to continue.
# Native memory allocation (malloc) failed to allocate 85696 bytes for Chunk::new
# Possible reasons:
#   The system is out of physical RAM or swap space
#   The process is running with CompressedOops enabled, and the Java Heap may be blocking the growth of the native heap
# Possible solutions:
#   Reduce memory load on the system
#   Increase physical memory or swap space
#   Check if swap backing store is full
#   Decrease Java heap size (-Xmx/-Xms)
#   Decrease number of Java threads
#   Decrease Java thread stack sizes (-Xss)
#   Set larger code cache with -XX:ReservedCodeCacheSize=
#   JVM is running with Unscaled Compressed Oops mode in which the Java heap is
#     placed in the first 4GB address space. The Java Heap base address is the
#     maximum limit for the native heap growth. Please use -XX:HeapBaseMinAddress
#     to set the Java Heap base and to place the Java Heap above 4GB virtual address.
# This output file may be truncated or incomplete.
#
#  Out of Memory Error (arena.cpp:189), pid=7112, tid=7300
#
# JRE version: OpenJDK Runtime Environment (17.0.7) (build 17.0.7+0-b2043.56-10550314)
# Java VM: OpenJDK 64-Bit Server VM (17.0.7+0-b2043.56-10550314, mixed mode, tiered, compressed oops, compressed class ptrs, g1 gc, windows-amd64)
# No core dump will be written. Minidumps are not enabled by default on client versions of Windows
#

---------------  S U M M A R Y ------------

Command Line: -Dorg.gradle.appname=gradlew org.gradle.wrapper.GradleWrapperMain -q -Ptarget-platform=android-arm64 -Ptarget=D:\SEMESTER 4\belajar_flutter\lib\main.dart -Pbase-application-name=android.app.Application -Pdart-defines=RkxVVFRFUl9XRUJfQVVUT19ERVRFQ1Q9dHJ1ZQ==,RkxVVFRFUl9XRUJfQ0FOVkFTS0lUX1VSTD1odHRwczovL3d3dy5nc3RhdGljLmNvbS9mbHV0dGVyLWNhbnZhc2tpdC8wNDgxN2M5OWM5ZmQ0OTU2ZjI3NTA1MjA0ZjdlMzQ0MzM1ODEwYWVkLw== -Pdart-obfuscation=false -Ptrack-widget-creation=true -Ptree-shake-icons=false -Pfilesystem-scheme=org-dartlang-root assembleDebug

Host: AMD A6-9220C RADEON R5, 5 COMPUTE CORES 2C+3G  , 2 cores, 3G,  Windows 11 , 64 bit Build 22000 (10.0.22000.2538)
Time: Wed Feb 28 20:27:54 2024 Malay Peninsula Standard Time elapsed time: 32.455857 seconds (0d 0h 0m 32s)

---------------  T H R E A D  ---------------

Current thread (0x000001d27a7e77f0):  JavaThread "C2 CompilerThread0" daemon [_thread_in_native, id=7300, stack(0x00000046a0800000,0x00000046a0900000)]


Current CompileTask:
C2:  32486  532   !   4       java.util.zip.ZipFile$Source::checkAndAddEntry (209 bytes)

Stack: [0x00000046a0800000,0x00000046a0900000]
Native frames: (J=compiled Java code, j=interpreted, Vv=VM code, C=native code)
V  [jvm.dll+0x683bfa]
V  [jvm.dll+0x8430a4]
V  [jvm.dll+0x8449be]
V  [jvm.dll+0x845023]
V  [jvm.dll+0x24ad2f]
V  [jvm.dll+0xac25c]
V  [jvm.dll+0xac82c]
V  [jvm.dll+0x2b218f]
V  [jvm.dll+0x58c2f7]
V  [jvm.dll+0x225a12]
V  [jvm.dll+0x21ed62]
V  [jvm.dll+0x21c56b]
V  [jvm.dll+0x1a605d]
V  [jvm.dll+0x22c148]
V  [jvm.dll+0x22a209]
V  [jvm.dll+0x7f858c]
V  [jvm.dll+0x7f2aea]
V  [jvm.dll+0x682a35]
C  [ucrtbase.dll+0x26c0c]
C  [KERNEL32.DLL+0x153e0]
C  [ntdll.dll+0x485b]


---------------  P R O C E S S  ---------------

Threads class SMR info:
_java_thread_list=0x000001d27ab4cc80, length=12, elements={
0x000001d263d1cf60, 0x000001d27a791170, 0x000001d27a791fe0, 0x000001d27a7e3a10,
0x000001d27a7e4590, 0x000001d27a7e60b0, 0x000001d27a7e6a60, 0x000001d27a7e77f0,
0x000001d27a7e8290, 0x000001d27a7e9420, 0x000001d27ab769e0, 0x000001d27ab8d630
}

Java Threads: ( => current thread )
  0x000001d263d1cf60 JavaThread "main" [_thread_in_vm, id=4912, stack(0x000000469fb00000,0x000000469fc00000)]
  0x000001d27a791170 JavaThread "Reference Handler" daemon [_thread_blocked, id=4012, stack(0x00000046a0200000,0x00000046a0300000)]
  0x000001d27a791fe0 JavaThread "Finalizer" daemon [_thread_blocked, id=5288, stack(0x00000046a0300000,0x00000046a0400000)]
  0x000001d27a7e3a10 JavaThread "Signal Dispatcher" daemon [_thread_blocked, id=5140, stack(0x00000046a0400000,0x00000046a0500000)]
  0x000001d27a7e4590 JavaThread "Attach Listener" daemon [_thread_blocked, id=11972, stack(0x00000046a0500000,0x00000046a0600000)]
  0x000001d27a7e60b0 JavaThread "Service Thread" daemon [_thread_blocked, id=1184, stack(0x00000046a0600000,0x00000046a0700000)]
  0x000001d27a7e6a60 JavaThread "Monitor Deflation Thread" daemon [_thread_blocked, id=1920, stack(0x00000046a0700000,0x00000046a0800000)]
=>0x000001d27a7e77f0 JavaThread "C2 CompilerThread0" daemon [_thread_in_native, id=7300, stack(0x00000046a0800000,0x00000046a0900000)]
  0x000001d27a7e8290 JavaThread "C1 CompilerThread0" daemon [_thread_in_native, id=6140, stack(0x00000046a0900000,0x00000046a0a00000)]
  0x000001d27a7e9420 JavaThread "Sweeper thread" daemon [_thread_blocked, id=6636, stack(0x00000046a0a00000,0x00000046a0b00000)]
  0x000001d27ab769e0 JavaThread "Notification Thread" daemon [_thread_blocked, id=4512, stack(0x00000046a0b00000,0x00000046a0c00000)]
  0x000001d27ab8d630 JavaThread "Common-Cleaner" daemon [_thread_blocked, id=1896, stack(0x00000046a0d00000,0x00000046a0e00000)]

Other Threads:
  0x000001d263deebd0 VMThread "VM Thread" [stack: 0x00000046a0100000,0x00000046a0200000] [id=2704]
  0x000001d27ab772c0 WatcherThread [stack: 0x00000046a0c00000,0x00000046a0d00000] [id=5352]
  0x000001d263d57a90 GCTaskThread "GC Thread#0" [stack: 0x000000469fc00000,0x000000469fd00000] [id=6644]
  0x000001d27ac14230 GCTaskThread "GC Thread#1" [stack: 0x00000046a0e00000,0x00000046a0f00000] [id=6728]
  0x000001d263d60610 ConcurrentGCThread "G1 Main Marker" [stack: 0x000000469fd00000,0x000000469fe00000] [id=8628]
  0x000001d263d61020 ConcurrentGCThread "G1 Conc#0" [stack: 0x000000469fe00000,0x000000469ff00000] [id=3252]
  0x000001d263da7a30 ConcurrentGCThread "G1 Refine#0" [stack: 0x000000469ff00000,0x00000046a0000000] [id=6248]
  0x000001d263da8450 ConcurrentGCThread "G1 Service" [stack: 0x00000046a0000000,0x00000046a0100000] [id=5296]

Threads with active compile tasks:
C2 CompilerThread0    34885  532   !   4       java.util.zip.ZipFile$Source::checkAndAddEntry (209 bytes)
C1 CompilerThread0    34885  534   !   3       jdk.internal.loader.BuiltinClassLoader::loadClassOrNull (143 bytes)

VM state: not at safepoint (normal execution)

VM Mutex/Monitor currently owned by a thread: None

OutOfMemory and StackOverflow Exception counts:
OutOfMemoryError java_heap_errors=1
LinkageErrors=1

Heap address: 0x00000000c1e00000, size: 994 MB, Compressed Oops mode: 32-bit

CDS archive(s) not mapped
Compressed class space mapped at: 0x0000000100000000-0x0000000140000000, reserved size: 1073741824
Narrow klass base: 0x0000000000000000, Narrow klass shift: 3, Narrow klass range: 0x140000000

GC Precious Log:
 CPUs: 2 total, 2 available
 Memory: 3973M
 Large Page Support: Disabled
 NUMA Support: Disabled
 Compressed Oops: Enabled (32-bit)
 Heap Region Size: 1M
 Heap Min Capacity: 8M
 Heap Initial Capacity: 64M
 Heap Max Capacity: 994M
 Pre-touch: Disabled
 Parallel Workers: 2
 Concurrent Workers: 1
 Concurrent Refinement Workers: 2
 Periodic GC: Disabled

Heap:
 garbage-first heap   total 65536K, used 2284K [0x00000000c1e00000, 0x0000000100000000)
  region size 1024K, 2 young (2048K), 1 survivors (1024K)
 Metaspace       used 8403K, committed 8512K, reserved 1114112K
  class space    used 739K, committed 768K, reserved 1048576K

Heap Regions: E=young(eden), S=young(survivor), O=old, HS=humongous(starts), HC=humongous(continues), CS=collection set, F=free, OA=open archive, CA=closed archive, TAMS=top-at-mark-start (previous, next)
|   0|0x00000000c1e00000, 0x00000000c1f00000, 0x00000000c1f00000|100%| O|  |TAMS 0x00000000c1e00000, 0x00000000c1e00000| Untracked 
|   1|0x00000000c1f00000, 0x00000000c1fc6e00, 0x00000000c2000000| 77%| O|  |TAMS 0x00000000c1f00000, 0x00000000c1f00000| Untracked 
|   2|0x00000000c2000000, 0x00000000c2000000, 0x00000000c2100000|  0%| F|  |TAMS 0x00000000c2000000, 0x00000000c2000000| Untracked 
|   3|0x00000000c2100000, 0x00000000c2100000, 0x00000000c2200000|  0%| F|  |TAMS 0x00000000c2100000, 0x00000000c2100000| Untracked 
|   4|0x00000000c2200000, 0x00000000c2200000, 0x00000000c2300000|  0%| F|  |TAMS 0x00000000c2200000, 0x00000000c2200000| Untracked 
|   5|0x00000000c2300000, 0x00000000c2300000, 0x00000000c2400000|  0%| F|  |TAMS 0x00000000c2300000, 0x00000000c2300000| Untracked 
|   6|0x00000000c2400000, 0x00000000c2400000, 0x00000000c2500000|  0%| F|  |TAMS 0x00000000c2400000, 0x00000000c2400000| Untracked 
|   7|0x00000000c2500000, 0x00000000c2500000, 0x00000000c2600000|  0%| F|  |TAMS 0x00000000c2500000, 0x00000000c2500000| Untracked 
|   8|0x00000000c2600000, 0x00000000c2600000, 0x00000000c2700000|  0%| F|  |TAMS 0x00000000c2600000, 0x00000000c2600000| Untracked 
|   9|0x00000000c2700000, 0x00000000c2700000, 0x00000000c2800000|  0%| F|  |TAMS 0x00000000c2700000, 0x00000000c2700000| Untracked 
|  10|0x00000000c2800000, 0x00000000c2800000, 0x00000000c2900000|  0%| F|  |TAMS 0x00000000c2800000, 0x00000000c2800000| Untracked 
|  11|0x00000000c2900000, 0x00000000c2900000, 0x00000000c2a00000|  0%| F|  |TAMS 0x00000000c2900000, 0x00000000c2900000| Untracked 
|  12|0x00000000c2a00000, 0x00000000c2a00000, 0x00000000c2b00000|  0%| F|  |TAMS 0x00000000c2a00000, 0x00000000c2a00000| Untracked 
|  13|0x00000000c2b00000, 0x00000000c2b00000, 0x00000000c2c00000|  0%| F|  |TAMS 0x00000000c2b00000, 0x00000000c2b00000| Untracked 
|  14|0x00000000c2c00000, 0x00000000c2c00000, 0x00000000c2d00000|  0%| F|  |TAMS 0x00000000c2c00000, 0x00000000c2c00000| Untracked 
|  15|0x00000000c2d00000, 0x00000000c2d00000, 0x00000000c2e00000|  0%| F|  |TAMS 0x00000000c2d00000, 0x00000000c2d00000| Untracked 
|  16|0x00000000c2e00000, 0x00000000c2e00000, 0x00000000c2f00000|  0%| F|  |TAMS 0x00000000c2e00000, 0x00000000c2e00000| Untracked 
|  17|0x00000000c2f00000, 0x00000000c2f00000, 0x00000000c3000000|  0%| F|  |TAMS 0x00000000c2f00000, 0x00000000c2f00000| Untracked 
|  18|0x00000000c3000000, 0x00000000c3000000, 0x00000000c3100000|  0%| F|  |TAMS 0x00000000c3000000, 0x00000000c3000000| Untracked 
|  19|0x00000000c3100000, 0x00000000c3100000, 0x00000000c3200000|  0%| F|  |TAMS 0x00000000c3100000, 0x00000000c3100000| Untracked 
|  20|0x00000000c3200000, 0x00000000c3200000, 0x00000000c3300000|  0%| F|  |TAMS 0x00000000c3200000, 0x00000000c3200000| Untracked 
|  21|0x00000000c3300000, 0x00000000c3300000, 0x00000000c3400000|  0%| F|  |TAMS 0x00000000c3300000, 0x00000000c3300000| Untracked 
|  22|0x00000000c3400000, 0x00000000c3400000, 0x00000000c3500000|  0%| F|  |TAMS 0x00000000c3400000, 0x00000000c3400000| Untracked 
|  23|0x00000000c3500000, 0x00000000c3500000, 0x00000000c3600000|  0%| F|  |TAMS 0x00000000c3500000, 0x00000000c3500000| Untracked 
|  24|0x00000000c3600000, 0x00000000c3600000, 0x00000000c3700000|  0%| F|  |TAMS 0x00000000c3600000, 0x00000000c3600000| Untracked 
|  25|0x00000000c3700000, 0x00000000c3700000, 0x00000000c3800000|  0%| F|  |TAMS 0x00000000c3700000, 0x00000000c3700000| Untracked 
|  26|0x00000000c3800000, 0x00000000c3800000, 0x00000000c3900000|  0%| F|  |TAMS 0x00000000c3800000, 0x00000000c3800000| Untracked 
|  27|0x00000000c3900000, 0x00000000c3900000, 0x00000000c3a00000|  0%| F|  |TAMS 0x00000000c3900000, 0x00000000c3900000| Untracked 
|  28|0x00000000c3a00000, 0x00000000c3a00000, 0x00000000c3b00000|  0%| F|  |TAMS 0x00000000c3a00000, 0x00000000c3a00000| Untracked 
|  29|0x00000000c3b00000, 0x00000000c3b00000, 0x00000000c3c00000|  0%| F|  |TAMS 0x00000000c3b00000, 0x00000000c3b00000| Untracked 
|  30|0x00000000c3c00000, 0x00000000c3c00000, 0x00000000c3d00000|  0%| F|  |TAMS 0x00000000c3c00000, 0x00000000c3c00000| Untracked 
|  31|0x00000000c3d00000, 0x00000000c3d00000, 0x00000000c3e00000|  0%| F|  |TAMS 0x00000000c3d00000, 0x00000000c3d00000| Untracked 
|  32|0x00000000c3e00000, 0x00000000c3e00000, 0x00000000c3f00000|  0%| F|  |TAMS 0x00000000c3e00000, 0x00000000c3e00000| Untracked 
|  33|0x00000000c3f00000, 0x00000000c3f00000, 0x00000000c4000000|  0%| F|  |TAMS 0x00000000c3f00000, 0x00000000c3f00000| Untracked 
|  34|0x00000000c4000000, 0x00000000c4000000, 0x00000000c4100000|  0%| F|  |TAMS 0x00000000c4000000, 0x00000000c4000000| Untracked 
|  35|0x00000000c4100000, 0x00000000c4100000, 0x00000000c4200000|  0%| F|  |TAMS 0x00000000c4100000, 0x00000000c4100000| Untracked 
|  36|0x00000000c4200000, 0x00000000c4200000, 0x00000000c4300000|  0%| F|  |TAMS 0x00000000c4200000, 0x00000000c4200000| Untracked 
|  37|0x00000000c4300000, 0x00000000c4300000, 0x00000000c4400000|  0%| F|  |TAMS 0x00000000c4300000, 0x00000000c4300000| Untracked 
|  38|0x00000000c4400000, 0x00000000c4400000, 0x00000000c4500000|  0%| F|  |TAMS 0x00000000c4400000, 0x00000000c4400000| Untracked 
|  39|0x00000000c4500000, 0x00000000c4500000, 0x00000000c4600000|  0%| F|  |TAMS 0x00000000c4500000, 0x00000000c4500000| Untracked 
|  40|0x00000000c4600000, 0x00000000c4600000, 0x00000000c4700000|  0%| F|  |TAMS 0x00000000c4600000, 0x00000000c4600000| Untracked 
|  41|0x00000000c4700000, 0x00000000c4700000, 0x00000000c4800000|  0%| F|  |TAMS 0x00000000c4700000, 0x00000000c4700000| Untracked 
|  42|0x00000000c4800000, 0x00000000c4800000, 0x00000000c4900000|  0%| F|  |TAMS 0x00000000c4800000, 0x00000000c4800000| Untracked 
|  43|0x00000000c4900000, 0x00000000c4900000, 0x00000000c4a00000|  0%| F|  |TAMS 0x00000000c4900000, 0x00000000c4900000| Untracked 
|  44|0x00000000c4a00000, 0x00000000c4a00000, 0x00000000c4b00000|  0%| F|  |TAMS 0x00000000c4a00000, 0x00000000c4a00000| Untracked 
|  45|0x00000000c4b00000, 0x00000000c4b00000, 0x00000000c4c00000|  0%| F|  |TAMS 0x00000000c4b00000, 0x00000000c4b00000| Untracked 
|  46|0x00000000c4c00000, 0x00000000c4c00000, 0x00000000c4d00000|  0%| F|  |TAMS 0x00000000c4c00000, 0x00000000c4c00000| Untracked 
|  47|0x00000000c4d00000, 0x00000000c4d00000, 0x00000000c4e00000|  0%| F|  |TAMS 0x00000000c4d00000, 0x00000000c4d00000| Untracked 
|  48|0x00000000c4e00000, 0x00000000c4e00000, 0x00000000c4f00000|  0%| F|  |TAMS 0x00000000c4e00000, 0x00000000c4e00000| Untracked 
|  49|0x00000000c4f00000, 0x00000000c4f00000, 0x00000000c5000000|  0%| F|  |TAMS 0x00000000c4f00000, 0x00000000c4f00000| Untracked 
|  50|0x00000000c5000000, 0x00000000c5000000, 0x00000000c5100000|  0%| F|  |TAMS 0x00000000c5000000, 0x00000000c5000000| Untracked 
|  51|0x00000000c5100000, 0x00000000c5100000, 0x00000000c5200000|  0%| F|  |TAMS 0x00000000c5100000, 0x00000000c5100000| Untracked 
|  52|0x00000000c5200000, 0x00000000c5200000, 0x00000000c5300000|  0%| F|  |TAMS 0x00000000c5200000, 0x00000000c5200000| Untracked 
|  53|0x00000000c5300000, 0x00000000c5300000, 0x00000000c5400000|  0%| F|  |TAMS 0x00000000c5300000, 0x00000000c5300000| Untracked 
|  54|0x00000000c5400000, 0x00000000c5400000, 0x00000000c5500000|  0%| F|  |TAMS 0x00000000c5400000, 0x00000000c5400000| Untracked 
|  55|0x00000000c5500000, 0x00000000c5500000, 0x00000000c5600000|  0%| F|  |TAMS 0x00000000c5500000, 0x00000000c5500000| Untracked 
|  56|0x00000000c5600000, 0x00000000c5600000, 0x00000000c5700000|  0%| F|  |TAMS 0x00000000c5600000, 0x00000000c5600000| Untracked 
|  57|0x00000000c5700000, 0x00000000c5700000, 0x00000000c5800000|  0%| F|  |TAMS 0x00000000c5700000, 0x00000000c5700000| Untracked 
|  58|0x00000000c5800000, 0x00000000c5874268, 0x00000000c5900000| 45%| S|CS|TAMS 0x00000000c5800000, 0x00000000c5800000| Complete 
|  59|0x00000000c5900000, 0x00000000c5900000, 0x00000000c5a00000|  0%| F|  |TAMS 0x00000000c5900000, 0x00000000c5900000| Untracked 
|  60|0x00000000c5a00000, 0x00000000c5a00000, 0x00000000c5b00000|  0%| F|  |TAMS 0x00000000c5a00000, 0x00000000c5a00000| Untracked 
|  61|0x00000000c5b00000, 0x00000000c5b00000, 0x00000000c5c00000|  0%| F|  |TAMS 0x00000000c5b00000, 0x00000000c5b00000| Untracked 
|  62|0x00000000c5c00000, 0x00000000c5c00000, 0x00000000c5d00000|  0%| F|  |TAMS 0x00000000c5c00000, 0x00000000c5c00000| Untracked 
|  63|0x00000000c5d00000, 0x00000000c5dbaf88, 0x00000000c5e00000| 73%| E|  |TAMS 0x00000000c5d00000, 0x00000000c5d00000| Complete 

Card table byte_map: [0x000001d276200000,0x000001d276400000] _byte_map_base: 0x000001d275bf1000

Marking Bits (Prev, Next): (CMBitMap*) 0x000001d263d580a0, (CMBitMap*) 0x000001d263d580e0
 Prev Bits: [0x000001d276600000, 0x000001d277588000)
 Next Bits: [0x000001d277590000, 0x000001d278518000)

Polling page: 0x000001d2634f0000

Metaspace:

Usage:
  Non-class:      7.48 MB used.
      Class:    739.44 KB used.
       Both:      8.21 MB used.

Virtual space:
  Non-class space:       64.00 MB reserved,       7.56 MB ( 12%) committed,  1 nodes.
      Class space:        1.00 GB reserved,     768.00 KB ( <1%) committed,  1 nodes.
             Both:        1.06 GB reserved,       8.31 MB ( <1%) committed. 

Chunk freelists:
   Non-Class:  8.29 MB
       Class:  15.19 MB
        Both:  23.48 MB

MaxMetaspaceSize: unlimited
CompressedClassSpaceSize: 1.00 GB
Initial GC threshold: 21.00 MB
Current GC threshold: 21.00 MB
CDS: off
MetaspaceReclaimPolicy: balanced
 - commit_granule_bytes: 65536.
 - commit_granule_words: 8192.
 - virtual_space_node_default_size: 8388608.
 - enlarge_chunks_in_place: 1.
 - new_chunks_are_fully_committed: 0.
 - uncommit_free_chunks: 1.
 - use_allocation_guard: 0.
 - handle_deallocations: 1.


Internal statistics:

num_allocs_failed_limit: 0.
num_arena_births: 14.
num_arena_deaths: 0.
num_vsnodes_births: 2.
num_vsnodes_deaths: 0.
num_space_committed: 133.
num_space_uncommitted: 0.
num_chunks_returned_to_freelist: 0.
num_chunks_taken_from_freelist: 58.
num_chunk_merges: 0.
num_chunk_splits: 25.
num_chunks_enlarged: 18.
num_inconsistent_stats: 0.

CodeHeap 'non-profiled nmethods': size=120064Kb used=177Kb max_used=177Kb free=119887Kb
 bounds [0x000001d26ecc0000, 0x000001d26ef30000, 0x000001d276200000]
CodeHeap 'profiled nmethods': size=120000Kb used=808Kb max_used=808Kb free=119191Kb
 bounds [0x000001d267200000, 0x000001d267470000, 0x000001d26e730000]
CodeHeap 'non-nmethods': size=5696Kb used=1120Kb max_used=1138Kb free=4575Kb
 bounds [0x000001d26e730000, 0x000001d26e9a0000, 0x000001d26ecc0000]
 total_blobs=934 nmethods=529 adapters=319
 compilation: enabled
              stopped_count=0, restarted_count=0
 full_count=0

Compilation events (20 events):
Event: 29.711 Thread 0x000001d27a7e8290 nmethod 522 0x000001d2672c5810 code [0x000001d2672c5a60, 0x000001d2672c6368]
Event: 29.711 Thread 0x000001d27a7e8290  523       3       java.util.LinkedList::add (7 bytes)
Event: 29.712 Thread 0x000001d27a7e8290 nmethod 523 0x000001d2672c6690 code [0x000001d2672c6840, 0x000001d2672c6988]
Event: 29.712 Thread 0x000001d27a7e8290  524       3       java.util.LinkedList::linkLast (59 bytes)
Event: 29.712 Thread 0x000001d27a7e8290 nmethod 524 0x000001d2672c6a10 code [0x000001d2672c6be0, 0x000001d2672c7038]
Event: 29.712 Thread 0x000001d27a7e8290  525       3       java.nio.Buffer::position (52 bytes)
Event: 29.713 Thread 0x000001d27a7e8290 nmethod 525 0x000001d2672c7190 code [0x000001d2672c7340, 0x000001d2672c75c8]
Event: 29.836 Thread 0x000001d27a7e8290  526   !   3       jdk.internal.ref.PhantomCleanable::insert (53 bytes)
Event: 29.836 Thread 0x000001d27a7e8290 nmethod 526 0x000001d2672c7690 code [0x000001d2672c7840, 0x000001d2672c7bb8]
Event: 30.093 Thread 0x000001d27a7e8290  527   !   3       jdk.internal.loader.URLClassPath$JarLoader::getResource (65 bytes)
Event: 30.094 Thread 0x000001d27a7e8290 nmethod 527 0x000001d2672c7d10 code [0x000001d2672c7f60, 0x000001d2672c8988]
Event: 30.298 Thread 0x000001d27a7e8290  528       3       sun.nio.fs.WindowsFileAttributes::lastModifiedTime (8 bytes)
Event: 30.299 Thread 0x000001d27a7e8290 nmethod 528 0x000001d2672c8d10 code [0x000001d2672c8ea0, 0x000001d2672c8fe8]
Event: 30.299 Thread 0x000001d27a7e8290  529   !   3       sun.nio.fs.WindowsFileAttributes::toFileTime (47 bytes)
Event: 30.300 Thread 0x000001d27a7e8290 nmethod 529 0x000001d2672c9090 code [0x000001d2672c9280, 0x000001d2672c9528]
Event: 30.300 Thread 0x000001d27a7e8290  530       3       java.lang.Math::addExact (32 bytes)
Event: 30.300 Thread 0x000001d27a7e8290 nmethod 530 0x000001d2672c9690 code [0x000001d2672c9840, 0x000001d2672c9a48]
Event: 30.300 Thread 0x000001d27a7e8290  531       3       java.lang.Math::multiplyExact (74 bytes)
Event: 30.301 Thread 0x000001d27a7e8290 nmethod 531 0x000001d2672c9b10 code [0x000001d2672c9ce0, 0x000001d2672ca208]
Event: 30.740 Thread 0x000001d27a7e77f0  532   !   4       java.util.zip.ZipFile$Source::checkAndAddEntry (209 bytes)

GC Heap History (4 events):
Event: 23.067 GC heap before
{Heap before GC invocations=0 (full 0):
 garbage-first heap   total 65536K, used 6144K [0x00000000c1e00000, 0x0000000100000000)
  region size 1024K, 6 young (6144K), 0 survivors (0K)
 Metaspace       used 8184K, committed 8320K, reserved 1114112K
  class space    used 725K, committed 768K, reserved 1048576K
}
Event: 23.077 GC heap after
{Heap after GC invocations=1 (full 0):
 garbage-first heap   total 65536K, used 1570K [0x00000000c1e00000, 0x0000000100000000)
  region size 1024K, 1 young (1024K), 1 survivors (1024K)
 Metaspace       used 8184K, committed 8320K, reserved 1114112K
  class space    used 725K, committed 768K, reserved 1048576K
}
Event: 30.724 GC heap before
{Heap before GC invocations=1 (full 0):
 garbage-first heap   total 65536K, used 5666K [0x00000000c1e00000, 0x0000000100000000)
  region size 1024K, 6 young (6144K), 1 survivors (1024K)
 Metaspace       used 8360K, committed 8512K, reserved 1114112K
  class space    used 734K, committed 768K, reserved 1048576K
}
Event: 30.729 GC heap after
{Heap after GC invocations=2 (full 0):
 garbage-first heap   total 65536K, used 2284K [0x00000000c1e00000, 0x0000000100000000)
  region size 1024K, 1 young (1024K), 1 survivors (1024K)
 Metaspace       used 8360K, committed 8512K, reserved 1114112K
  class space    used 734K, committed 768K, reserved 1048576K
}

Dll operation events (2 events):
Event: 0.858 Loaded shared library C:\Program Files\Android\Android Studio\jbr\bin\java.dll
Event: 12.992 Loaded shared library C:\Program Files\Android\Android Studio\jbr\bin\verify.dll

Deoptimization events (20 events):
Event: 14.974 Thread 0x000001d263d1cf60 DEOPT PACKING pc=0x000001d26724f50c sp=0x000000469fbf9760
Event: 14.974 Thread 0x000001d263d1cf60 DEOPT UNPACKING pc=0x000001d26e787143 sp=0x000000469fbf8bf0 mode 0
Event: 14.974 Thread 0x000001d263d1cf60 DEOPT PACKING pc=0x000001d26724f50c sp=0x000000469fbf9760
Event: 14.974 Thread 0x000001d263d1cf60 DEOPT UNPACKING pc=0x000001d26e787143 sp=0x000000469fbf8bf0 mode 0
Event: 15.186 Thread 0x000001d263d1cf60 DEOPT PACKING pc=0x000001d267218fe7 sp=0x000000469fbfd690
Event: 15.186 Thread 0x000001d263d1cf60 DEOPT UNPACKING pc=0x000001d26e787143 sp=0x000000469fbfcab0 mode 0
Event: 15.689 Thread 0x000001d263d1cf60 DEOPT PACKING pc=0x000001d267215ad1 sp=0x000000469fbfd630
Event: 15.689 Thread 0x000001d263d1cf60 DEOPT UNPACKING pc=0x000001d26e787143 sp=0x000000469fbfcaa8 mode 0
Event: 20.213 Thread 0x000001d263d1cf60 DEOPT PACKING pc=0x000001d26723067e sp=0x000000469fbfd4f0
Event: 20.213 Thread 0x000001d263d1cf60 DEOPT UNPACKING pc=0x000001d26e787143 sp=0x000000469fbfc960 mode 0
Event: 20.640 Thread 0x000001d263d1cf60 DEOPT PACKING pc=0x000001d267249bbe sp=0x000000469fbfd760
Event: 20.640 Thread 0x000001d263d1cf60 DEOPT UNPACKING pc=0x000001d26e787143 sp=0x000000469fbfcbd8 mode 0
Event: 20.640 Thread 0x000001d263d1cf60 DEOPT PACKING pc=0x000001d267249bbe sp=0x000000469fbfd760
Event: 20.640 Thread 0x000001d263d1cf60 DEOPT UNPACKING pc=0x000001d26e787143 sp=0x000000469fbfcbd8 mode 0
Event: 21.907 Thread 0x000001d263d1cf60 DEOPT PACKING pc=0x000001d2672566da sp=0x000000469fbfd240
Event: 21.907 Thread 0x000001d263d1cf60 DEOPT UNPACKING pc=0x000001d26e787143 sp=0x000000469fbfc700 mode 0
Event: 28.839 Thread 0x000001d263d1cf60 Uncommon trap: trap_request=0xffffff45 fr.pc=0x000001d26ecdf66c relative=0x00000000000005ac
Event: 28.839 Thread 0x000001d263d1cf60 Uncommon trap: reason=unstable_if action=reinterpret pc=0x000001d26ecdf66c method=java.util.zip.ZipFile$Source.checkAndAddEntry(II)I @ 50 c2
Event: 28.839 Thread 0x000001d263d1cf60 DEOPT PACKING pc=0x000001d26ecdf66c sp=0x000000469fbfce20
Event: 28.839 Thread 0x000001d263d1cf60 DEOPT UNPACKING pc=0x000001d26e7869a3 sp=0x000000469fbfcd98 mode 2

Classes unloaded (0 events):
No events

Classes redefined (0 events):
No events

Internal exceptions (2 events):
Event: 15.147 Thread 0x000001d263d1cf60 Exception <a 'java/lang/NoSuchMethodError'{0x00000000c5bde720}: 'int java.lang.invoke.DirectMethodHandle$Holder.invokeStaticInit(java.lang.Object, java.lang.Object)'> (0x00000000c5bde720) 
thrown [s\src\hotspot\share\interpreter\linkResolver.cpp, line 771]
Event: 30.777 Thread 0x000001d263d1cf60 Exception <a 'java/lang/OutOfMemoryError'{0x00000000c5d90748}> (0x00000000c5d90748) 
thrown [s\src\hotspot\share\prims\jni.cpp, line 536]

VM Operations (20 events):
Event: 13.923 Executing VM operation: Cleanup
Event: 13.939 Executing VM operation: Cleanup done
Event: 14.953 Executing VM operation: Cleanup
Event: 14.954 Executing VM operation: Cleanup done
Event: 15.975 Executing VM operation: Cleanup
Event: 15.976 Executing VM operation: Cleanup done
Event: 21.032 Executing VM operation: Cleanup
Event: 21.032 Executing VM operation: Cleanup done
Event: 22.035 Executing VM operation: Cleanup
Event: 22.035 Executing VM operation: Cleanup done
Event: 23.067 Executing VM operation: G1CollectForAllocation
Event: 23.078 Executing VM operation: G1CollectForAllocation done
Event: 25.084 Executing VM operation: Cleanup
Event: 25.084 Executing VM operation: Cleanup done
Event: 26.093 Executing VM operation: Cleanup
Event: 26.093 Executing VM operation: Cleanup done
Event: 29.109 Executing VM operation: Cleanup
Event: 29.330 Executing VM operation: Cleanup done
Event: 30.724 Executing VM operation: G1CollectForAllocation
Event: 30.729 Executing VM operation: G1CollectForAllocation done

Events (20 events):
Event: 20.327 loading class java/util/ArrayList$SubList done
Event: 20.625 loading class java/util/Collections$UnmodifiableCollection$1
Event: 20.625 loading class java/util/Collections$UnmodifiableCollection$1 done
Event: 20.645 loading class java/util/Collections$SingletonSet
Event: 20.645 loading class java/util/Collections$SingletonSet done
Event: 20.645 loading class java/util/Collections$1
Event: 20.646 loading class java/util/Collections$1 done
Event: 20.662 loading class java/lang/invoke/DirectMethodHandle$Special
Event: 20.663 loading class java/lang/invoke/DirectMethodHandle$Special done
Event: 28.994 loading class java/io/BufferedReader
Event: 28.994 loading class java/io/BufferedReader done
Event: 28.995 loading class sun/nio/cs/StreamDecoder
Event: 28.995 loading class sun/nio/cs/StreamDecoder done
Event: 28.997 loading class java/util/LinkedList
Event: 29.316 loading class java/util/AbstractSequentialList
Event: 29.317 loading class java/util/AbstractSequentialList done
Event: 29.318 loading class java/util/LinkedList done
Event: 29.330 loading class java/util/LinkedList$Node
Event: 29.330 loading class java/util/LinkedList$Node done
Event: 30.777 loading class java/util/zip/DataFormatException


Dynamic libraries:
0x00007ff7c2520000 - 0x00007ff7c252a000 	C:\Program Files\Android\Android Studio\jbr\bin\java.exe
0x00007ffd87e80000 - 0x00007ffd88089000 	C:\WINDOWS\SYSTEM32\ntdll.dll
0x00007ffd85ce0000 - 0x00007ffd85d9d000 	C:\WINDOWS\System32\KERNEL32.DLL
0x00007ffd85380000 - 0x00007ffd85704000 	C:\WINDOWS\System32\KERNELBASE.dll
0x00007ffd85800000 - 0x00007ffd85911000 	C:\WINDOWS\System32\ucrtbase.dll
0x00007ffd794c0000 - 0x00007ffd794d7000 	C:\Program Files\Android\Android Studio\jbr\bin\jli.dll
0x00007ffd87a50000 - 0x00007ffd87bfd000 	C:\WINDOWS\System32\USER32.dll
0x00007ffd85710000 - 0x00007ffd85736000 	C:\WINDOWS\System32\win32u.dll
0x00007ffd86270000 - 0x00007ffd8629a000 	C:\WINDOWS\System32\GDI32.dll
0x00007ffd85bb0000 - 0x00007ffd85cce000 	C:\WINDOWS\System32\gdi32full.dll
0x00007ffd85920000 - 0x00007ffd859bd000 	C:\WINDOWS\System32\msvcp_win.dll
0x00007ffd78600000 - 0x00007ffd7861b000 	C:\Program Files\Android\Android Studio\jbr\bin\VCRUNTIME140.dll
0x00007ffd6f600000 - 0x00007ffd6f8a5000 	C:\WINDOWS\WinSxS\amd64_microsoft.windows.common-controls_6595b64144ccf1df_6.0.22000.120_none_9d947278b86cc467\COMCTL32.dll
0x00007ffd86a80000 - 0x00007ffd86b23000 	C:\WINDOWS\System32\msvcrt.dll
0x00007ffd86370000 - 0x00007ffd863a1000 	C:\WINDOWS\System32\IMM32.DLL
0x00007ffd825a0000 - 0x00007ffd825ac000 	C:\Program Files\Android\Android Studio\jbr\bin\vcruntime140_1.dll
0x00007ffd6e3b0000 - 0x00007ffd6e43d000 	C:\Program Files\Android\Android Studio\jbr\bin\msvcp140.dll
0x00007ffd4bde0000 - 0x00007ffd4ca60000 	C:\Program Files\Android\Android Studio\jbr\bin\server\jvm.dll
0x00007ffd87c00000 - 0x00007ffd87cae000 	C:\WINDOWS\System32\ADVAPI32.dll
0x00007ffd874f0000 - 0x00007ffd8758e000 	C:\WINDOWS\System32\sechost.dll
0x00007ffd873c0000 - 0x00007ffd874e1000 	C:\WINDOWS\System32\RPCRT4.dll
0x00007ffd79860000 - 0x00007ffd79869000 	C:\WINDOWS\SYSTEM32\WSOCK32.dll
0x00007ffd863c0000 - 0x00007ffd8642f000 	C:\WINDOWS\System32\WS2_32.dll
0x00007ffd7e5b0000 - 0x00007ffd7e5e3000 	C:\WINDOWS\SYSTEM32\WINMM.dll
0x00007ffd7e5f0000 - 0x00007ffd7e5fa000 	C:\WINDOWS\SYSTEM32\VERSION.dll
0x00007ffd84380000 - 0x00007ffd84398000 	C:\WINDOWS\SYSTEM32\kernel.appcore.dll
0x00007ffd79790000 - 0x00007ffd7979a000 	C:\Program Files\Android\Android Studio\jbr\bin\jimage.dll
0x00007ffd79f00000 - 0x00007ffd7a121000 	C:\WINDOWS\SYSTEM32\DBGHELP.DLL
0x00007ffd73cf0000 - 0x00007ffd73d21000 	C:\WINDOWS\SYSTEM32\dbgcore.DLL
0x00007ffd85b30000 - 0x00007ffd85baf000 	C:\WINDOWS\System32\bcryptPrimitives.dll
0x00007ffd77e80000 - 0x00007ffd77ea5000 	C:\Program Files\Android\Android Studio\jbr\bin\java.dll
0x00007ffd77e60000 - 0x00007ffd77e78000 	C:\Program Files\Android\Android Studio\jbr\bin\zip.dll
0x00007ffd86bd0000 - 0x00007ffd87395000 	C:\WINDOWS\System32\SHELL32.dll
0x00007ffd833e0000 - 0x00007ffd83c42000 	C:\WINDOWS\SYSTEM32\windows.storage.dll
0x00007ffd85e10000 - 0x00007ffd86186000 	C:\WINDOWS\System32\combase.dll
0x00007ffd83270000 - 0x00007ffd833d7000 	C:\WINDOWS\SYSTEM32\wintypes.dll
0x00007ffd87960000 - 0x00007ffd87a4a000 	C:\WINDOWS\System32\SHCORE.dll
0x00007ffd87cb0000 - 0x00007ffd87d0d000 	C:\WINDOWS\System32\shlwapi.dll
0x00007ffd85240000 - 0x00007ffd85265000 	C:\WINDOWS\SYSTEM32\profapi.dll
0x00007ffd73bb0000 - 0x00007ffd73bc9000 	C:\Program Files\Android\Android Studio\jbr\bin\net.dll
0x00007ffd7bf10000 - 0x00007ffd7c024000 	C:\WINDOWS\SYSTEM32\WINHTTP.dll
0x00007ffd848a0000 - 0x00007ffd84907000 	C:\WINDOWS\system32\mswsock.dll
0x00007ffd701f0000 - 0x00007ffd70206000 	C:\Program Files\Android\Android Studio\jbr\bin\nio.dll
0x00007ffd78d90000 - 0x00007ffd78da0000 	C:\Program Files\Android\Android Studio\jbr\bin\verify.dll

dbghelp: loaded successfully - version: 4.0.5 - missing functions: none
symbol engine: initialized successfully - sym options: 0x614 - pdb path: .;C:\Program Files\Android\Android Studio\jbr\bin;C:\WINDOWS\SYSTEM32;C:\WINDOWS\WinSxS\amd64_microsoft.windows.common-controls_6595b64144ccf1df_6.0.22000.120_none_9d947278b86cc467;C:\Program Files\Android\Android Studio\jbr\bin\server

VM Arguments:
jvm_args: -Dorg.gradle.appname=gradlew 
java_command: org.gradle.wrapper.GradleWrapperMain -q -Ptarget-platform=android-arm64 -Ptarget=D:\SEMESTER 4\belajar_flutter\lib\main.dart -Pbase-application-name=android.app.Application -Pdart-defines=RkxVVFRFUl9XRUJfQVVUT19ERVRFQ1Q9dHJ1ZQ==,RkxVVFRFUl9XRUJfQ0FOVkFTS0lUX1VSTD1odHRwczovL3d3dy5nc3RhdGljLmNvbS9mbHV0dGVyLWNhbnZhc2tpdC8wNDgxN2M5OWM5ZmQ0OTU2ZjI3NTA1MjA0ZjdlMzQ0MzM1ODEwYWVkLw== -Pdart-obfuscation=false -Ptrack-widget-creation=true -Ptree-shake-icons=false -Pfilesystem-scheme=org-dartlang-root assembleDebug
java_class_path (initial): D:\SEMESTER 4\belajar_flutter\android\\gradle\wrapper\gradle-wrapper.jar
Launcher Type: SUN_STANDARD

[Global flags]
     intx CICompilerCount                          = 2                                         {product} {ergonomic}
     uint ConcGCThreads                            = 1                                         {product} {ergonomic}
     uint G1ConcRefinementThreads                  = 2                                         {product} {ergonomic}
   size_t G1HeapRegionSize                         = 1048576                                   {product} {ergonomic}
    uintx GCDrainStackTargetSize                   = 64                                        {product} {ergonomic}
   size_t InitialHeapSize                          = 67108864                                  {product} {ergonomic}
   size_t MarkStackSize                            = 4194304                                   {product} {ergonomic}
   size_t MaxHeapSize                              = 1042284544                                {product} {ergonomic}
   size_t MaxNewSize                               = 624951296                                 {product} {ergonomic}
   size_t MinHeapDeltaBytes                        = 1048576                                   {product} {ergonomic}
   size_t MinHeapSize                              = 8388608                                   {product} {ergonomic}
    uintx NonNMethodCodeHeapSize                   = 5826188                                {pd product} {ergonomic}
    uintx NonProfiledCodeHeapSize                  = 122916026                              {pd product} {ergonomic}
    uintx ProfiledCodeHeapSize                     = 122916026                              {pd product} {ergonomic}
    uintx ReservedCodeCacheSize                    = 251658240                              {pd product} {ergonomic}
     bool SegmentedCodeCache                       = true                                      {product} {ergonomic}
   size_t SoftMaxHeapSize                          = 1042284544                             {manageable} {ergonomic}
     bool UseCompressedClassPointers               = true                           {product lp64_product} {ergonomic}
     bool UseCompressedOops                        = true                           {product lp64_product} {ergonomic}
     bool UseG1GC                                  = true                                      {product} {ergonomic}
     bool UseLargePagesIndividualAllocation        = false                                  {pd product} {ergonomic}

Logging:
Log output configuration:
 #0: stdout all=warning uptime,level,tags
 #1: stderr all=off uptime,level,tags

Environment Variables:
JAVA_HOME=C:\Program Files\Android\Android Studio\jbr
CLASSPATH=D:\SEMESTER 4\belajar_flutter\android\\gradle\wrapper\gradle-wrapper.jar
PATH=C:\Program Files\Android\Android Studio\jbr\bin;C:\Program Files\Common Files\Oracle\Java\javapath;C:\WINDOWS\system32;C:\WINDOWS;C:\WINDOWS\System32\Wbem;C:\WINDOWS\System32\WindowsPowerShell\v1.0\;C:\WINDOWS\System32\OpenSSH\;C:\Program Files\Git\cmd;C:\Users\USER\anaconda3;C:\Users\USER\anaconda3\Library\mingw-w64\bin;C:\Users\USER\anaconda3\Library\usr\bin;C:\Users\USER\anaconda3\Library\bin;C:\Users\USER\anaconda3\Scripts;C:\Users\USER\AppData\Local\Microsoft\WindowsApps;C:\Users\USER\AppData\Local\Programs\Microsoft VS Code\bin;C:\Users\USER\AppData\Local\GitHubDesktop\bin
USERNAME=USER
OS=Windows_NT
PROCESSOR_IDENTIFIER=AMD64 Family 21 Model 112 Stepping 0, AuthenticAMD
TMP=C:\Users\USER\AppData\Local\Temp
TEMP=C:\Users\USER\AppData\Local\Temp


JNI global refs:
JNI global refs: 6, weak refs: 0

JNI global refs memory usage: 843, weak refs: 209

OOME stack traces (most recent first):
Classloader memory used:
Loader bootstrap                                                                       : 1002K
Loader java.net.URLClassLoader                                                         : 29735B
Loader jdk.internal.loader.ClassLoaders$AppClassLoader                                 : 18431B
Loader org.gradle.internal.classloader.VisitableURLClassLoader                         : 1103B


---------------  S Y S T E M  ---------------

OS:
 Windows 11 , 64 bit Build 22000 (10.0.22000.2538)
OS uptime: 2 days 0:33 hours

CPU: total 2 (initial active 2) (2 cores per cpu, 1 threads per core) family 21 model 112 stepping 0 microcode 0x0, cx8, cmov, fxsr, mmx, 3dnowpref, sse, sse2, sse3, ssse3, sse4a, sse4.1, sse4.2, popcnt, lzcnt, tsc, tscinvbit, avx, avx2, aes, clmul, bmi1, bmi2, fma, vzeroupper, clflush

Memory: 4k page, system-wide physical 3973M (274M free)
TotalPageFile size 7943M (AvailPageFile size 1M)
current process WorkingSet (physical memory assigned to process): 46M, peak: 46M
current process commit charge ("private bytes"): 130M, peak: 132M

vm_info: OpenJDK 64-Bit Server VM (17.0.7+0-b2043.56-10550314) for windows-amd64 JRE (17.0.7+0-b2043.56-10550314), built on Jul 24 2023 18:27:45 by "androidbuild" with MS VC++ 16.10 / 16.11 (VS2019)

END.
